#
# A fatal error has been detected by the Java Runtime Environment:
#
#  EXCEPTION_ACCESS_VIOLATION (0xc0000005) at pc=0x00007ffbc5ebc17c, pid=19600, tid=0x0000000000004eb0
#
# JRE version: Java(TM) SE Runtime Environment (8.0_202-b08) (build 1.8.0_202-b08)
# Java VM: Java HotSpot(TM) 64-Bit Server VM (25.202-b08 mixed mode windows-amd64 compressed oops)
# Problematic frame:
# C  [awt.dll+0x6c17c]
#
# Failed to write core dump. Minidumps are not enabled by default on client versions of Windows
#
# If you would like to submit a bug report, please visit:
#   http://bugreport.java.com/bugreport/crash.jsp
# The crash happened outside the Java Virtual Machine in native code.
# See problematic frame for where to report the bug.
#

---------------  T H R E A D  ---------------

Current thread (0x000000001f082000):  JavaThread "AWT-EventQueue-0" [_thread_in_native, id=20144, stack(0x00000000203d0000,0x00000000204d0000)]

siginfo: ExceptionCode=0xc0000005, reading address 0x0000000020320cd0

Registers:
RAX=0x0000000020320cb0, RBX=0x000000001f0821f8, RCX=0x000000001f0821f8, RDX=0x00000000204cb9f8
RSP=0x00000000204cb720, RBP=0x00000000204cb801, RSI=0x00000000204cb9f8, RDI=0x0000000020320cb0
R8 =0x0000000000000042, R9 =0x000000076fa62670, R10=0x0000000000000044, R11=0x0000000077317940
R12=0x00000000204cba10, R13=0x00007ffbc5f964e0, R14=0x0000000000000000, R15=0x0000000000000000
RIP=0x00007ffbc5ebc17c, EFLAGS=0x0000000000010202

Top of Stack: (sp=0x00000000204cb720)
0x00000000204cb720:   00000000204cb880 000000000000000c
0x00000000204cb730:   000000000000000c 0000000076c34a67
0x00000000204cb740:   000000001f0821f8 00007ffbc5e54e56
0x00000000204cb750:   00000000204cba08 00000000204cb850
0x00000000204cb760:   00000000204cb9f8 0000000000000013
0x00000000204cb770:   000000001f082000 0000000000000000
0x00000000204cb780:   0000000000000001 0000000076c7d4b0
0x00000000204cb790:   000000001f082000 00000000204cba00
0x00000000204cb7a0:   0000000000000000 00000000204cb860
0x00000000204cb7b0:   c075c71c00000000 0000000000000013
0x00000000204cb7c0:   000000001f082000 0000000000000000
0x00000000204cb7d0:   0000000000000000 0000000002883401
0x00000000204cb7e0:   000000001b7696b8 0000000000000013
0x00000000204cb7f0:   000000076cef8568 0000000000000000
0x00000000204cb800:   00000000204cb828 0000000000000000
0x00000000204cb810:   0000000000000013 000000076f9e16e8 

Instructions: (pc=0x00007ffbc5ebc17c)
0x00007ffbc5ebc15c:   00 4c 8d 05 a4 3c 09 00 ff 50 70 eb 24 48 8d 15
0x00007ffbc5ebc16c:   80 3c 09 00 e8 47 31 07 00 eb 16 40 84 ed 74 11
0x00007ffbc5ebc17c:   48 8b 40 20 48 85 c0 74 08 48 8b d7 48 8b cb ff
0x00007ffbc5ebc18c:   d0 48 8b c7 48 8b 5c 24 30 48 8b 6c 24 38 48 8b 


Register to memory mapping:

RAX=0x0000000020320cb0 is an unknown value
RBX=0x000000001f0821f8 is an unknown value
RCX=0x000000001f0821f8 is an unknown value
RDX=0x00000000204cb9f8 is pointing into the stack for thread: 0x000000001f082000
RSP=0x00000000204cb720 is pointing into the stack for thread: 0x000000001f082000
RBP=0x00000000204cb801 is pointing into the stack for thread: 0x000000001f082000
RSI=0x00000000204cb9f8 is pointing into the stack for thread: 0x000000001f082000
RDI=0x0000000020320cb0 is an unknown value
R8 =0x0000000000000042 is an unknown value
R9 =0x000000076fa62670 is an oop
sun.awt.image.BufImgSurfaceData 
 - klass: 'sun/awt/image/BufImgSurfaceData'
R10=0x0000000000000044 is an unknown value
R11=0x0000000077317940 is an unknown value
R12=0x00000000204cba10 is pointing into the stack for thread: 0x000000001f082000
R13=0x00007ffbc5f964e0 is an unknown value
R14=0x0000000000000000 is an unknown value
R15=0x0000000000000000 is an unknown value


Stack: [0x00000000203d0000,0x00000000204d0000],  sp=0x00000000204cb720,  free space=1005k
Native frames: (J=compiled Java code, j=interpreted, Vv=VM code, C=native code)
C  [awt.dll+0x6c17c]
C  [awt.dll+0x4e56]
C  0x0000000002f9f719

Java frames: (J=compiled Java code, j=interpreted, Vv=VM code)
J 2713  sun.java2d.loops.Blit.Blit(Lsun/java2d/SurfaceData;Lsun/java2d/SurfaceData;Ljava/awt/Composite;Lsun/java2d/pipe/Region;IIIIII)V (0 bytes) @ 0x0000000002f9f693 [0x0000000002f9f5c0+0xd3]
J 2033 C1 sun.java2d.pipe.DrawImage.blitSurfaceData(Lsun/java2d/SunGraphics2D;Lsun/java2d/pipe/Region;Lsun/java2d/SurfaceData;Lsun/java2d/SurfaceData;Lsun/java2d/loops/SurfaceType;Lsun/java2d/loops/SurfaceType;IIIIIILjava/awt/Color;)V (145 bytes) @ 0x0000000002d71654 [0x0000000002d70820+0xe34]
J 2032 C1 sun.java2d.pipe.DrawImage.renderImageCopy(Lsun/java2d/SunGraphics2D;Ljava/awt/Image;Ljava/awt/Color;IIIIII)Z (147 bytes) @ 0x0000000002d6f02c [0x0000000002d6eaa0+0x58c]
j  sun.java2d.pipe.DrawImage.copyImage(Lsun/java2d/SunGraphics2D;Ljava/awt/Image;IILjava/awt/Color;)Z+45
j  sun.java2d.pipe.DrawImage.copyImage(Lsun/java2d/SunGraphics2D;Ljava/awt/Image;IILjava/awt/Color;Ljava/awt/image/ImageObserver;)Z+15
j  sun.java2d.SunGraphics2D.drawImage(Ljava/awt/Image;IILjava/awt/Color;Ljava/awt/image/ImageObserver;)Z+66
j  sun.awt.image.ImageRepresentation.drawToBufImage(Ljava/awt/Graphics;Lsun/awt/image/ToolkitImage;IILjava/awt/Color;Ljava/awt/image/ImageObserver;)Z+152
j  sun.java2d.pipe.DrawImage.copyImage(Lsun/java2d/SunGraphics2D;Ljava/awt/Image;IILjava/awt/Color;Ljava/awt/image/ImageObserver;)Z+56
j  sun.java2d.pipe.ValidatePipe.copyImage(Lsun/java2d/SunGraphics2D;Ljava/awt/Image;IILjava/awt/Color;Ljava/awt/image/ImageObserver;)Z+21
j  sun.java2d.SunGraphics2D.drawImage(Ljava/awt/Image;IILjava/awt/Color;Ljava/awt/image/ImageObserver;)Z+66
j  sun.java2d.SunGraphics2D.drawImage(Ljava/awt/Image;IILjava/awt/image/ImageObserver;)Z+7
j  javax.swing.ImageIcon.paintIcon(Ljava/awt/Component;Ljava/awt/Graphics;II)V+16
j  sun.swing.plaf.synth.SynthIcon.paintIcon(Ljavax/swing/Icon;Ljavax/swing/plaf/synth/SynthContext;Ljava/awt/Graphics;IIII)V+39
j  javax.swing.plaf.synth.SynthGraphicsUtils.paintText(Ljavax/swing/plaf/synth/SynthContext;Ljava/awt/Graphics;Ljava/lang/String;Ljavax/swing/Icon;IIIIIII)V+327
j  javax.swing.plaf.synth.SynthLabelUI.paint(Ljavax/swing/plaf/synth/SynthContext;Ljava/awt/Graphics;)V+96
j  javax.swing.plaf.synth.SynthLabelUI.update(Ljava/awt/Graphics;Ljavax/swing/JComponent;)V+33
j  javax.swing.JComponent.paintComponent(Ljava/awt/Graphics;)V+26
J 2641 C1 javax.swing.JComponent.paint(Ljava/awt/Graphics;)V (409 bytes) @ 0x0000000002f6448c [0x0000000002f62c00+0x188c]
J 2642 C1 javax.swing.JComponent.paintChildren(Ljava/awt/Graphics;)V (669 bytes) @ 0x0000000002f6a38c [0x0000000002f66fc0+0x33cc]
J 2641 C1 javax.swing.JComponent.paint(Ljava/awt/Graphics;)V (409 bytes) @ 0x0000000002f6492c [0x0000000002f62c00+0x1d2c]
J 2642 C1 javax.swing.JComponent.paintChildren(Ljava/awt/Graphics;)V (669 bytes) @ 0x0000000002f6a38c [0x0000000002f66fc0+0x33cc]
J 2641 C1 javax.swing.JComponent.paint(Ljava/awt/Graphics;)V (409 bytes) @ 0x0000000002f6492c [0x0000000002f62c00+0x1d2c]
j  javax.swing.JComponent.paintToOffscreen(Ljava/awt/Graphics;IIIIII)V+41
j  javax.swing.RepaintManager$PaintManager.paintDoubleBuffered(Ljavax/swing/JComponent;Ljava/awt/Image;Ljava/awt/Graphics;IIII)V+163
j  javax.swing.RepaintManager$PaintManager.paint(Ljavax/swing/JComponent;Ljavax/swing/JComponent;Ljava/awt/Graphics;IIII)Z+116
j  javax.swing.RepaintManager.paint(Ljavax/swing/JComponent;Ljavax/swing/JComponent;Ljava/awt/Graphics;IIII)V+51
j  javax.swing.JComponent._paintImmediately(IIII)V+683
j  javax.swing.JComponent.paintImmediately(IIII)V+138
j  javax.swing.RepaintManager$4.run()Ljava/lang/Void;+81
j  javax.swing.RepaintManager$4.run()Ljava/lang/Object;+1
v  ~StubRoutines::call_stub
J 1769  java.security.AccessController.doPrivileged(Ljava/security/PrivilegedAction;Ljava/security/AccessControlContext;)Ljava/lang/Object; (0 bytes) @ 0x0000000002cd5626 [0x0000000002cd55c0+0x66]
J 1905 C1 java.security.ProtectionDomain$JavaSecurityAccessImpl.doIntersectionPrivilege(Ljava/security/PrivilegedAction;Ljava/security/AccessControlContext;Ljava/security/AccessControlContext;)Ljava/lang/Object; (22 bytes) @ 0x0000000002d303fc [0x0000000002d2ff80+0x47c]
j  javax.swing.RepaintManager.paintDirtyRegions(Ljava/util/Map;)V+154
j  javax.swing.RepaintManager.paintDirtyRegions()V+46
j  javax.swing.RepaintManager.prePaintDirtyRegions()V+73
j  javax.swing.RepaintManager.access$1200(Ljavax/swing/RepaintManager;)V+1
j  javax.swing.RepaintManager$ProcessingRunnable.run()V+37
J 2321 C1 java.awt.event.InvocationEvent.dispatch()V (69 bytes) @ 0x0000000002e61954 [0x0000000002e61740+0x214]
J 2232 C1 java.awt.EventQueue.dispatchEventImpl(Ljava/awt/AWTEvent;Ljava/lang/Object;)V (149 bytes) @ 0x0000000002dfc784 [0x0000000002dfac80+0x1b04]
J 2230 C1 java.awt.EventQueue$3.run()Ljava/lang/Void; (60 bytes) @ 0x0000000002dfa05c [0x0000000002df9e40+0x21c]
J 2229 C1 java.awt.EventQueue$3.run()Ljava/lang/Object; (5 bytes) @ 0x0000000002df9acc [0x0000000002df9a40+0x8c]
v  ~StubRoutines::call_stub
J 1769  java.security.AccessController.doPrivileged(Ljava/security/PrivilegedAction;Ljava/security/AccessControlContext;)Ljava/lang/Object; (0 bytes) @ 0x0000000002cd5626 [0x0000000002cd55c0+0x66]
J 2074 C1 java.awt.EventQueue.dispatchEvent(Ljava/awt/AWTEvent;)V (80 bytes) @ 0x0000000002d9052c [0x0000000002d8fb80+0x9ac]
J 2076 C1 java.awt.EventDispatchThread.pumpOneEventForFilters(I)V (190 bytes) @ 0x0000000002d9319c [0x0000000002d92040+0x115c]
j  java.awt.EventDispatchThread.pumpEventsForFilter(ILjava/awt/Conditional;Ljava/awt/EventFilter;)V+35
j  java.awt.EventDispatchThread.pumpEventsForHierarchy(ILjava/awt/Conditional;Ljava/awt/Component;)V+11
j  java.awt.EventDispatchThread.pumpEvents(ILjava/awt/Conditional;)V+4
j  java.awt.EventDispatchThread.pumpEvents(Ljava/awt/Conditional;)V+3
j  java.awt.EventDispatchThread.run()V+9
v  ~StubRoutines::call_stub

---------------  P R O C E S S  ---------------

Java Threads: ( => current thread )
  0x0000000021579800 JavaThread "TimerQueue" daemon [_thread_blocked, id=7892, stack(0x00000000206d0000,0x00000000207d0000)]
  0x0000000002682800 JavaThread "DestroyJavaVM" [_thread_blocked, id=21460, stack(0x0000000002580000,0x0000000002680000)]
=>0x000000001f082000 JavaThread "AWT-EventQueue-0" [_thread_in_native, id=20144, stack(0x00000000203d0000,0x00000000204d0000)]
  0x000000001efe0800 JavaThread "AWT-Windows" daemon [_thread_in_native, id=16100, stack(0x000000001f970000,0x000000001fa70000)]
  0x000000001efdd800 JavaThread "AWT-Shutdown" [_thread_blocked, id=18136, stack(0x000000001f870000,0x000000001f970000)]
  0x000000001efdc800 JavaThread "Java2D Disposer" daemon [_thread_blocked, id=17624, stack(0x000000001f770000,0x000000001f870000)]
  0x000000001dfee800 JavaThread "Service Thread" daemon [_thread_blocked, id=28016, stack(0x000000001ec20000,0x000000001ed20000)]
  0x000000001df63800 JavaThread "C1 CompilerThread3" daemon [_thread_blocked, id=8288, stack(0x000000001eb20000,0x000000001ec20000)]
  0x000000001df59000 JavaThread "C2 CompilerThread2" daemon [_thread_blocked, id=30600, stack(0x000000001ea20000,0x000000001eb20000)]
  0x000000001df56800 JavaThread "C2 CompilerThread1" daemon [_thread_blocked, id=31140, stack(0x000000001e920000,0x000000001ea20000)]
  0x000000001df53800 JavaThread "C2 CompilerThread0" daemon [_thread_blocked, id=2904, stack(0x000000001e820000,0x000000001e920000)]
  0x000000001df51800 JavaThread "Attach Listener" daemon [_thread_blocked, id=22332, stack(0x000000001e720000,0x000000001e820000)]
  0x000000001c14e000 JavaThread "Signal Dispatcher" daemon [_thread_blocked, id=29760, stack(0x000000001e620000,0x000000001e720000)]
  0x0000000002779000 JavaThread "Finalizer" daemon [_thread_blocked, id=22812, stack(0x000000001e420000,0x000000001e520000)]
  0x0000000002776000 JavaThread "Reference Handler" daemon [_thread_blocked, id=19648, stack(0x000000001e320000,0x000000001e420000)]

Other Threads:
  0x000000001c138000 VMThread [stack: 0x000000001de20000,0x000000001df20000] [id=11776]
  0x000000001df72800 WatcherThread [stack: 0x000000001ed20000,0x000000001ee20000] [id=30648]

VM state:not at safepoint (normal execution)

VM Mutex/Monitor currently owned by a thread: None

heap address: 0x00000006c2400000, size: 4060 MB, Compressed Oops mode: Zero based, Oop shift amount: 3
Narrow klass base: 0x0000000000000000, Narrow klass shift: 3
Compressed class space size: 1073741824 Address: 0x00000007c0000000

Heap:
 PSYoungGen      total 75776K, used 34009K [0x000000076b700000, 0x0000000770b80000, 0x00000007c0000000)
  eden space 65024K, 38% used [0x000000076b700000,0x000000076cf6fbb0,0x000000076f680000)
  from space 10752K, 83% used [0x000000076f680000,0x000000076ff46a70,0x0000000770100000)
  to   space 10752K, 0% used [0x0000000770100000,0x0000000770100000,0x0000000770b80000)
 ParOldGen       total 173568K, used 24K [0x00000006c2400000, 0x00000006ccd80000, 0x000000076b700000)
  object space 173568K, 0% used [0x00000006c2400000,0x00000006c2406000,0x00000006ccd80000)
 Metaspace       used 20185K, capacity 20692K, committed 20992K, reserved 1067008K
  class space    used 2682K, capacity 2808K, committed 2816K, reserved 1048576K

Card table byte_map: [0x0000000011b40000,0x0000000012330000] byte_map_base: 0x000000000e52e000

Marking Bits: (ParMarkBitMap*) 0x0000000077325ce0
 Begin Bits: [0x0000000013080000, 0x0000000016ff0000)
 End Bits:   [0x0000000016ff0000, 0x000000001af60000)

Polling page: 0x0000000000cd0000

CodeCache: size=245760Kb used=8313Kb max_used=8313Kb free=237446Kb
 bounds [0x0000000002780000, 0x0000000002fb0000, 0x0000000011780000]
 total_blobs=3276 nmethods=2723 adapters=465
 compilation: enabled

Compilation events (10 events):
Event: 18.782 Thread 0x000000001df63800 2717       3       java.awt.geom.Point2D$Double::getX (5 bytes)
Event: 18.782 Thread 0x000000001df63800 nmethod 2717 0x0000000002fa0c50 code [0x0000000002fa0da0, 0x0000000002fa0ef0]
Event: 18.782 Thread 0x000000001df63800 2718       3       java.awt.geom.Point2D$Double::getY (5 bytes)
Event: 18.782 Thread 0x000000001df63800 nmethod 2718 0x0000000002fa0f50 code [0x0000000002fa10a0, 0x0000000002fa11f0]
Event: 18.782 Thread 0x000000001df63800 2719       1       javax.swing.plaf.nimbus.ImageCache$PixelCountSoftReference::access$000 (5 bytes)
Event: 18.782 Thread 0x000000001df63800 nmethod 2719 0x0000000002fa1250 code [0x0000000002fa13a0, 0x0000000002fa1490]
Event: 18.783 Thread 0x000000001df63800 2720       3       java.awt.MultipleGradientPaintContext::calculateLookupData (318 bytes)
Event: 18.784 Thread 0x000000001df63800 nmethod 2720 0x0000000002fa1510 code [0x0000000002fa1780, 0x0000000002fa25a8]
Event: 18.784 Thread 0x000000001df63800 2721       3       sun.font.CompositeFont::getMapper (24 bytes)
Event: 18.784 Thread 0x000000001df63800 nmethod 2721 0x0000000002fa2c50 code [0x0000000002fa2dc0, 0x0000000002fa3028]

GC Heap History (2 events):
Event: 0.976 GC heap before
{Heap before GC invocations=1 (full 0):
 PSYoungGen      total 75776K, used 65024K [0x000000076b700000, 0x0000000770b80000, 0x00000007c0000000)
  eden space 65024K, 100% used [0x000000076b700000,0x000000076f680000,0x000000076f680000)
  from space 10752K, 0% used [0x0000000770100000,0x0000000770100000,0x0000000770b80000)
  to   space 10752K, 0% used [0x000000076f680000,0x000000076f680000,0x0000000770100000)
 ParOldGen       total 173568K, used 0K [0x00000006c2400000, 0x00000006ccd80000, 0x000000076b700000)
  object space 173568K, 0% used [0x00000006c2400000,0x00000006c2400000,0x00000006ccd80000)
 Metaspace       used 16907K, capacity 17384K, committed 17536K, reserved 1064960K
  class space    used 2219K, capacity 2360K, committed 2432K, reserved 1048576K
Event: 0.982 GC heap after
Heap after GC invocations=1 (full 0):
 PSYoungGen      total 75776K, used 8986K [0x000000076b700000, 0x0000000770b80000, 0x00000007c0000000)
  eden space 65024K, 0% used [0x000000076b700000,0x000000076b700000,0x000000076f680000)
  from space 10752K, 83% used [0x000000076f680000,0x000000076ff46a70,0x0000000770100000)
  to   space 10752K, 0% used [0x0000000770100000,0x0000000770100000,0x0000000770b80000)
 ParOldGen       total 173568K, used 24K [0x00000006c2400000, 0x00000006ccd80000, 0x000000076b700000)
  object space 173568K, 0% used [0x00000006c2400000,0x00000006c2406000,0x00000006ccd80000)
 Metaspace       used 16907K, capacity 17384K, committed 17536K, reserved 1064960K
  class space    used 2219K, capacity 2360K, committed 2432K, reserved 1048576K
}

Deoptimization events (10 events):
Event: 2.891 Thread 0x000000001f082000 Uncommon trap: reason=class_check action=maybe_recompile pc=0x00000000028ef710 method=java.lang.String.equals(Ljava/lang/Object;)Z @ 8
Event: 2.891 Thread 0x000000001f082000 Uncommon trap: reason=class_check action=maybe_recompile pc=0x00000000028ef710 method=java.lang.String.equals(Ljava/lang/Object;)Z @ 8
Event: 3.079 Thread 0x000000001f082000 Uncommon trap: reason=class_check action=maybe_recompile pc=0x00000000028ef710 method=java.lang.String.equals(Ljava/lang/Object;)Z @ 8
Event: 3.079 Thread 0x000000001f082000 Uncommon trap: reason=class_check action=maybe_recompile pc=0x00000000028ef710 method=java.lang.String.equals(Ljava/lang/Object;)Z @ 8
Event: 6.765 Thread 0x000000001f082000 Uncommon trap: reason=unstable_if action=reinterpret pc=0x0000000002b174ac method=sun.misc.URLClassPath$JarLoader.getResource(Ljava/lang/String;Z)Lsun/misc/Resource; @ 15
Event: 7.291 Thread 0x000000001f082000 Uncommon trap: reason=class_check action=maybe_recompile pc=0x0000000002a7a070 method=java.util.HashMap.putVal(ILjava/lang/Object;Ljava/lang/Object;ZZ)Ljava/lang/Object; @ 253
Event: 7.291 Thread 0x000000001f082000 Uncommon trap: reason=class_check action=maybe_recompile pc=0x0000000002a85da0 method=java.util.HashMap.putVal(ILjava/lang/Object;Ljava/lang/Object;ZZ)Ljava/lang/Object; @ 253
Event: 12.505 Thread 0x000000001f082000 Uncommon trap: reason=unstable_if action=reinterpret pc=0x0000000002e712a0 method=java.awt.MultipleGradientPaintContext.indexIntoGradientsArrays(F)I @ 24
Event: 12.505 Thread 0x000000001f082000 Uncommon trap: reason=unstable_if action=reinterpret pc=0x0000000002d4164c method=java.awt.MultipleGradientPaintContext.indexIntoGradientsArrays(F)I @ 24
Event: 15.217 Thread 0x000000001f082000 Uncommon trap: reason=unstable_if action=reinterpret pc=0x0000000002ed593c method=java.awt.Container.findComponentAtImpl(IIZ)Ljava/awt/Component; @ 131

Classes redefined (0 events):
No events

Internal exceptions (10 events):
Event: 0.205 Thread 0x0000000002682800 Exception <a 'java/lang/ClassNotFoundException': ToggleButton> (0x000000076bc9b1b0) thrown at [C:\re\workspace\8-2-build-windows-amd64-cygwin\jdk8u202\12323\hotspot\src\share\vm\classfile\systemDictionary.cpp, line 210]
Event: 0.205 Thread 0x0000000002682800 Exception <a 'java/lang/ClassNotFoundException': javax/swing/JToolBarSeparator> (0x000000076bc9b610) thrown at [C:\re\workspace\8-2-build-windows-amd64-cygwin\jdk8u202\12323\hotspot\src\share\vm\classfile\systemDictionary.cpp, line 210]
Event: 0.205 Thread 0x0000000002682800 Exception <a 'java/lang/ClassNotFoundException': ToolBarSeparator> (0x000000076bc9baa8) thrown at [C:\re\workspace\8-2-build-windows-amd64-cygwin\jdk8u202\12323\hotspot\src\share\vm\classfile\systemDictionary.cpp, line 210]
Event: 0.206 Thread 0x0000000002682800 Exception <a 'java/lang/ClassNotFoundException': ToolTip> (0x000000076bc9c1e8) thrown at [C:\re\workspace\8-2-build-windows-amd64-cygwin\jdk8u202\12323\hotspot\src\share\vm\classfile\systemDictionary.cpp, line 210]
Event: 0.206 Thread 0x0000000002682800 Exception <a 'java/lang/ClassNotFoundException': Tree> (0x000000076bc9ce08) thrown at [C:\re\workspace\8-2-build-windows-amd64-cygwin\jdk8u202\12323\hotspot\src\share\vm\classfile\systemDictionary.cpp, line 210]
Event: 0.206 Thread 0x0000000002682800 Exception <a 'java/lang/ClassNotFoundException': Tree> (0x000000076bc9d548) thrown at [C:\re\workspace\8-2-build-windows-amd64-cygwin\jdk8u202\12323\hotspot\src\share\vm\classfile\systemDictionary.cpp, line 210]
Event: 0.206 Thread 0x0000000002682800 Exception <a 'java/lang/ClassNotFoundException': javax/swing/JTreeCell> (0x000000076bc9d8c8) thrown at [C:\re\workspace\8-2-build-windows-amd64-cygwin\jdk8u202\12323\hotspot\src\share\vm\classfile\systemDictionary.cpp, line 210]
Event: 0.206 Thread 0x0000000002682800 Exception <a 'java/lang/ClassNotFoundException': TreeCell> (0x000000076bc9dd50) thrown at [C:\re\workspace\8-2-build-windows-amd64-cygwin\jdk8u202\12323\hotspot\src\share\vm\classfile\systemDictionary.cpp, line 210]
Event: 0.207 Thread 0x0000000002682800 Exception <a 'java/lang/ClassNotFoundException': RootPane> (0x000000076bc9e7b0) thrown at [C:\re\workspace\8-2-build-windows-amd64-cygwin\jdk8u202\12323\hotspot\src\share\vm\classfile\systemDictionary.cpp, line 210]
Event: 0.621 Thread 0x000000001f082000 Implicit null exception at 0x0000000002a60900 to 0x0000000002a60981

Events (10 events):
Event: 18.761 loading class javax/swing/event/CaretListener
Event: 18.761 loading class javax/swing/event/CaretListener done
Event: 18.776 loading class sun/font/StandardGlyphVector
Event: 18.776 loading class java/awt/font/GlyphVector
Event: 18.776 loading class java/awt/font/GlyphVector done
Event: 18.776 loading class sun/font/StandardGlyphVector done
Event: 18.776 loading class sun/font/FontSubstitution
Event: 18.776 loading class sun/font/FontSubstitution done
Event: 18.777 loading class sun/font/StandardGlyphVector$GlyphStrike
Event: 18.777 loading class sun/font/StandardGlyphVector$GlyphStrike done


Dynamic libraries:
0x00007ff72c560000 - 0x00007ff72c597000 	C:\Program Files\Java\jdk1.8.0_202\bin\java.exe
0x00007ffc1fbc0000 - 0x00007ffc1fdc7000 	C:\WINDOWS\SYSTEM32\ntdll.dll
0x00007ffc1ee10000 - 0x00007ffc1eecd000 	C:\WINDOWS\System32\KERNEL32.DLL
0x00007ffc1d240000 - 0x00007ffc1d5b4000 	C:\WINDOWS\System32\KERNELBASE.dll
0x00007ffc1e880000 - 0x00007ffc1e92c000 	C:\WINDOWS\System32\ADVAPI32.dll
0x00007ffc1df50000 - 0x00007ffc1dff3000 	C:\WINDOWS\System32\msvcrt.dll
0x00007ffc1f020000 - 0x00007ffc1f0bd000 	C:\WINDOWS\System32\sechost.dll
0x00007ffc1eef0000 - 0x00007ffc1f011000 	C:\WINDOWS\System32\RPCRT4.dll
0x00007ffc1f1c0000 - 0x00007ffc1f36c000 	C:\WINDOWS\System32\USER32.dll
0x00007ffc1d0a0000 - 0x00007ffc1d0c6000 	C:\WINDOWS\System32\win32u.dll
0x00007ffc1e850000 - 0x00007ffc1e879000 	C:\WINDOWS\System32\GDI32.dll
0x00007ffc1d930000 - 0x00007ffc1da42000 	C:\WINDOWS\System32\gdi32full.dll
0x00007ffc1d5c0000 - 0x00007ffc1d65d000 	C:\WINDOWS\System32\msvcp_win.dll
0x00007ffc1d810000 - 0x00007ffc1d921000 	C:\WINDOWS\System32\ucrtbase.dll
0x00007ffbfdf60000 - 0x00007ffbfe205000 	C:\WINDOWS\WinSxS\amd64_microsoft.windows.common-controls_6595b64144ccf1df_6.0.22000.120_none_9d947278b86cc467\COMCTL32.dll
0x00007ffc1e000000 - 0x00007ffc1e031000 	C:\WINDOWS\System32\IMM32.DLL
0x0000000077c50000 - 0x0000000077d22000 	C:\Program Files\Java\jdk1.8.0_202\jre\bin\msvcr100.dll
0x0000000076b00000 - 0x00000000773a5000 	C:\Program Files\Java\jdk1.8.0_202\jre\bin\server\jvm.dll
0x00007ffc1f0c0000 - 0x00007ffc1f0c8000 	C:\WINDOWS\System32\PSAPI.DLL
0x00007ffc187e0000 - 0x00007ffc187e9000 	C:\WINDOWS\SYSTEM32\WSOCK32.dll
0x00007ffc17eb0000 - 0x00007ffc17ee3000 	C:\WINDOWS\SYSTEM32\WINMM.dll
0x00007ffc15e20000 - 0x00007ffc15e2a000 	C:\WINDOWS\SYSTEM32\VERSION.dll
0x00007ffc1eda0000 - 0x00007ffc1ee0f000 	C:\WINDOWS\System32\WS2_32.dll
0x00007ffc0c3c0000 - 0x00007ffc0c3cf000 	C:\Program Files\Java\jdk1.8.0_202\jre\bin\verify.dll
0x00007ffc0b570000 - 0x00007ffc0b599000 	C:\Program Files\Java\jdk1.8.0_202\jre\bin\java.dll
0x00007ffc0b2f0000 - 0x00007ffc0b306000 	C:\Program Files\Java\jdk1.8.0_202\jre\bin\zip.dll
0x00007ffc1e040000 - 0x00007ffc1e7ea000 	C:\WINDOWS\System32\SHELL32.dll
0x00007ffc1b240000 - 0x00007ffc1baa2000 	C:\WINDOWS\SYSTEM32\windows.storage.dll
0x00007ffc1da50000 - 0x00007ffc1ddc8000 	C:\WINDOWS\System32\combase.dll
0x00007ffc1b0d0000 - 0x00007ffc1b236000 	C:\WINDOWS\SYSTEM32\wintypes.dll
0x00007ffc1eca0000 - 0x00007ffc1ed8a000 	C:\WINDOWS\System32\SHCORE.dll
0x00007ffc1e7f0000 - 0x00007ffc1e84d000 	C:\WINDOWS\System32\shlwapi.dll
0x00007ffc1cfd0000 - 0x00007ffc1cff1000 	C:\WINDOWS\SYSTEM32\profapi.dll
0x00007ffbc5e50000 - 0x00007ffbc5fe9000 	C:\Program Files\Java\jdk1.8.0_202\jre\bin\awt.dll
0x00007ffc1eb10000 - 0x00007ffc1ebe6000 	C:\WINDOWS\System32\OLEAUT32.dll
0x00007ffc1a2b0000 - 0x00007ffc1a341000 	C:\WINDOWS\SYSTEM32\apphelp.dll
0x00007ffc1a460000 - 0x00007ffc1a50c000 	C:\WINDOWS\system32\uxtheme.dll
0x00007ffc1fa60000 - 0x00007ffc1fb7e000 	C:\WINDOWS\System32\MSCTF.dll
0x00007ffc1f3e0000 - 0x00007ffc1f57a000 	C:\WINDOWS\System32\ole32.dll
0x00007ffc1c240000 - 0x00007ffc1c258000 	C:\WINDOWS\SYSTEM32\kernel.appcore.dll
0x00007ffc1d790000 - 0x00007ffc1d810000 	C:\WINDOWS\System32\bcryptPrimitives.dll
0x00007ffc1a800000 - 0x00007ffc1a82f000 	C:\WINDOWS\system32\DWMAPI.DLL
0x00007ffbec0c0000 - 0x00007ffbec107000 	C:\Program Files\Java\jdk1.8.0_202\jre\bin\fontmanager.dll
0x00007ffbe2930000 - 0x00007ffbe2a31000 	C:\WINDOWS\system32\opengl32.dll
0x00007ffbe2900000 - 0x00007ffbe292d000 	C:\WINDOWS\SYSTEM32\GLU32.dll
0x00007ffc1a560000 - 0x00007ffc1a598000 	C:\WINDOWS\SYSTEM32\dxcore.dll
0x00007ffc1ebf0000 - 0x00007ffc1ec9f000 	C:\WINDOWS\System32\clbcatq.dll
0x00007ffc15ad0000 - 0x00007ffc15c7e000 	C:\WINDOWS\SYSTEM32\WindowsCodecs.dll
0x00007ffbe1240000 - 0x00007ffbe129d000 	C:\WINDOWS\system32\dataexchange.dll
0x00007ffc182f0000 - 0x00007ffc18556000 	C:\WINDOWS\system32\twinapi.appcore.dll
0x00007ffc0b130000 - 0x00007ffc0b14a000 	C:\Program Files\Java\jdk1.8.0_202\jre\bin\net.dll
0x00007ffc12140000 - 0x00007ffc1232e000 	C:\WINDOWS\SYSTEM32\urlmon.dll
0x00007ffc11ca0000 - 0x00007ffc11f52000 	C:\WINDOWS\SYSTEM32\iertutil.dll
0x00007ffc1bcf0000 - 0x00007ffc1bcfc000 	C:\WINDOWS\SYSTEM32\netutils.dll
0x00007ffc11c70000 - 0x00007ffc11c98000 	C:\WINDOWS\SYSTEM32\srvcli.dll
0x00007ffc1c6c0000 - 0x00007ffc1c727000 	C:\WINDOWS\system32\mswsock.dll
0x00007ffc0aeb0000 - 0x00007ffc0aec2000 	C:\Program Files\Java\jdk1.8.0_202\jre\bin\nio.dll
0x00007ffbe9250000 - 0x00007ffbe9292000 	C:\Program Files\Java\jdk1.8.0_202\jre\bin\t2k.dll
0x00007ffbf4630000 - 0x00007ffbf475d000 	C:\WINDOWS\SYSTEM32\textinputframework.dll
0x00007ffc0a820000 - 0x00007ffc0a84a000 	C:\Program Files\Java\jdk1.8.0_202\jre\bin\dcpr.dll
0x00007ffc19e70000 - 0x00007ffc19fa2000 	C:\WINDOWS\SYSTEM32\CoreMessaging.dll
0x00007ffc17420000 - 0x00007ffc1778d000 	C:\WINDOWS\SYSTEM32\CoreUIComponents.dll
0x00007ffc1c900000 - 0x00007ffc1c90c000 	C:\WINDOWS\SYSTEM32\CRYPTBASE.DLL
0x00007ffc1ac20000 - 0x00007ffc1ae41000 	C:\WINDOWS\SYSTEM32\dbghelp.dll

VM Arguments:
jvm_args: -Dfile.encoding=UTF-8 
java_command: userinterface.MainJFrame
java_class_path (initial): C:\Users\91914\OneDrive\Desktop\New folder (5)\FinalProject5100\db4o-8.0.184.15484-all-java5.jar;C:\Users\91914\OneDrive\Desktop\New folder (5)\FinalProject5100\AbsoluteLayout.jar;C:\Users\91914\OneDrive\Desktop\New folder (5)\FinalProject5100\javax.mail.jar;C:\Users\91914\OneDrive\Desktop\New folder (5)\FinalProject5100\build\classes
Launcher Type: SUN_STANDARD

Environment Variables:
JAVA_HOME=C:\Program Files\Java\jdk-16.0.2
PATH=C:\Program Files (x86)\Common Files\Oracle\Java\javapath;C:\Program Files\Common Files\Oracle\Java\javapath;C:\Windows\system32;C:\Windows;C:\Windows\System32\Wbem;C:\Windows\System32\WindowsPowerShell\v1.0\;C:\Windows\System32\OpenSSH\;C:\Program Files (x86)\NVIDIA Corporation\PhysX\Common;C:\Program Files\NVIDIA Corporation\NVIDIA NvDLISR;C:\WINDOWS\system32;C:\WINDOWS;C:\WINDOWS\System32\Wbem;C:\WINDOWS\System32\WindowsPowerShell\v1.0\;C:\WINDOWS\System32\OpenSSH\;C:\Android;C:\Program Files\Microsoft SQL Server\Client SDK\ODBC\170\Tools\Binn\;C:\Program Files (x86)\Microsoft SQL Server\150\Tools\Binn\;C:\Program Files\Microsoft SQL Server\150\Tools\Binn\;C:\Program Files\Microsoft SQL Server\150\DTS\Binn\;C:\Program Files (x86)\Microsoft SQL Server\150\DTS\Binn\;C:\Program Files\Azure Data Studio\bin;C:\Program Files\Java\jdk-16.0.2\bin;C:\Program Files\Common Files\Tom Sawyer Software\10.0.0;C:\Program Files\Git\cmd;C:\Program Files\Microsoft SQL Server\130\Tools\Binn\;C:\Program Files (x86)\Microsoft SQL Server\110\DTS\Binn\;C:\Program Files (x86)\Microsoft SQL Server\120\DTS\Binn\;C:\Program Files (x86)\Microsoft SQL Server\130\DTS\Binn\;C:\Program Files (x86)\Microsoft SQL Server\140\DTS\Binn\;C:\Users\91914\AppData\Local\Microsoft\WindowsApps;C:\Program Files\Azure Data Studio\bin;C:\Users\91914\AppData\Local\GitHubDesktop\bin;
USERNAME=Lucifer
OS=Windows_NT
PROCESSOR_IDENTIFIER=Intel64 Family 6 Model 158 Stepping 10, GenuineIntel



---------------  S Y S T E M  ---------------

OS: Windows 10.0 , 64 bit Build 22000 (10.0.22000.318)

CPU:total 8 (initial active 8) (4 cores per cpu, 2 threads per core) family 6 model 158 stepping 10, cmov, cx8, fxsr, mmx, sse, sse2, sse3, ssse3, sse4.1, sse4.2, popcnt, avx, avx2, aes, clmul, erms, 3dnowpref, lzcnt, ht, tsc, tscinvbit, bmi1, bmi2, adx

Memory: 4k page, physical 16621812k(6047032k free), swap 23175412k(5234424k free)

vm_info: Java HotSpot(TM) 64-Bit Server VM (25.202-b08) for windows-amd64 JRE (1.8.0_202-b08), built on Dec 15 2018 19:54:30 by "java_re" with MS VC++ 10.0 (VS2010)

time: Sun Dec 12 21:04:13 2021
timezone: Eastern Standard Time
elapsed time: 18 seconds (0d 0h 0m 18s)

