#
# A fatal error has been detected by the Java Runtime Environment:
#
#  EXCEPTION_ACCESS_VIOLATION (0xc0000005) at pc=0x0000000000000000, pid=1664, tid=0x0000000000004074
#
# JRE version: Java(TM) SE Runtime Environment (8.0_202-b08) (build 1.8.0_202-b08)
# Java VM: Java HotSpot(TM) 64-Bit Server VM (25.202-b08 mixed mode windows-amd64 compressed oops)
# Problematic frame:
# C  0x0000000000000000
#
# Failed to write core dump. Minidumps are not enabled by default on client versions of Windows
#
# If you would like to submit a bug report, please visit:
#   http://bugreport.java.com/bugreport/crash.jsp
# The crash happened outside the Java Virtual Machine in native code.
# See problematic frame for where to report the bug.
#

---------------  T H R E A D  ---------------

Current thread (0x000000001f830800):  JavaThread "AWT-EventQueue-0" [_thread_in_native, id=16500, stack(0x0000000020c20000,0x0000000020d20000)]

siginfo: ExceptionCode=0xc0000005, ExceptionInformation=0x0000000000000008 0x0000000000000000

Registers:
RAX=0x0000000000000271, RBX=0x0000000020d1bfd8, RCX=0x000000001f8309f8, RDX=0x0000000020320cb0
RSP=0x0000000020d1bc78, RBP=0x0000000020d1bd80, RSI=0x0000000020320cb0, RDI=0x000000001f8309f8
R8 =0x0000000020d1bd80, R9 =0x0000000000000001, R10=0x0000000000000028, R11=0x0000000077317940
R12=0x000000001fec4a90, R13=0x00007ffbde5a64e0, R14=0x00000000fffffe70, R15=0x00000000fffffde6
RIP=0x0000000000000000, EFLAGS=0x0000000000010297

Top of Stack: (sp=0x0000000020d1bc78)
0x0000000020d1bc78:   00007ffbde464eea 0000000020d1bfd8
0x0000000020d1bc88:   0000000020d1bd80 0000000020320cb0
0x0000000020d1bc98:   000000000000000a 000000001f830800
0x0000000020d1bca8:   0000000020d1bdd8 0000000020d1be10
0x0000000020d1bcb8:   000000000000000c 000000000000000c
0x0000000020d1bcc8:   0000000020d1bfe0 0000000000000000
0x0000000020d1bcd8:   0000000000000000 0000021a00000190
0x0000000020d1bce8:   000002710000021b 000000076fa334b0
0x0000000020d1bcf8:   0000000000000013 000000001f830800
0x0000000020d1bd08:   0000000000000000 0000000000000001
0x0000000020d1bd18:   0000000076c7d4b0 000000001f830800
0x0000000020d1bd28:   0000000020d1bda8 0000000000000000
0x0000000020d1bd38:   0000000020d1bdf0 0000000000000000
0x0000000020d1bd48:   0000000000000013 000000001f830800
0x0000000020d1bd58:   0000000000000000 0000000000000000
0x0000000020d1bd68:   0000000003023cc1 000000001bf096b8 

Instructions: (pc=0x0000000000000000)
0xffffffffffffffe0:   


Register to memory mapping:

RAX=0x0000000000000271 is an unknown value
RBX=0x0000000020d1bfd8 is pointing into the stack for thread: 0x000000001f830800
RCX=0x000000001f8309f8 is an unknown value
RDX=0x0000000020320cb0 is an unknown value
RSP=0x0000000020d1bc78 is pointing into the stack for thread: 0x000000001f830800
RBP=0x0000000020d1bd80 is pointing into the stack for thread: 0x000000001f830800
RSI=0x0000000020320cb0 is an unknown value
RDI=0x000000001f8309f8 is an unknown value
R8 =0x0000000020d1bd80 is pointing into the stack for thread: 0x000000001f830800
R9 =0x0000000000000001 is an unknown value
R10=0x0000000000000028 is an unknown value
R11=0x0000000077317940 is an unknown value
R12=0x000000001fec4a90 is an unknown value
R13=0x00007ffbde5a64e0 is an unknown value
R14=0x00000000fffffe70 is an unknown value
R15=0x00000000fffffde6 is an unknown value


Stack: [0x0000000020c20000,0x0000000020d20000],  sp=0x0000000020d1bc78,  free space=1007k
Native frames: (J=compiled Java code, j=interpreted, Vv=VM code, C=native code)

Java frames: (J=compiled Java code, j=interpreted, Vv=VM code)
j  sun.java2d.loops.Blit.Blit(Lsun/java2d/SurfaceData;Lsun/java2d/SurfaceData;Ljava/awt/Composite;Lsun/java2d/pipe/Region;IIIIII)V+0
j  sun.java2d.pipe.DrawImage.blitSurfaceData(Lsun/java2d/SunGraphics2D;Lsun/java2d/pipe/Region;Lsun/java2d/SurfaceData;Lsun/java2d/SurfaceData;Lsun/java2d/loops/SurfaceType;Lsun/java2d/loops/SurfaceType;IIIIIILjava/awt/Color;)V+97
j  sun.java2d.pipe.DrawImage.renderImageCopy(Lsun/java2d/SunGraphics2D;Ljava/awt/Image;Ljava/awt/Color;IIIIII)Z+75
j  sun.java2d.pipe.DrawImage.copyImage(Lsun/java2d/SunGraphics2D;Ljava/awt/Image;IILjava/awt/Color;)Z+45
j  sun.java2d.pipe.DrawImage.copyImage(Lsun/java2d/SunGraphics2D;Ljava/awt/Image;IILjava/awt/Color;Ljava/awt/image/ImageObserver;)Z+15
j  sun.java2d.SunGraphics2D.drawImage(Ljava/awt/Image;IILjava/awt/Color;Ljava/awt/image/ImageObserver;)Z+66
j  sun.awt.image.ImageRepresentation.drawToBufImage(Ljava/awt/Graphics;Lsun/awt/image/ToolkitImage;IILjava/awt/Color;Ljava/awt/image/ImageObserver;)Z+152
j  sun.java2d.pipe.DrawImage.copyImage(Lsun/java2d/SunGraphics2D;Ljava/awt/Image;IILjava/awt/Color;Ljava/awt/image/ImageObserver;)Z+56
j  sun.java2d.pipe.ValidatePipe.copyImage(Lsun/java2d/SunGraphics2D;Ljava/awt/Image;IILjava/awt/Color;Ljava/awt/image/ImageObserver;)Z+21
j  sun.java2d.SunGraphics2D.drawImage(Ljava/awt/Image;IILjava/awt/Color;Ljava/awt/image/ImageObserver;)Z+66
j  sun.java2d.SunGraphics2D.drawImage(Ljava/awt/Image;IILjava/awt/image/ImageObserver;)Z+7
j  javax.swing.ImageIcon.paintIcon(Ljava/awt/Component;Ljava/awt/Graphics;II)V+16
j  sun.swing.plaf.synth.SynthIcon.paintIcon(Ljavax/swing/Icon;Ljavax/swing/plaf/synth/SynthContext;Ljava/awt/Graphics;IIII)V+39
j  javax.swing.plaf.synth.SynthGraphicsUtils.paintText(Ljavax/swing/plaf/synth/SynthContext;Ljava/awt/Graphics;Ljava/lang/String;Ljavax/swing/Icon;IIIIIII)V+327
j  javax.swing.plaf.synth.SynthLabelUI.paint(Ljavax/swing/plaf/synth/SynthContext;Ljava/awt/Graphics;)V+96
j  javax.swing.plaf.synth.SynthLabelUI.update(Ljava/awt/Graphics;Ljavax/swing/JComponent;)V+33
j  javax.swing.JComponent.paintComponent(Ljava/awt/Graphics;)V+26
j  javax.swing.JComponent.paint(Ljava/awt/Graphics;)V+286
j  javax.swing.JComponent.paintChildren(Ljava/awt/Graphics;)V+501
j  javax.swing.JComponent.paint(Ljava/awt/Graphics;)V+318
j  javax.swing.JComponent.paintChildren(Ljava/awt/Graphics;)V+501
j  javax.swing.JComponent.paint(Ljava/awt/Graphics;)V+318
j  javax.swing.JComponent.paintToOffscreen(Ljava/awt/Graphics;IIIIII)V+41
j  javax.swing.RepaintManager$PaintManager.paintDoubleBuffered(Ljavax/swing/JComponent;Ljava/awt/Image;Ljava/awt/Graphics;IIII)V+163
j  javax.swing.RepaintManager$PaintManager.paint(Ljavax/swing/JComponent;Ljavax/swing/JComponent;Ljava/awt/Graphics;IIII)Z+116
j  javax.swing.RepaintManager.paint(Ljavax/swing/JComponent;Ljavax/swing/JComponent;Ljava/awt/Graphics;IIII)V+51
j  javax.swing.JComponent._paintImmediately(IIII)V+683
j  javax.swing.JComponent.paintImmediately(IIII)V+138
j  javax.swing.RepaintManager$4.run()Ljava/lang/Void;+81
j  javax.swing.RepaintManager$4.run()Ljava/lang/Object;+1
v  ~StubRoutines::call_stub
J 1763  java.security.AccessController.doPrivileged(Ljava/security/PrivilegedAction;Ljava/security/AccessControlContext;)Ljava/lang/Object; (0 bytes) @ 0x00000000034620e6 [0x0000000003462080+0x66]
J 1914 C1 java.security.ProtectionDomain$JavaSecurityAccessImpl.doIntersectionPrivilege(Ljava/security/PrivilegedAction;Ljava/security/AccessControlContext;Ljava/security/AccessControlContext;)Ljava/lang/Object; (22 bytes) @ 0x00000000034cde3c [0x00000000034cd9c0+0x47c]
j  javax.swing.RepaintManager.paintDirtyRegions(Ljava/util/Map;)V+154
j  javax.swing.RepaintManager.paintDirtyRegions()V+46
j  javax.swing.RepaintManager.prePaintDirtyRegions()V+73
j  javax.swing.RepaintManager.access$1200(Ljavax/swing/RepaintManager;)V+1
j  javax.swing.RepaintManager$ProcessingRunnable.run()V+37
j  java.awt.event.InvocationEvent.dispatch()V+47
J 2340 C1 java.awt.EventQueue.dispatchEventImpl(Ljava/awt/AWTEvent;Ljava/lang/Object;)V (149 bytes) @ 0x000000000360f304 [0x000000000360d800+0x1b04]
J 2338 C1 java.awt.EventQueue$3.run()Ljava/lang/Void; (60 bytes) @ 0x000000000360bb5c [0x000000000360b940+0x21c]
J 2337 C1 java.awt.EventQueue$3.run()Ljava/lang/Object; (5 bytes) @ 0x000000000360b5cc [0x000000000360b540+0x8c]
v  ~StubRoutines::call_stub
J 1763  java.security.AccessController.doPrivileged(Ljava/security/PrivilegedAction;Ljava/security/AccessControlContext;)Ljava/lang/Object; (0 bytes) @ 0x00000000034620e6 [0x0000000003462080+0x66]
J 2117 C1 java.awt.EventQueue.dispatchEvent(Ljava/awt/AWTEvent;)V (80 bytes) @ 0x000000000355d72c [0x000000000355cd80+0x9ac]
J 2120 C1 java.awt.EventDispatchThread.pumpOneEventForFilters(I)V (190 bytes) @ 0x000000000356769c [0x0000000003566540+0x115c]
j  java.awt.EventDispatchThread.pumpEventsForFilter(ILjava/awt/Conditional;Ljava/awt/EventFilter;)V+35
j  java.awt.EventDispatchThread.pumpEventsForHierarchy(ILjava/awt/Conditional;Ljava/awt/Component;)V+11
j  java.awt.EventDispatchThread.pumpEvents(ILjava/awt/Conditional;)V+4
j  java.awt.EventDispatchThread.pumpEvents(Ljava/awt/Conditional;)V+3
j  java.awt.EventDispatchThread.run()V+9
v  ~StubRoutines::call_stub

---------------  P R O C E S S  ---------------

Java Threads: ( => current thread )
  0x000000001e6f4800 JavaThread "TimerQueue" daemon [_thread_blocked, id=7708, stack(0x0000000020430000,0x0000000020530000)]
  0x0000000002e22800 JavaThread "DestroyJavaVM" [_thread_blocked, id=22148, stack(0x0000000002d20000,0x0000000002e20000)]
=>0x000000001f830800 JavaThread "AWT-EventQueue-0" [_thread_in_native, id=16500, stack(0x0000000020c20000,0x0000000020d20000)]
  0x000000001f7d5800 JavaThread "AWT-Windows" daemon [_thread_in_native, id=25384, stack(0x0000000020130000,0x0000000020230000)]
  0x000000001f78a000 JavaThread "AWT-Shutdown" [_thread_blocked, id=22408, stack(0x0000000020030000,0x0000000020130000)]
  0x000000001f789800 JavaThread "Java2D Disposer" daemon [_thread_blocked, id=20100, stack(0x000000001ff30000,0x0000000020030000)]
  0x000000001e786800 JavaThread "Service Thread" daemon [_thread_blocked, id=15932, stack(0x000000001f3e0000,0x000000001f4e0000)]
  0x000000001e6f1800 JavaThread "C1 CompilerThread3" daemon [_thread_blocked, id=22712, stack(0x000000001f2e0000,0x000000001f3e0000)]
  0x000000001e6f3000 JavaThread "C2 CompilerThread2" daemon [_thread_blocked, id=30032, stack(0x000000001f1e0000,0x000000001f2e0000)]
  0x000000001e6f2000 JavaThread "C2 CompilerThread1" daemon [_thread_blocked, id=31484, stack(0x000000001f0e0000,0x000000001f1e0000)]
  0x000000001e6e6000 JavaThread "C2 CompilerThread0" daemon [_thread_blocked, id=28624, stack(0x000000001efe0000,0x000000001f0e0000)]
  0x000000001e6e3800 JavaThread "Attach Listener" daemon [_thread_blocked, id=2656, stack(0x000000001eee0000,0x000000001efe0000)]
  0x000000001e6e0800 JavaThread "Signal Dispatcher" daemon [_thread_blocked, id=30416, stack(0x000000001ede0000,0x000000001eee0000)]
  0x000000001e6d0800 JavaThread "Finalizer" daemon [_thread_blocked, id=1832, stack(0x000000001ebb0000,0x000000001ecb0000)]
  0x0000000002f18000 JavaThread "Reference Handler" daemon [_thread_blocked, id=18296, stack(0x000000001eab0000,0x000000001ebb0000)]

Other Threads:
  0x000000001c8d8000 VMThread [stack: 0x000000001e5b0000,0x000000001e6b0000] [id=9988]
  0x000000001e798800 WatcherThread [stack: 0x000000001f4e0000,0x000000001f5e0000] [id=13184]

VM state:not at safepoint (normal execution)

VM Mutex/Monitor currently owned by a thread: None

heap address: 0x00000006c2400000, size: 4060 MB, Compressed Oops mode: Zero based, Oop shift amount: 3
Narrow klass base: 0x0000000000000000, Narrow klass shift: 3
Compressed class space size: 1073741824 Address: 0x00000007c0000000

Heap:
 PSYoungGen      total 75776K, used 34029K [0x000000076b700000, 0x0000000770b80000, 0x00000007c0000000)
  eden space 65024K, 38% used [0x000000076b700000,0x000000076cf6a650,0x000000076f680000)
  from space 10752K, 83% used [0x000000076f680000,0x000000076ff510d0,0x0000000770100000)
  to   space 10752K, 0% used [0x0000000770100000,0x0000000770100000,0x0000000770b80000)
 ParOldGen       total 173568K, used 16K [0x00000006c2400000, 0x00000006ccd80000, 0x000000076b700000)
  object space 173568K, 0% used [0x00000006c2400000,0x00000006c2404000,0x00000006ccd80000)
 Metaspace       used 19743K, capacity 20204K, committed 20480K, reserved 1067008K
  class space    used 2642K, capacity 2772K, committed 2816K, reserved 1048576K

Card table byte_map: [0x00000000122e0000,0x0000000012ad0000] byte_map_base: 0x000000000ecce000

Marking Bits: (ParMarkBitMap*) 0x0000000077325ce0
 Begin Bits: [0x0000000013820000, 0x0000000017790000)
 End Bits:   [0x0000000017790000, 0x000000001b700000)

Polling page: 0x00000000015f0000

CodeCache: size=245760Kb used=7562Kb max_used=7562Kb free=238197Kb
 bounds [0x0000000002f20000, 0x0000000003690000, 0x0000000011f20000]
 total_blobs=3011 nmethods=2462 adapters=461
 compilation: enabled

Compilation events (10 events):
Event: 9.400 Thread 0x000000001e6f1800 2457       1       javax.swing.text.AbstractDocument$BranchElement::getElementCount (5 bytes)
Event: 9.400 Thread 0x000000001e6f1800 nmethod 2457 0x0000000003685f10 code [0x0000000003686060, 0x0000000003686170]
Event: 9.400 Thread 0x000000001e6f1800 2460       3       java.awt.Toolkit::getEventQueue (7 bytes)
Event: 9.401 Thread 0x000000001e6f1800 nmethod 2460 0x00000000036861d0 code [0x0000000003686380, 0x0000000003686928]
Event: 9.401 Thread 0x000000001e6f1800 2459       1       java.awt.Window::isShowing (5 bytes)
Event: 9.401 Thread 0x000000001e6f1800 nmethod 2459 0x0000000003686b90 code [0x0000000003686ce0, 0x0000000003686df0]
Event: 9.401 Thread 0x000000001e6f1800 2461       3       java.awt.Rectangle::setLocation (7 bytes)
Event: 9.401 Thread 0x000000001e6f1800 nmethod 2461 0x0000000003686e50 code [0x0000000003686fa0, 0x00000000036871d0]
Event: 9.401 Thread 0x000000001e6f1800 2462       3       java.awt.Rectangle::move (11 bytes)
Event: 9.401 Thread 0x000000001e6f1800 nmethod 2462 0x0000000003687290 code [0x00000000036873e0, 0x0000000003687530]

GC Heap History (2 events):
Event: 0.927 GC heap before
{Heap before GC invocations=1 (full 0):
 PSYoungGen      total 75776K, used 65024K [0x000000076b700000, 0x0000000770b80000, 0x00000007c0000000)
  eden space 65024K, 100% used [0x000000076b700000,0x000000076f680000,0x000000076f680000)
  from space 10752K, 0% used [0x0000000770100000,0x0000000770100000,0x0000000770b80000)
  to   space 10752K, 0% used [0x000000076f680000,0x000000076f680000,0x0000000770100000)
 ParOldGen       total 173568K, used 0K [0x00000006c2400000, 0x00000006ccd80000, 0x000000076b700000)
  object space 173568K, 0% used [0x00000006c2400000,0x00000006c2400000,0x00000006ccd80000)
 Metaspace       used 16913K, capacity 17388K, committed 17536K, reserved 1064960K
  class space    used 2218K, capacity 2360K, committed 2432K, reserved 1048576K
Event: 0.933 GC heap after
Heap after GC invocations=1 (full 0):
 PSYoungGen      total 75776K, used 9028K [0x000000076b700000, 0x0000000770b80000, 0x00000007c0000000)
  eden space 65024K, 0% used [0x000000076b700000,0x000000076b700000,0x000000076f680000)
  from space 10752K, 83% used [0x000000076f680000,0x000000076ff510d0,0x0000000770100000)
  to   space 10752K, 0% used [0x0000000770100000,0x0000000770100000,0x0000000770b80000)
 ParOldGen       total 173568K, used 16K [0x00000006c2400000, 0x00000006ccd80000, 0x000000076b700000)
  object space 173568K, 0% used [0x00000006c2400000,0x00000006c2404000,0x00000006ccd80000)
 Metaspace       used 16913K, capacity 17388K, committed 17536K, reserved 1064960K
  class space    used 2218K, capacity 2360K, committed 2432K, reserved 1048576K
}

Deoptimization events (10 events):
Event: 3.128 Thread 0x000000001f830800 Uncommon trap: reason=class_check action=maybe_recompile pc=0x000000000308d550 method=java.lang.String.equals(Ljava/lang/Object;)Z @ 8
Event: 3.128 Thread 0x000000001f830800 Uncommon trap: reason=class_check action=maybe_recompile pc=0x000000000308d550 method=java.lang.String.equals(Ljava/lang/Object;)Z @ 8
Event: 3.871 Thread 0x000000001f830800 Uncommon trap: reason=class_check action=maybe_recompile pc=0x000000000308d550 method=java.lang.String.equals(Ljava/lang/Object;)Z @ 8
Event: 3.871 Thread 0x000000001f830800 Uncommon trap: reason=class_check action=maybe_recompile pc=0x000000000308d550 method=java.lang.String.equals(Ljava/lang/Object;)Z @ 8
Event: 4.661 Thread 0x000000001f830800 Uncommon trap: reason=class_check action=maybe_recompile pc=0x0000000003520a4c method=java.util.Hashtable.put(Ljava/lang/Object;Ljava/lang/Object;)Ljava/lang/Object; @ 60
Event: 4.661 Thread 0x000000001f830800 Uncommon trap: reason=class_check action=maybe_recompile pc=0x0000000003520a4c method=java.util.Hashtable.put(Ljava/lang/Object;Ljava/lang/Object;)Ljava/lang/Object; @ 60
Event: 4.661 Thread 0x000000001f830800 Uncommon trap: reason=class_check action=maybe_recompile pc=0x0000000003520a4c method=java.util.Hashtable.put(Ljava/lang/Object;Ljava/lang/Object;)Ljava/lang/Object; @ 60
Event: 4.661 Thread 0x000000001f830800 Uncommon trap: reason=class_check action=maybe_recompile pc=0x0000000003520a4c method=java.util.Hashtable.put(Ljava/lang/Object;Ljava/lang/Object;)Ljava/lang/Object; @ 60
Event: 4.666 Thread 0x000000001f830800 Uncommon trap: reason=unstable_if action=reinterpret pc=0x00000000034e5ed4 method=java.util.HashMap.putVal(ILjava/lang/Object;Ljava/lang/Object;ZZ)Ljava/lang/Object; @ 109
Event: 4.666 Thread 0x000000001f830800 Uncommon trap: reason=unstable_if action=reinterpret pc=0x00000000034e2698 method=java.util.HashMap.putVal(ILjava/lang/Object;Ljava/lang/Object;ZZ)Ljava/lang/Object; @ 109

Classes redefined (0 events):
No events

Internal exceptions (10 events):
Event: 0.186 Thread 0x0000000002e22800 Exception <a 'java/lang/ClassNotFoundException': ToggleButton> (0x000000076bc9b1b0) thrown at [C:\re\workspace\8-2-build-windows-amd64-cygwin\jdk8u202\12323\hotspot\src\share\vm\classfile\systemDictionary.cpp, line 210]
Event: 0.186 Thread 0x0000000002e22800 Exception <a 'java/lang/ClassNotFoundException': javax/swing/JToolBarSeparator> (0x000000076bc9b610) thrown at [C:\re\workspace\8-2-build-windows-amd64-cygwin\jdk8u202\12323\hotspot\src\share\vm\classfile\systemDictionary.cpp, line 210]
Event: 0.186 Thread 0x0000000002e22800 Exception <a 'java/lang/ClassNotFoundException': ToolBarSeparator> (0x000000076bc9baa8) thrown at [C:\re\workspace\8-2-build-windows-amd64-cygwin\jdk8u202\12323\hotspot\src\share\vm\classfile\systemDictionary.cpp, line 210]
Event: 0.187 Thread 0x0000000002e22800 Exception <a 'java/lang/ClassNotFoundException': ToolTip> (0x000000076bc9c1e8) thrown at [C:\re\workspace\8-2-build-windows-amd64-cygwin\jdk8u202\12323\hotspot\src\share\vm\classfile\systemDictionary.cpp, line 210]
Event: 0.187 Thread 0x0000000002e22800 Exception <a 'java/lang/ClassNotFoundException': Tree> (0x000000076bc9ce08) thrown at [C:\re\workspace\8-2-build-windows-amd64-cygwin\jdk8u202\12323\hotspot\src\share\vm\classfile\systemDictionary.cpp, line 210]
Event: 0.187 Thread 0x0000000002e22800 Exception <a 'java/lang/ClassNotFoundException': Tree> (0x000000076bc9d548) thrown at [C:\re\workspace\8-2-build-windows-amd64-cygwin\jdk8u202\12323\hotspot\src\share\vm\classfile\systemDictionary.cpp, line 210]
Event: 0.187 Thread 0x0000000002e22800 Exception <a 'java/lang/ClassNotFoundException': javax/swing/JTreeCell> (0x000000076bc9d8c8) thrown at [C:\re\workspace\8-2-build-windows-amd64-cygwin\jdk8u202\12323\hotspot\src\share\vm\classfile\systemDictionary.cpp, line 210]
Event: 0.187 Thread 0x0000000002e22800 Exception <a 'java/lang/ClassNotFoundException': TreeCell> (0x000000076bc9dd50) thrown at [C:\re\workspace\8-2-build-windows-amd64-cygwin\jdk8u202\12323\hotspot\src\share\vm\classfile\systemDictionary.cpp, line 210]
Event: 0.188 Thread 0x0000000002e22800 Exception <a 'java/lang/ClassNotFoundException': RootPane> (0x000000076bc9e7b0) thrown at [C:\re\workspace\8-2-build-windows-amd64-cygwin\jdk8u202\12323\hotspot\src\share\vm\classfile\systemDictionary.cpp, line 210]
Event: 0.579 Thread 0x000000001f830800 Implicit null exception at 0x00000000031e9ac0 to 0x00000000031e9b41

Events (10 events):
Event: 9.381 loading class userinterface/Orphanage/OrphanageViewDetailsJPanel$1
Event: 9.381 loading class userinterface/Orphanage/OrphanageViewDetailsJPanel$1 done
Event: 9.396 loading class sun/font/StandardGlyphVector
Event: 9.396 loading class java/awt/font/GlyphVector
Event: 9.396 loading class java/awt/font/GlyphVector done
Event: 9.396 loading class sun/font/StandardGlyphVector done
Event: 9.396 loading class sun/font/FontSubstitution
Event: 9.397 loading class sun/font/FontSubstitution done
Event: 9.397 loading class sun/font/StandardGlyphVector$GlyphStrike
Event: 9.397 loading class sun/font/StandardGlyphVector$GlyphStrike done


Dynamic libraries:
0x00007ff72c560000 - 0x00007ff72c597000 	C:\Program Files\Java\jdk1.8.0_202\bin\java.exe
0x00007ffc1fbc0000 - 0x00007ffc1fdc7000 	C:\WINDOWS\SYSTEM32\ntdll.dll
0x00007ffc1ee10000 - 0x00007ffc1eecd000 	C:\WINDOWS\System32\KERNEL32.DLL
0x00007ffc1d240000 - 0x00007ffc1d5b4000 	C:\WINDOWS\System32\KERNELBASE.dll
0x00007ffc1e880000 - 0x00007ffc1e92c000 	C:\WINDOWS\System32\ADVAPI32.dll
0x00007ffc1df50000 - 0x00007ffc1dff3000 	C:\WINDOWS\System32\msvcrt.dll
0x00007ffc1f020000 - 0x00007ffc1f0bd000 	C:\WINDOWS\System32\sechost.dll
0x00007ffc1eef0000 - 0x00007ffc1f011000 	C:\WINDOWS\System32\RPCRT4.dll
0x00007ffc1f1c0000 - 0x00007ffc1f36c000 	C:\WINDOWS\System32\USER32.dll
0x00007ffc1d0a0000 - 0x00007ffc1d0c6000 	C:\WINDOWS\System32\win32u.dll
0x00007ffc1e850000 - 0x00007ffc1e879000 	C:\WINDOWS\System32\GDI32.dll
0x00007ffc1d930000 - 0x00007ffc1da42000 	C:\WINDOWS\System32\gdi32full.dll
0x00007ffc1d5c0000 - 0x00007ffc1d65d000 	C:\WINDOWS\System32\msvcp_win.dll
0x00007ffc1d810000 - 0x00007ffc1d921000 	C:\WINDOWS\System32\ucrtbase.dll
0x00007ffbfdf60000 - 0x00007ffbfe205000 	C:\WINDOWS\WinSxS\amd64_microsoft.windows.common-controls_6595b64144ccf1df_6.0.22000.120_none_9d947278b86cc467\COMCTL32.dll
0x00007ffc1e000000 - 0x00007ffc1e031000 	C:\WINDOWS\System32\IMM32.DLL
0x0000000077c50000 - 0x0000000077d22000 	C:\Program Files\Java\jdk1.8.0_202\jre\bin\msvcr100.dll
0x0000000076b00000 - 0x00000000773a5000 	C:\Program Files\Java\jdk1.8.0_202\jre\bin\server\jvm.dll
0x00007ffc1f0c0000 - 0x00007ffc1f0c8000 	C:\WINDOWS\System32\PSAPI.DLL
0x00007ffc17eb0000 - 0x00007ffc17ee3000 	C:\WINDOWS\SYSTEM32\WINMM.dll
0x00007ffc187e0000 - 0x00007ffc187e9000 	C:\WINDOWS\SYSTEM32\WSOCK32.dll
0x00007ffc15e20000 - 0x00007ffc15e2a000 	C:\WINDOWS\SYSTEM32\VERSION.dll
0x00007ffc1eda0000 - 0x00007ffc1ee0f000 	C:\WINDOWS\System32\WS2_32.dll
0x00007ffc0c400000 - 0x00007ffc0c40f000 	C:\Program Files\Java\jdk1.8.0_202\jre\bin\verify.dll
0x00007ffc0b570000 - 0x00007ffc0b599000 	C:\Program Files\Java\jdk1.8.0_202\jre\bin\java.dll
0x00007ffc0c220000 - 0x00007ffc0c236000 	C:\Program Files\Java\jdk1.8.0_202\jre\bin\zip.dll
0x00007ffc1e040000 - 0x00007ffc1e7ea000 	C:\WINDOWS\System32\SHELL32.dll
0x00007ffc1b240000 - 0x00007ffc1baa2000 	C:\WINDOWS\SYSTEM32\windows.storage.dll
0x00007ffc1da50000 - 0x00007ffc1ddc8000 	C:\WINDOWS\System32\combase.dll
0x00007ffc1b0d0000 - 0x00007ffc1b236000 	C:\WINDOWS\SYSTEM32\wintypes.dll
0x00007ffc1eca0000 - 0x00007ffc1ed8a000 	C:\WINDOWS\System32\SHCORE.dll
0x00007ffc1e7f0000 - 0x00007ffc1e84d000 	C:\WINDOWS\System32\shlwapi.dll
0x00007ffc1cfd0000 - 0x00007ffc1cff1000 	C:\WINDOWS\SYSTEM32\profapi.dll
0x00007ffbde460000 - 0x00007ffbde5f9000 	C:\Program Files\Java\jdk1.8.0_202\jre\bin\awt.dll
0x00007ffc1eb10000 - 0x00007ffc1ebe6000 	C:\WINDOWS\System32\OLEAUT32.dll
0x00007ffc1a2b0000 - 0x00007ffc1a341000 	C:\WINDOWS\SYSTEM32\apphelp.dll
0x00007ffc1a460000 - 0x00007ffc1a50c000 	C:\WINDOWS\system32\uxtheme.dll
0x00007ffc1fa60000 - 0x00007ffc1fb7e000 	C:\WINDOWS\System32\MSCTF.dll
0x00007ffc1f3e0000 - 0x00007ffc1f57a000 	C:\WINDOWS\System32\ole32.dll
0x00007ffc1c240000 - 0x00007ffc1c258000 	C:\WINDOWS\SYSTEM32\kernel.appcore.dll
0x00007ffc1d790000 - 0x00007ffc1d810000 	C:\WINDOWS\System32\bcryptPrimitives.dll
0x00007ffc1a800000 - 0x00007ffc1a82f000 	C:\WINDOWS\system32\DWMAPI.DLL
0x00007ffbecce0000 - 0x00007ffbecd27000 	C:\Program Files\Java\jdk1.8.0_202\jre\bin\fontmanager.dll
0x00007ffbe2930000 - 0x00007ffbe2a31000 	C:\WINDOWS\system32\opengl32.dll
0x00007ffbe2900000 - 0x00007ffbe292d000 	C:\WINDOWS\SYSTEM32\GLU32.dll
0x00007ffc1a560000 - 0x00007ffc1a598000 	C:\WINDOWS\SYSTEM32\dxcore.dll
0x00007ffc1ebf0000 - 0x00007ffc1ec9f000 	C:\WINDOWS\System32\clbcatq.dll
0x00007ffc15ad0000 - 0x00007ffc15c7e000 	C:\WINDOWS\SYSTEM32\WindowsCodecs.dll
0x00007ffbe1240000 - 0x00007ffbe129d000 	C:\WINDOWS\system32\dataexchange.dll
0x00007ffc182f0000 - 0x00007ffc18556000 	C:\WINDOWS\system32\twinapi.appcore.dll
0x00007ffc0c160000 - 0x00007ffc0c17a000 	C:\Program Files\Java\jdk1.8.0_202\jre\bin\net.dll
0x00007ffc12140000 - 0x00007ffc1232e000 	C:\WINDOWS\SYSTEM32\urlmon.dll
0x00007ffc11ca0000 - 0x00007ffc11f52000 	C:\WINDOWS\SYSTEM32\iertutil.dll
0x00007ffc11c70000 - 0x00007ffc11c98000 	C:\WINDOWS\SYSTEM32\srvcli.dll
0x00007ffc1bcf0000 - 0x00007ffc1bcfc000 	C:\WINDOWS\SYSTEM32\netutils.dll
0x00007ffc1c6c0000 - 0x00007ffc1c727000 	C:\WINDOWS\system32\mswsock.dll
0x00007ffc0b2f0000 - 0x00007ffc0b302000 	C:\Program Files\Java\jdk1.8.0_202\jre\bin\nio.dll
0x00007ffbec0c0000 - 0x00007ffbec102000 	C:\Program Files\Java\jdk1.8.0_202\jre\bin\t2k.dll
0x00007ffbf4630000 - 0x00007ffbf475d000 	C:\WINDOWS\SYSTEM32\textinputframework.dll
0x00007ffc0aa20000 - 0x00007ffc0aa4a000 	C:\Program Files\Java\jdk1.8.0_202\jre\bin\dcpr.dll
0x00007ffc19e70000 - 0x00007ffc19fa2000 	C:\WINDOWS\SYSTEM32\CoreMessaging.dll
0x00007ffc17420000 - 0x00007ffc1778d000 	C:\WINDOWS\SYSTEM32\CoreUIComponents.dll
0x00007ffc1c900000 - 0x00007ffc1c90c000 	C:\WINDOWS\SYSTEM32\CRYPTBASE.DLL
0x00007ffc1ac20000 - 0x00007ffc1ae41000 	C:\WINDOWS\SYSTEM32\dbghelp.dll

VM Arguments:
jvm_args: -Dfile.encoding=UTF-8 
java_command: userinterface.MainJFrame
java_class_path (initial): C:\Users\91914\OneDrive\Desktop\New folder (5)\FinalProject5100\db4o-8.0.184.15484-all-java5.jar;C:\Users\91914\OneDrive\Desktop\New folder (5)\FinalProject5100\AbsoluteLayout.jar;C:\Users\91914\OneDrive\Desktop\New folder (5)\FinalProject5100\javax.mail.jar;C:\Users\91914\OneDrive\Desktop\New folder (5)\FinalProject5100\build\classes
Launcher Type: SUN_STANDARD

Environment Variables:
JAVA_HOME=C:\Program Files\Java\jdk-16.0.2
PATH=C:\Program Files (x86)\Common Files\Oracle\Java\javapath;C:\Program Files\Common Files\Oracle\Java\javapath;C:\Windows\system32;C:\Windows;C:\Windows\System32\Wbem;C:\Windows\System32\WindowsPowerShell\v1.0\;C:\Windows\System32\OpenSSH\;C:\Program Files (x86)\NVIDIA Corporation\PhysX\Common;C:\Program Files\NVIDIA Corporation\NVIDIA NvDLISR;C:\WINDOWS\system32;C:\WINDOWS;C:\WINDOWS\System32\Wbem;C:\WINDOWS\System32\WindowsPowerShell\v1.0\;C:\WINDOWS\System32\OpenSSH\;C:\Android;C:\Program Files\Microsoft SQL Server\Client SDK\ODBC\170\Tools\Binn\;C:\Program Files (x86)\Microsoft SQL Server\150\Tools\Binn\;C:\Program Files\Microsoft SQL Server\150\Tools\Binn\;C:\Program Files\Microsoft SQL Server\150\DTS\Binn\;C:\Program Files (x86)\Microsoft SQL Server\150\DTS\Binn\;C:\Program Files\Azure Data Studio\bin;C:\Program Files\Java\jdk-16.0.2\bin;C:\Program Files\Common Files\Tom Sawyer Software\10.0.0;C:\Program Files\Git\cmd;C:\Program Files\Microsoft SQL Server\130\Tools\Binn\;C:\Program Files (x86)\Microsoft SQL Server\110\DTS\Binn\;C:\Program Files (x86)\Microsoft SQL Server\120\DTS\Binn\;C:\Program Files (x86)\Microsoft SQL Server\130\DTS\Binn\;C:\Program Files (x86)\Microsoft SQL Server\140\DTS\Binn\;C:\Users\91914\AppData\Local\Microsoft\WindowsApps;C:\Program Files\Azure Data Studio\bin;C:\Users\91914\AppData\Local\GitHubDesktop\bin;
USERNAME=Lucifer
OS=Windows_NT
PROCESSOR_IDENTIFIER=Intel64 Family 6 Model 158 Stepping 10, GenuineIntel



---------------  S Y S T E M  ---------------

OS: Windows 10.0 , 64 bit Build 22000 (10.0.22000.318)

CPU:total 8 (initial active 8) (4 cores per cpu, 2 threads per core) family 6 model 158 stepping 10, cmov, cx8, fxsr, mmx, sse, sse2, sse3, ssse3, sse4.1, sse4.2, popcnt, avx, avx2, aes, clmul, erms, 3dnowpref, lzcnt, ht, tsc, tscinvbit, bmi1, bmi2, adx

Memory: 4k page, physical 16621812k(5513248k free), swap 23175412k(4671728k free)

vm_info: Java HotSpot(TM) 64-Bit Server VM (25.202-b08) for windows-amd64 JRE (1.8.0_202-b08), built on Dec 15 2018 19:54:30 by "java_re" with MS VC++ 10.0 (VS2010)

time: Sun Dec 12 21:49:20 2021
timezone: Eastern Standard Time
elapsed time: 9 seconds (0d 0h 0m 9s)

