#
# A fatal error has been detected by the Java Runtime Environment:
#
#  EXCEPTION_ACCESS_VIOLATION (0xc0000005) at pc=0x0000000000000000, pid=26260, tid=0x000000000000743c
#
# JRE version: Java(TM) SE Runtime Environment (8.0_202-b08) (build 1.8.0_202-b08)
# Java VM: Java HotSpot(TM) 64-Bit Server VM (25.202-b08 mixed mode windows-amd64 compressed oops)
# Problematic frame:
# C  0x0000000000000000
#
# Failed to write core dump. Minidumps are not enabled by default on client versions of Windows
#
# If you would like to submit a bug report, please visit:
#   http://bugreport.java.com/bugreport/crash.jsp
# The crash happened outside the Java Virtual Machine in native code.
# See problematic frame for where to report the bug.
#

---------------  T H R E A D  ---------------

Current thread (0x000000001f568000):  JavaThread "AWT-EventQueue-0" [_thread_in_native, id=29756, stack(0x00000000208e0000,0x00000000209e0000)]

siginfo: ExceptionCode=0xc0000005, ExceptionInformation=0x0000000000000008 0x0000000000000000

Registers:
RAX=0x000000000000027e, RBX=0x00000000209dbe58, RCX=0x000000001f5681f8, RDX=0x0000000020320cb0
RSP=0x00000000209dbb98, RBP=0x00000000209dbca0, RSI=0x0000000020320cb0, RDI=0x000000001f5681f8
R8 =0x00000000209dbca0, R9 =0x0000000000000001, R10=0x000000000000006e, R11=0x0000000077317940
R12=0x000000001f9f8020, R13=0x00007ffbde5a64e0, R14=0x00000000fffffec1, R15=0x00000000fffffdd9
RIP=0x0000000000000000, EFLAGS=0x0000000000010287

Top of Stack: (sp=0x00000000209dbb98)
0x00000000209dbb98:   00007ffbde464eea 00000000209dbe58
0x00000000209dbba8:   00000000209dbca0 0000000020320cb0
0x00000000209dbbb8:   0000000000000013 000000001f568000
0x00000000209dbbc8:   0000000000000000 0000000000000001
0x00000000209dbbd8:   0000000076c7d4b0 000000001f568000
0x00000000209dbbe8:   00000000209dbe50 0000000000000000
0x00000000209dbbf8:   00000000209dbcb0 000002270000013f
0x00000000209dbc08:   0000027e000001ca 000000001f568000
0x00000000209dbc18:   0000000000000000 0000000000000000
0x00000000209dbc28:   0000000002dd3bc1 000000001bcb96b8
0x00000000209dbc38:   0000000000000013 000000076d8d7ad8
0x00000000209dbc48:   0000000000000000 00000000209dbc78
0x00000000209dbc58:   0000000000000000 0000000000000013
0x00000000209dbc68:   000000076fa175a0 00000000209dbc70
0x00000000209dbc78:   000000076fa175a0 00000000209dbce8
0x00000000209dbc88:   0000000022cf8a08 0000000000000000 

Instructions: (pc=0x0000000000000000)
0xffffffffffffffe0:   


Register to memory mapping:

RAX=0x000000000000027e is an unknown value
RBX=0x00000000209dbe58 is pointing into the stack for thread: 0x000000001f568000
RCX=0x000000001f5681f8 is an unknown value
RDX=0x0000000020320cb0 is pointing into metadata
RSP=0x00000000209dbb98 is pointing into the stack for thread: 0x000000001f568000
RBP=0x00000000209dbca0 is pointing into the stack for thread: 0x000000001f568000
RSI=0x0000000020320cb0 is pointing into metadata
RDI=0x000000001f5681f8 is an unknown value
R8 =0x00000000209dbca0 is pointing into the stack for thread: 0x000000001f568000
R9 =0x0000000000000001 is an unknown value
R10=0x000000000000006e is an unknown value
R11=0x0000000077317940 is an unknown value
R12=0x000000001f9f8020 is an unknown value
R13=0x00007ffbde5a64e0 is an unknown value
R14=0x00000000fffffec1 is an unknown value
R15=0x00000000fffffdd9 is an unknown value


Stack: [0x00000000208e0000,0x00000000209e0000],  sp=0x00000000209dbb98,  free space=1006k
Native frames: (J=compiled Java code, j=interpreted, Vv=VM code, C=native code)

Java frames: (J=compiled Java code, j=interpreted, Vv=VM code)
J 2960  sun.java2d.loops.Blit.Blit(Lsun/java2d/SurfaceData;Lsun/java2d/SurfaceData;Ljava/awt/Composite;Lsun/java2d/pipe/Region;IIIIII)V (0 bytes) @ 0x00000000035a73d3 [0x00000000035a7300+0xd3]
J 2393 C1 sun.java2d.pipe.DrawImage.blitSurfaceData(Lsun/java2d/SunGraphics2D;Lsun/java2d/pipe/Region;Lsun/java2d/SurfaceData;Lsun/java2d/SurfaceData;Lsun/java2d/loops/SurfaceType;Lsun/java2d/loops/SurfaceType;IIIIIILjava/awt/Color;)V (145 bytes) @ 0x000000000341cb54 [0x000000000341bd20+0xe34]
J 2392 C1 sun.java2d.pipe.DrawImage.renderImageCopy(Lsun/java2d/SunGraphics2D;Ljava/awt/Image;Ljava/awt/Color;IIIIII)Z (147 bytes) @ 0x000000000341a6ec [0x000000000341a160+0x58c]
j  sun.java2d.pipe.DrawImage.copyImage(Lsun/java2d/SunGraphics2D;Ljava/awt/Image;IILjava/awt/Color;)Z+45
j  sun.java2d.pipe.DrawImage.copyImage(Lsun/java2d/SunGraphics2D;Ljava/awt/Image;IILjava/awt/Color;Ljava/awt/image/ImageObserver;)Z+15
j  sun.java2d.SunGraphics2D.drawImage(Ljava/awt/Image;IILjava/awt/Color;Ljava/awt/image/ImageObserver;)Z+66
j  sun.awt.image.ImageRepresentation.drawToBufImage(Ljava/awt/Graphics;Lsun/awt/image/ToolkitImage;IILjava/awt/Color;Ljava/awt/image/ImageObserver;)Z+152
j  sun.java2d.pipe.DrawImage.copyImage(Lsun/java2d/SunGraphics2D;Ljava/awt/Image;IILjava/awt/Color;Ljava/awt/image/ImageObserver;)Z+56
j  sun.java2d.pipe.ValidatePipe.copyImage(Lsun/java2d/SunGraphics2D;Ljava/awt/Image;IILjava/awt/Color;Ljava/awt/image/ImageObserver;)Z+21
j  sun.java2d.SunGraphics2D.drawImage(Ljava/awt/Image;IILjava/awt/Color;Ljava/awt/image/ImageObserver;)Z+66
j  sun.java2d.SunGraphics2D.drawImage(Ljava/awt/Image;IILjava/awt/image/ImageObserver;)Z+7
j  javax.swing.ImageIcon.paintIcon(Ljava/awt/Component;Ljava/awt/Graphics;II)V+16
j  sun.swing.plaf.synth.SynthIcon.paintIcon(Ljavax/swing/Icon;Ljavax/swing/plaf/synth/SynthContext;Ljava/awt/Graphics;IIII)V+39
J 2924 C1 javax.swing.plaf.synth.SynthGraphicsUtils.paintText(Ljavax/swing/plaf/synth/SynthContext;Ljava/awt/Graphics;Ljava/lang/String;Ljavax/swing/Icon;IIIIIII)V (413 bytes) @ 0x00000000035a1904 [0x00000000035a0380+0x1584]
j  javax.swing.plaf.synth.SynthLabelUI.paint(Ljavax/swing/plaf/synth/SynthContext;Ljava/awt/Graphics;)V+96
j  javax.swing.plaf.synth.SynthLabelUI.update(Ljava/awt/Graphics;Ljavax/swing/JComponent;)V+33
J 2662 C1 javax.swing.JComponent.paintComponent(Ljava/awt/Graphics;)V (44 bytes) @ 0x0000000003504874 [0x0000000003504600+0x274]
J 2649 C1 javax.swing.JComponent.paint(Ljava/awt/Graphics;)V (409 bytes) @ 0x00000000034f00cc [0x00000000034ee840+0x188c]
J 2651 C1 javax.swing.JComponent.paintChildren(Ljava/awt/Graphics;)V (669 bytes) @ 0x00000000034f5fcc [0x00000000034f2c00+0x33cc]
J 2649 C1 javax.swing.JComponent.paint(Ljava/awt/Graphics;)V (409 bytes) @ 0x00000000034f056c [0x00000000034ee840+0x1d2c]
J 2651 C1 javax.swing.JComponent.paintChildren(Ljava/awt/Graphics;)V (669 bytes) @ 0x00000000034f5fcc [0x00000000034f2c00+0x33cc]
J 2649 C1 javax.swing.JComponent.paint(Ljava/awt/Graphics;)V (409 bytes) @ 0x00000000034f056c [0x00000000034ee840+0x1d2c]
j  javax.swing.JComponent.paintToOffscreen(Ljava/awt/Graphics;IIIIII)V+41
j  javax.swing.RepaintManager$PaintManager.paintDoubleBuffered(Ljavax/swing/JComponent;Ljava/awt/Image;Ljava/awt/Graphics;IIII)V+163
j  javax.swing.RepaintManager$PaintManager.paint(Ljavax/swing/JComponent;Ljavax/swing/JComponent;Ljava/awt/Graphics;IIII)Z+116
j  javax.swing.RepaintManager.paint(Ljavax/swing/JComponent;Ljavax/swing/JComponent;Ljava/awt/Graphics;IIII)V+51
j  javax.swing.JComponent._paintImmediately(IIII)V+683
j  javax.swing.JComponent.paintImmediately(IIII)V+138
j  javax.swing.RepaintManager$4.run()Ljava/lang/Void;+81
j  javax.swing.RepaintManager$4.run()Ljava/lang/Object;+1
v  ~StubRoutines::call_stub
J 1739  java.security.AccessController.doPrivileged(Ljava/security/PrivilegedAction;Ljava/security/AccessControlContext;)Ljava/lang/Object; (0 bytes) @ 0x000000000321ad66 [0x000000000321ad00+0x66]
J 1859 C1 java.security.ProtectionDomain$JavaSecurityAccessImpl.doIntersectionPrivilege(Ljava/security/PrivilegedAction;Ljava/security/AccessControlContext;Ljava/security/AccessControlContext;)Ljava/lang/Object; (22 bytes) @ 0x000000000326957c [0x0000000003269100+0x47c]
j  javax.swing.RepaintManager.paintDirtyRegions(Ljava/util/Map;)V+154
j  javax.swing.RepaintManager.paintDirtyRegions()V+46
j  javax.swing.RepaintManager.prePaintDirtyRegions()V+73
j  javax.swing.RepaintManager.access$1200(Ljavax/swing/RepaintManager;)V+1
j  javax.swing.RepaintManager$ProcessingRunnable.run()V+37
J 2481 C1 java.awt.event.InvocationEvent.dispatch()V (69 bytes) @ 0x0000000003450a54 [0x0000000003450840+0x214]
J 2171 C1 java.awt.EventQueue.dispatchEventImpl(Ljava/awt/AWTEvent;Ljava/lang/Object;)V (149 bytes) @ 0x000000000334d184 [0x000000000334b680+0x1b04]
J 2169 C1 java.awt.EventQueue$3.run()Ljava/lang/Void; (60 bytes) @ 0x0000000003346bdc [0x00000000033469c0+0x21c]
J 2168 C1 java.awt.EventQueue$3.run()Ljava/lang/Object; (5 bytes) @ 0x000000000334664c [0x00000000033465c0+0x8c]
v  ~StubRoutines::call_stub
J 1739  java.security.AccessController.doPrivileged(Ljava/security/PrivilegedAction;Ljava/security/AccessControlContext;)Ljava/lang/Object; (0 bytes) @ 0x000000000321ad66 [0x000000000321ad00+0x66]
J 2007 C1 java.awt.EventQueue.dispatchEvent(Ljava/awt/AWTEvent;)V (80 bytes) @ 0x00000000032daaac [0x00000000032da100+0x9ac]
J 2008 C1 java.awt.EventDispatchThread.pumpOneEventForFilters(I)V (190 bytes) @ 0x00000000032dd31c [0x00000000032dc1c0+0x115c]
j  java.awt.EventDispatchThread.pumpEventsForFilter(ILjava/awt/Conditional;Ljava/awt/EventFilter;)V+35
j  java.awt.EventDispatchThread.pumpEventsForHierarchy(ILjava/awt/Conditional;Ljava/awt/Component;)V+11
j  java.awt.EventDispatchThread.pumpEvents(ILjava/awt/Conditional;)V+4
j  java.awt.EventDispatchThread.pumpEvents(Ljava/awt/Conditional;)V+3
j  java.awt.EventDispatchThread.run()V+9
v  ~StubRoutines::call_stub

---------------  P R O C E S S  ---------------

Java Threads: ( => current thread )
  0x000000001fb98000 JavaThread "TimerQueue" daemon [_thread_blocked, id=14952, stack(0x00000000200f0000,0x00000000201f0000)]
  0x0000000002bd2800 JavaThread "DestroyJavaVM" [_thread_blocked, id=27824, stack(0x00000000029e0000,0x0000000002ae0000)]
=>0x000000001f568000 JavaThread "AWT-EventQueue-0" [_thread_in_native, id=29756, stack(0x00000000208e0000,0x00000000209e0000)]
  0x000000001f54f800 JavaThread "AWT-Windows" daemon [_thread_in_native, id=7228, stack(0x000000001feb0000,0x000000001ffb0000)]
  0x000000001f54b800 JavaThread "AWT-Shutdown" [_thread_blocked, id=21988, stack(0x000000001fdb0000,0x000000001feb0000)]
  0x000000001f54b000 JavaThread "Java2D Disposer" daemon [_thread_blocked, id=30884, stack(0x000000001fcb0000,0x000000001fdb0000)]
  0x000000001e535000 JavaThread "Service Thread" daemon [_thread_blocked, id=15376, stack(0x000000001f160000,0x000000001f260000)]
  0x000000001e49f000 JavaThread "C1 CompilerThread3" daemon [_thread_blocked, id=14588, stack(0x000000001f060000,0x000000001f160000)]
  0x000000001e49b000 JavaThread "C2 CompilerThread2" daemon [_thread_blocked, id=19340, stack(0x000000001ef60000,0x000000001f060000)]
  0x000000001e49a800 JavaThread "C2 CompilerThread1" daemon [_thread_blocked, id=22292, stack(0x000000001ee60000,0x000000001ef60000)]
  0x000000001e497800 JavaThread "C2 CompilerThread0" daemon [_thread_blocked, id=30696, stack(0x000000001ed60000,0x000000001ee60000)]
  0x000000001e492000 JavaThread "Attach Listener" daemon [_thread_blocked, id=16656, stack(0x000000001ec60000,0x000000001ed60000)]
  0x000000001e48f000 JavaThread "Signal Dispatcher" daemon [_thread_blocked, id=21524, stack(0x000000001eb60000,0x000000001ec60000)]
  0x000000001c693800 JavaThread "Finalizer" daemon [_thread_blocked, id=29000, stack(0x000000001e960000,0x000000001ea60000)]
  0x0000000002cc7800 JavaThread "Reference Handler" daemon [_thread_blocked, id=24680, stack(0x000000001e860000,0x000000001e960000)]

Other Threads:
  0x000000001c687800 VMThread [stack: 0x000000001e360000,0x000000001e460000] [id=22980]
  0x000000001e547000 WatcherThread [stack: 0x000000001f260000,0x000000001f360000] [id=27344]

VM state:not at safepoint (normal execution)

VM Mutex/Monitor currently owned by a thread: None

heap address: 0x00000006c2400000, size: 4060 MB, Compressed Oops mode: Zero based, Oop shift amount: 3
Narrow klass base: 0x0000000000000000, Narrow klass shift: 3
Compressed class space size: 1073741824 Address: 0x00000007c0000000

Heap:
 PSYoungGen      total 75776K, used 44872K [0x000000076b700000, 0x0000000770b80000, 0x00000007c0000000)
  eden space 65024K, 55% used [0x000000076b700000,0x000000076d9f9fb8,0x000000076f680000)
  from space 10752K, 84% used [0x000000076f680000,0x000000076ff58208,0x0000000770100000)
  to   space 10752K, 0% used [0x0000000770100000,0x0000000770100000,0x0000000770b80000)
 ParOldGen       total 173568K, used 24K [0x00000006c2400000, 0x00000006ccd80000, 0x000000076b700000)
  object space 173568K, 0% used [0x00000006c2400000,0x00000006c2406000,0x00000006ccd80000)
 Metaspace       used 20268K, capacity 20816K, committed 20992K, reserved 1067008K
  class space    used 2663K, capacity 2808K, committed 2816K, reserved 1048576K

Card table byte_map: [0x0000000012090000,0x0000000012880000] byte_map_base: 0x000000000ea7e000

Marking Bits: (ParMarkBitMap*) 0x0000000077325ce0
 Begin Bits: [0x00000000135d0000, 0x0000000017540000)
 End Bits:   [0x0000000017540000, 0x000000001b4b0000)

Polling page: 0x0000000001150000

CodeCache: size=245760Kb used=9484Kb max_used=9502Kb free=236275Kb
 bounds [0x0000000002cd0000, 0x0000000003620000, 0x0000000011cd0000]
 total_blobs=3613 nmethods=3060 adapters=465
 compilation: enabled

Compilation events (10 events):
Event: 32.645 Thread 0x000000001e49f000 3089       3       java.awt.image.DirectColorModel::getGreenMask (7 bytes)
Event: 32.645 Thread 0x000000001e49f000 nmethod 3089 0x0000000003611d10 code [0x0000000003611e60, 0x0000000003611ff0]
Event: 32.645 Thread 0x000000001e49f000 3090       3       sun.java2d.StateTrackableDelegate::createInstance (80 bytes)
Event: 32.645 Thread 0x000000001e49f000 nmethod 3090 0x0000000003615c50 code [0x0000000003615e00, 0x0000000003616348]
Event: 32.645 Thread 0x000000001e49f000 3091       3       sun.java2d.Disposer::addRecord (17 bytes)
Event: 32.645 Thread 0x000000001e49f000 nmethod 3091 0x0000000003616590 code [0x0000000003616700, 0x00000000036169c8]
Event: 32.645 Thread 0x000000001e49f000 3092       3       sun.java2d.SurfaceData::<init> (36 bytes)
Event: 32.645 Thread 0x000000001e49f000 nmethod 3092 0x0000000003616b50 code [0x0000000003616cc0, 0x0000000003616f90]
Event: 32.646 Thread 0x000000001e49f000 3093       3       java.lang.Double::doubleToLongBits (33 bytes)
Event: 32.646 Thread 0x000000001e49f000 nmethod 3093 0x0000000003611950 code [0x0000000003611aa0, 0x0000000003611c90]

GC Heap History (2 events):
Event: 0.896 GC heap before
{Heap before GC invocations=1 (full 0):
 PSYoungGen      total 75776K, used 65024K [0x000000076b700000, 0x0000000770b80000, 0x00000007c0000000)
  eden space 65024K, 100% used [0x000000076b700000,0x000000076f680000,0x000000076f680000)
  from space 10752K, 0% used [0x0000000770100000,0x0000000770100000,0x0000000770b80000)
  to   space 10752K, 0% used [0x000000076f680000,0x000000076f680000,0x0000000770100000)
 ParOldGen       total 173568K, used 0K [0x00000006c2400000, 0x00000006ccd80000, 0x000000076b700000)
  object space 173568K, 0% used [0x00000006c2400000,0x00000006c2400000,0x00000006ccd80000)
 Metaspace       used 16904K, capacity 17380K, committed 17536K, reserved 1064960K
  class space    used 2218K, capacity 2360K, committed 2432K, reserved 1048576K
Event: 0.902 GC heap after
Heap after GC invocations=1 (full 0):
 PSYoungGen      total 75776K, used 9056K [0x000000076b700000, 0x0000000770b80000, 0x00000007c0000000)
  eden space 65024K, 0% used [0x000000076b700000,0x000000076b700000,0x000000076f680000)
  from space 10752K, 84% used [0x000000076f680000,0x000000076ff58208,0x0000000770100000)
  to   space 10752K, 0% used [0x0000000770100000,0x0000000770100000,0x0000000770b80000)
 ParOldGen       total 173568K, used 24K [0x00000006c2400000, 0x00000006ccd80000, 0x000000076b700000)
  object space 173568K, 0% used [0x00000006c2400000,0x00000006c2406000,0x00000006ccd80000)
 Metaspace       used 16904K, capacity 17380K, committed 17536K, reserved 1064960K
  class space    used 2218K, capacity 2360K, committed 2432K, reserved 1048576K
}

Deoptimization events (10 events):
Event: 5.438 Thread 0x000000001f568000 Uncommon trap: reason=class_check action=maybe_recompile pc=0x00000000032b5818 method=java.util.Hashtable.put(Ljava/lang/Object;Ljava/lang/Object;)Ljava/lang/Object; @ 60
Event: 5.438 Thread 0x000000001f568000 Uncommon trap: reason=class_check action=maybe_recompile pc=0x00000000032b5818 method=java.util.Hashtable.put(Ljava/lang/Object;Ljava/lang/Object;)Ljava/lang/Object; @ 60
Event: 8.917 Thread 0x000000001f568000 Uncommon trap: reason=bimorphic action=maybe_recompile pc=0x00000000033c2510 method=java.util.Hashtable.put(Ljava/lang/Object;Ljava/lang/Object;)Ljava/lang/Object; @ 60
Event: 8.918 Thread 0x000000001f568000 Uncommon trap: reason=bimorphic action=maybe_recompile pc=0x00000000033c2510 method=java.util.Hashtable.put(Ljava/lang/Object;Ljava/lang/Object;)Ljava/lang/Object; @ 60
Event: 8.918 Thread 0x000000001f568000 Uncommon trap: reason=bimorphic action=maybe_recompile pc=0x00000000033c2510 method=java.util.Hashtable.put(Ljava/lang/Object;Ljava/lang/Object;)Ljava/lang/Object; @ 60
Event: 8.918 Thread 0x000000001f568000 Uncommon trap: reason=bimorphic action=maybe_recompile pc=0x00000000033c2510 method=java.util.Hashtable.put(Ljava/lang/Object;Ljava/lang/Object;)Ljava/lang/Object; @ 60
Event: 8.945 Thread 0x000000001f568000 Uncommon trap: reason=unstable_if action=reinterpret pc=0x00000000033cf4e0 method=java.awt.MultipleGradientPaintContext.indexIntoGradientsArrays(F)I @ 24
Event: 8.945 Thread 0x000000001f568000 Uncommon trap: reason=unstable_if action=reinterpret pc=0x00000000032e8b8c method=java.awt.MultipleGradientPaintContext.indexIntoGradientsArrays(F)I @ 24
Event: 8.945 Thread 0x000000001f568000 Uncommon trap: reason=unstable_if action=reinterpret pc=0x000000000339d118 method=java.awt.MultipleGradientPaintContext.indexIntoGradientsArrays(F)I @ 24
Event: 12.984 Thread 0x000000001f568000 Uncommon trap: reason=unstable_if action=reinterpret pc=0x00000000034160b0 method=java.awt.Container.findComponentAtImpl(IIZ)Ljava/awt/Component; @ 131

Classes redefined (0 events):
No events

Internal exceptions (10 events):
Event: 0.182 Thread 0x0000000002bd2800 Exception <a 'java/lang/ClassNotFoundException': ToolBarSeparator> (0x000000076bc9baa8) thrown at [C:\re\workspace\8-2-build-windows-amd64-cygwin\jdk8u202\12323\hotspot\src\share\vm\classfile\systemDictionary.cpp, line 210]
Event: 0.182 Thread 0x0000000002bd2800 Exception <a 'java/lang/ClassNotFoundException': ToolTip> (0x000000076bc9c1e8) thrown at [C:\re\workspace\8-2-build-windows-amd64-cygwin\jdk8u202\12323\hotspot\src\share\vm\classfile\systemDictionary.cpp, line 210]
Event: 0.183 Thread 0x0000000002bd2800 Exception <a 'java/lang/ClassNotFoundException': Tree> (0x000000076bc9ce08) thrown at [C:\re\workspace\8-2-build-windows-amd64-cygwin\jdk8u202\12323\hotspot\src\share\vm\classfile\systemDictionary.cpp, line 210]
Event: 0.183 Thread 0x0000000002bd2800 Exception <a 'java/lang/ClassNotFoundException': Tree> (0x000000076bc9d548) thrown at [C:\re\workspace\8-2-build-windows-amd64-cygwin\jdk8u202\12323\hotspot\src\share\vm\classfile\systemDictionary.cpp, line 210]
Event: 0.183 Thread 0x0000000002bd2800 Exception <a 'java/lang/ClassNotFoundException': javax/swing/JTreeCell> (0x000000076bc9d8c8) thrown at [C:\re\workspace\8-2-build-windows-amd64-cygwin\jdk8u202\12323\hotspot\src\share\vm\classfile\systemDictionary.cpp, line 210]
Event: 0.183 Thread 0x0000000002bd2800 Exception <a 'java/lang/ClassNotFoundException': TreeCell> (0x000000076bc9dd50) thrown at [C:\re\workspace\8-2-build-windows-amd64-cygwin\jdk8u202\12323\hotspot\src\share\vm\classfile\systemDictionary.cpp, line 210]
Event: 0.183 Thread 0x0000000002bd2800 Exception <a 'java/lang/ClassNotFoundException': RootPane> (0x000000076bc9e7b0) thrown at [C:\re\workspace\8-2-build-windows-amd64-cygwin\jdk8u202\12323\hotspot\src\share\vm\classfile\systemDictionary.cpp, line 210]
Event: 0.587 Thread 0x000000001f568000 Implicit null exception at 0x0000000002f93600 to 0x0000000002f93681
Event: 8.909 Thread 0x000000001f568000 Exception <a 'java/lang/NullPointerException'> (0x000000076ce12e08) thrown at [C:\re\workspace\8-2-build-windows-amd64-cygwin\jdk8u202\12323\hotspot\src\share\vm\interpreter\linkResolver.cpp, line 1185]
Event: 25.899 Thread 0x000000001f568000 Exception <a 'java/lang/NullPointerException'> (0x000000076d3c33d0) thrown at [C:\re\workspace\8-2-build-windows-amd64-cygwin\jdk8u202\12323\hotspot\src\share\vm\interpreter\linkResolver.cpp, line 1185]

Events (10 events):
Event: 25.908 Executing VM operation: RevokeBias
Event: 25.908 Executing VM operation: RevokeBias done
Event: 25.909 Executing VM operation: RevokeBias
Event: 25.909 Executing VM operation: RevokeBias done
Event: 25.914 Executing VM operation: RevokeBias
Event: 25.914 Executing VM operation: RevokeBias done
Event: 25.915 Executing VM operation: RevokeBias
Event: 25.915 Executing VM operation: RevokeBias done
Event: 25.929 Executing VM operation: BulkRevokeBias
Event: 25.929 Executing VM operation: BulkRevokeBias done


Dynamic libraries:
0x00007ff72c560000 - 0x00007ff72c597000 	C:\Program Files\Java\jdk1.8.0_202\bin\java.exe
0x00007ffc1fbc0000 - 0x00007ffc1fdc7000 	C:\WINDOWS\SYSTEM32\ntdll.dll
0x00007ffc1ee10000 - 0x00007ffc1eecd000 	C:\WINDOWS\System32\KERNEL32.DLL
0x00007ffc1d240000 - 0x00007ffc1d5b4000 	C:\WINDOWS\System32\KERNELBASE.dll
0x00007ffc1e880000 - 0x00007ffc1e92c000 	C:\WINDOWS\System32\ADVAPI32.dll
0x00007ffc1df50000 - 0x00007ffc1dff3000 	C:\WINDOWS\System32\msvcrt.dll
0x00007ffc1f020000 - 0x00007ffc1f0bd000 	C:\WINDOWS\System32\sechost.dll
0x00007ffc1eef0000 - 0x00007ffc1f011000 	C:\WINDOWS\System32\RPCRT4.dll
0x00007ffc1f1c0000 - 0x00007ffc1f36c000 	C:\WINDOWS\System32\USER32.dll
0x00007ffc1d0a0000 - 0x00007ffc1d0c6000 	C:\WINDOWS\System32\win32u.dll
0x00007ffc1e850000 - 0x00007ffc1e879000 	C:\WINDOWS\System32\GDI32.dll
0x00007ffc1d930000 - 0x00007ffc1da42000 	C:\WINDOWS\System32\gdi32full.dll
0x00007ffc1d5c0000 - 0x00007ffc1d65d000 	C:\WINDOWS\System32\msvcp_win.dll
0x00007ffc1d810000 - 0x00007ffc1d921000 	C:\WINDOWS\System32\ucrtbase.dll
0x00007ffbfdf60000 - 0x00007ffbfe205000 	C:\WINDOWS\WinSxS\amd64_microsoft.windows.common-controls_6595b64144ccf1df_6.0.22000.120_none_9d947278b86cc467\COMCTL32.dll
0x00007ffc1e000000 - 0x00007ffc1e031000 	C:\WINDOWS\System32\IMM32.DLL
0x0000000077c50000 - 0x0000000077d22000 	C:\Program Files\Java\jdk1.8.0_202\jre\bin\msvcr100.dll
0x0000000076b00000 - 0x00000000773a5000 	C:\Program Files\Java\jdk1.8.0_202\jre\bin\server\jvm.dll
0x00007ffc1f0c0000 - 0x00007ffc1f0c8000 	C:\WINDOWS\System32\PSAPI.DLL
0x00007ffc17eb0000 - 0x00007ffc17ee3000 	C:\WINDOWS\SYSTEM32\WINMM.dll
0x00007ffc187e0000 - 0x00007ffc187e9000 	C:\WINDOWS\SYSTEM32\WSOCK32.dll
0x00007ffc15e20000 - 0x00007ffc15e2a000 	C:\WINDOWS\SYSTEM32\VERSION.dll
0x00007ffc1eda0000 - 0x00007ffc1ee0f000 	C:\WINDOWS\System32\WS2_32.dll
0x00007ffc0c400000 - 0x00007ffc0c40f000 	C:\Program Files\Java\jdk1.8.0_202\jre\bin\verify.dll
0x00007ffc0b570000 - 0x00007ffc0b599000 	C:\Program Files\Java\jdk1.8.0_202\jre\bin\java.dll
0x00007ffc0c220000 - 0x00007ffc0c236000 	C:\Program Files\Java\jdk1.8.0_202\jre\bin\zip.dll
0x00007ffc1e040000 - 0x00007ffc1e7ea000 	C:\WINDOWS\System32\SHELL32.dll
0x00007ffc1b240000 - 0x00007ffc1baa2000 	C:\WINDOWS\SYSTEM32\windows.storage.dll
0x00007ffc1da50000 - 0x00007ffc1ddc8000 	C:\WINDOWS\System32\combase.dll
0x00007ffc1b0d0000 - 0x00007ffc1b236000 	C:\WINDOWS\SYSTEM32\wintypes.dll
0x00007ffc1eca0000 - 0x00007ffc1ed8a000 	C:\WINDOWS\System32\SHCORE.dll
0x00007ffc1e7f0000 - 0x00007ffc1e84d000 	C:\WINDOWS\System32\shlwapi.dll
0x00007ffc1cfd0000 - 0x00007ffc1cff1000 	C:\WINDOWS\SYSTEM32\profapi.dll
0x00007ffbde460000 - 0x00007ffbde5f9000 	C:\Program Files\Java\jdk1.8.0_202\jre\bin\awt.dll
0x00007ffc1eb10000 - 0x00007ffc1ebe6000 	C:\WINDOWS\System32\OLEAUT32.dll
0x00007ffc1a2b0000 - 0x00007ffc1a341000 	C:\WINDOWS\SYSTEM32\apphelp.dll
0x00007ffc1a460000 - 0x00007ffc1a50c000 	C:\WINDOWS\system32\uxtheme.dll
0x00007ffc1fa60000 - 0x00007ffc1fb7e000 	C:\WINDOWS\System32\MSCTF.dll
0x00007ffc1f3e0000 - 0x00007ffc1f57a000 	C:\WINDOWS\System32\ole32.dll
0x00007ffc1c240000 - 0x00007ffc1c258000 	C:\WINDOWS\SYSTEM32\kernel.appcore.dll
0x00007ffc1d790000 - 0x00007ffc1d810000 	C:\WINDOWS\System32\bcryptPrimitives.dll
0x00007ffc1a800000 - 0x00007ffc1a82f000 	C:\WINDOWS\system32\DWMAPI.DLL
0x00007ffbec0c0000 - 0x00007ffbec107000 	C:\Program Files\Java\jdk1.8.0_202\jre\bin\fontmanager.dll
0x00007ffbe2930000 - 0x00007ffbe2a31000 	C:\WINDOWS\system32\opengl32.dll
0x00007ffbe2900000 - 0x00007ffbe292d000 	C:\WINDOWS\SYSTEM32\GLU32.dll
0x00007ffc1a560000 - 0x00007ffc1a598000 	C:\WINDOWS\SYSTEM32\dxcore.dll
0x00007ffc1ebf0000 - 0x00007ffc1ec9f000 	C:\WINDOWS\System32\clbcatq.dll
0x00007ffc15ad0000 - 0x00007ffc15c7e000 	C:\WINDOWS\SYSTEM32\WindowsCodecs.dll
0x00007ffbe1240000 - 0x00007ffbe129d000 	C:\WINDOWS\system32\dataexchange.dll
0x00007ffc182f0000 - 0x00007ffc18556000 	C:\WINDOWS\system32\twinapi.appcore.dll
0x00007ffc0b890000 - 0x00007ffc0b8aa000 	C:\Program Files\Java\jdk1.8.0_202\jre\bin\net.dll
0x00007ffc12140000 - 0x00007ffc1232e000 	C:\WINDOWS\SYSTEM32\urlmon.dll
0x00007ffc11ca0000 - 0x00007ffc11f52000 	C:\WINDOWS\SYSTEM32\iertutil.dll
0x00007ffc1bcf0000 - 0x00007ffc1bcfc000 	C:\WINDOWS\SYSTEM32\netutils.dll
0x00007ffc11c70000 - 0x00007ffc11c98000 	C:\WINDOWS\SYSTEM32\srvcli.dll
0x00007ffc1c6c0000 - 0x00007ffc1c727000 	C:\WINDOWS\system32\mswsock.dll
0x00007ffc0b2f0000 - 0x00007ffc0b302000 	C:\Program Files\Java\jdk1.8.0_202\jre\bin\nio.dll
0x00007ffbe9250000 - 0x00007ffbe9292000 	C:\Program Files\Java\jdk1.8.0_202\jre\bin\t2k.dll
0x00007ffbf4630000 - 0x00007ffbf475d000 	C:\WINDOWS\SYSTEM32\textinputframework.dll
0x00007ffc0a820000 - 0x00007ffc0a84a000 	C:\Program Files\Java\jdk1.8.0_202\jre\bin\dcpr.dll
0x00007ffc19e70000 - 0x00007ffc19fa2000 	C:\WINDOWS\SYSTEM32\CoreMessaging.dll
0x00007ffc17420000 - 0x00007ffc1778d000 	C:\WINDOWS\SYSTEM32\CoreUIComponents.dll
0x00007ffc1c900000 - 0x00007ffc1c90c000 	C:\WINDOWS\SYSTEM32\CRYPTBASE.DLL
0x00007ffc1ac20000 - 0x00007ffc1ae41000 	C:\WINDOWS\SYSTEM32\dbghelp.dll

VM Arguments:
jvm_args: -Dfile.encoding=UTF-8 
java_command: userinterface.MainJFrame
java_class_path (initial): C:\Users\91914\OneDrive\Desktop\New folder (5)\FinalProject5100\db4o-8.0.184.15484-all-java5.jar;C:\Users\91914\OneDrive\Desktop\New folder (5)\FinalProject5100\AbsoluteLayout.jar;C:\Users\91914\OneDrive\Desktop\New folder (5)\FinalProject5100\javax.mail.jar;C:\Users\91914\OneDrive\Desktop\New folder (5)\FinalProject5100\build\classes
Launcher Type: SUN_STANDARD

Environment Variables:
JAVA_HOME=C:\Program Files\Java\jdk-16.0.2
PATH=C:\Program Files (x86)\Common Files\Oracle\Java\javapath;C:\Program Files\Common Files\Oracle\Java\javapath;C:\Windows\system32;C:\Windows;C:\Windows\System32\Wbem;C:\Windows\System32\WindowsPowerShell\v1.0\;C:\Windows\System32\OpenSSH\;C:\Program Files (x86)\NVIDIA Corporation\PhysX\Common;C:\Program Files\NVIDIA Corporation\NVIDIA NvDLISR;C:\WINDOWS\system32;C:\WINDOWS;C:\WINDOWS\System32\Wbem;C:\WINDOWS\System32\WindowsPowerShell\v1.0\;C:\WINDOWS\System32\OpenSSH\;C:\Android;C:\Program Files\Microsoft SQL Server\Client SDK\ODBC\170\Tools\Binn\;C:\Program Files (x86)\Microsoft SQL Server\150\Tools\Binn\;C:\Program Files\Microsoft SQL Server\150\Tools\Binn\;C:\Program Files\Microsoft SQL Server\150\DTS\Binn\;C:\Program Files (x86)\Microsoft SQL Server\150\DTS\Binn\;C:\Program Files\Azure Data Studio\bin;C:\Program Files\Java\jdk-16.0.2\bin;C:\Program Files\Common Files\Tom Sawyer Software\10.0.0;C:\Program Files\Git\cmd;C:\Program Files\Microsoft SQL Server\130\Tools\Binn\;C:\Program Files (x86)\Microsoft SQL Server\110\DTS\Binn\;C:\Program Files (x86)\Microsoft SQL Server\120\DTS\Binn\;C:\Program Files (x86)\Microsoft SQL Server\130\DTS\Binn\;C:\Program Files (x86)\Microsoft SQL Server\140\DTS\Binn\;C:\Users\91914\AppData\Local\Microsoft\WindowsApps;C:\Program Files\Azure Data Studio\bin;C:\Users\91914\AppData\Local\GitHubDesktop\bin;
USERNAME=Lucifer
OS=Windows_NT
PROCESSOR_IDENTIFIER=Intel64 Family 6 Model 158 Stepping 10, GenuineIntel



---------------  S Y S T E M  ---------------

OS: Windows 10.0 , 64 bit Build 22000 (10.0.22000.318)

CPU:total 8 (initial active 8) (4 cores per cpu, 2 threads per core) family 6 model 158 stepping 10, cmov, cx8, fxsr, mmx, sse, sse2, sse3, ssse3, sse4.1, sse4.2, popcnt, avx, avx2, aes, clmul, erms, 3dnowpref, lzcnt, ht, tsc, tscinvbit, bmi1, bmi2, adx

Memory: 4k page, physical 16621812k(6078988k free), swap 23175412k(5239964k free)

vm_info: Java HotSpot(TM) 64-Bit Server VM (25.202-b08) for windows-amd64 JRE (1.8.0_202-b08), built on Dec 15 2018 19:54:30 by "java_re" with MS VC++ 10.0 (VS2010)

time: Sun Dec 12 21:05:01 2021
timezone: Eastern Standard Time
elapsed time: 32 seconds (0d 0h 0m 32s)

