#
# A fatal error has been detected by the Java Runtime Environment:
#
#  EXCEPTION_ACCESS_VIOLATION (0xc0000005) at pc=0x00007ffbc4e3c18b, pid=26548, tid=0x0000000000003378
#
# JRE version: Java(TM) SE Runtime Environment (8.0_202-b08) (build 1.8.0_202-b08)
# Java VM: Java HotSpot(TM) 64-Bit Server VM (25.202-b08 mixed mode windows-amd64 compressed oops)
# Problematic frame:
# C  [awt.dll+0x6c18b]
#
# Failed to write core dump. Minidumps are not enabled by default on client versions of Windows
#
# If you would like to submit a bug report, please visit:
#   http://bugreport.java.com/bugreport/crash.jsp
# The crash happened outside the Java Virtual Machine in native code.
# See problematic frame for where to report the bug.
#

---------------  T H R E A D  ---------------

Current thread (0x000000001f41a000):  JavaThread "AWT-EventQueue-0" [_thread_in_native, id=13176, stack(0x00000000207b0000,0x00000000208b0000)]

siginfo: ExceptionCode=0xc0000005, reading address 0xffffffffffffffff

Registers:
RAX=0x07bb1809939d7068, RBX=0x000000001f41a1f8, RCX=0x000000001f41a1f8, RDX=0x000000001f41dfa0
RSP=0x00000000208abdf0, RBP=0x00000000208abf01, RSI=0x00000000208ac0c8, RDI=0x000000001f41dfa0
R8 =0x0000000000000042, R9 =0x00000006c2778c78, R10=0x0000000000000086, R11=0x0000000077317940
R12=0x00000000208ac0e0, R13=0x00007ffbc4f164e0, R14=0x0000000000000000, R15=0x0000000000000000
RIP=0x00007ffbc4e3c18b, EFLAGS=0x0000000000010202

Top of Stack: (sp=0x00000000208abdf0)
0x00000000208abdf0:   00000000208abf50 000000000000000c
0x00000000208abe00:   000000000000000c 0000000076c34a67
0x00000000208abe10:   000000001f41a1f8 00007ffbc4dd4e56
0x00000000208abe20:   00000000208ac0d8 00000000208abf20
0x00000000208abe30:   00000000208ac0c8 0000000000000013
0x00000000208abe40:   000000001f41a000 0000000000000000
0x00000000208abe50:   0000000000000001 0000000076c7d4b0
0x00000000208abe60:   000000001f41a000 00000000208ac0d0
0x00000000208abe70:   0000000000000000 00000000208abf30
0x00000000208abe80:   0000000000000000 0000000000000013
0x00000000208abe90:   000000001f41a000 0000000000000000
0x00000000208abea0:   0000000000000000 0000000002c2c241
0x00000000208abeb0:   000000001bb596b8 0000000000000013
0x00000000208abec0:   000000076b786840 0000000000000000
0x00000000208abed0:   00000000208abef8 0000000000000000
0x00000000208abee0:   0000000000000013 00000006c25d3340 

Instructions: (pc=0x00007ffbc4e3c18b)
0x00007ffbc4e3c16b:   15 80 3c 09 00 e8 47 31 07 00 eb 16 40 84 ed 74
0x00007ffbc4e3c17b:   11 48 8b 40 20 48 85 c0 74 08 48 8b d7 48 8b cb
0x00007ffbc4e3c18b:   ff d0 48 8b c7 48 8b 5c 24 30 48 8b 6c 24 38 48
0x00007ffbc4e3c19b:   8b 74 24 40 48 83 c4 20 5f c3 cc cc cc 41 b0 01 


Register to memory mapping:

RAX=0x07bb1809939d7068 is an unknown value
RBX=0x000000001f41a1f8 is an unknown value
RCX=0x000000001f41a1f8 is an unknown value
RDX=0x000000001f41dfa0 is an unknown value
RSP=0x00000000208abdf0 is pointing into the stack for thread: 0x000000001f41a000
RBP=0x00000000208abf01 is pointing into the stack for thread: 0x000000001f41a000
RSI=0x00000000208ac0c8 is pointing into the stack for thread: 0x000000001f41a000
RDI=0x000000001f41dfa0 is an unknown value
R8 =0x0000000000000042 is an unknown value
R9 =0x00000006c2778c78 is an oop
sun.awt.image.BufImgSurfaceData 
 - klass: 'sun/awt/image/BufImgSurfaceData'
R10=0x0000000000000086 is an unknown value
R11=0x0000000077317940 is an unknown value
R12=0x00000000208ac0e0 is pointing into the stack for thread: 0x000000001f41a000
R13=0x00007ffbc4f164e0 is an unknown value
R14=0x0000000000000000 is an unknown value
R15=0x0000000000000000 is an unknown value


Stack: [0x00000000207b0000,0x00000000208b0000],  sp=0x00000000208abdf0,  free space=1007k
Native frames: (J=compiled Java code, j=interpreted, Vv=VM code, C=native code)
C  [awt.dll+0x6c18b]
C  [awt.dll+0x4e56]
C  0x000000000314c799

Java frames: (J=compiled Java code, j=interpreted, Vv=VM code)
J 2105  sun.java2d.loops.Blit.Blit(Lsun/java2d/SurfaceData;Lsun/java2d/SurfaceData;Ljava/awt/Composite;Lsun/java2d/pipe/Region;IIIIII)V (0 bytes) @ 0x000000000314c713 [0x000000000314c640+0xd3]
J 2011 C1 sun.java2d.pipe.DrawImage.blitSurfaceData(Lsun/java2d/SunGraphics2D;Lsun/java2d/pipe/Region;Lsun/java2d/SurfaceData;Lsun/java2d/SurfaceData;Lsun/java2d/loops/SurfaceType;Lsun/java2d/loops/SurfaceType;IIIIIILjava/awt/Color;)V (145 bytes) @ 0x000000000311b094 [0x000000000311a260+0xe34]
J 2010 C1 sun.java2d.pipe.DrawImage.renderImageCopy(Lsun/java2d/SunGraphics2D;Ljava/awt/Image;Ljava/awt/Color;IIIIII)Z (147 bytes) @ 0x000000000311752c [0x0000000003116fa0+0x58c]
j  sun.java2d.pipe.DrawImage.copyImage(Lsun/java2d/SunGraphics2D;Ljava/awt/Image;IILjava/awt/Color;)Z+45
j  sun.java2d.pipe.DrawImage.copyImage(Lsun/java2d/SunGraphics2D;Ljava/awt/Image;IILjava/awt/Color;Ljava/awt/image/ImageObserver;)Z+15
j  sun.java2d.SunGraphics2D.drawImage(Ljava/awt/Image;IILjava/awt/Color;Ljava/awt/image/ImageObserver;)Z+66
j  sun.awt.image.ImageRepresentation.drawToBufImage(Ljava/awt/Graphics;Lsun/awt/image/ToolkitImage;IILjava/awt/Color;Ljava/awt/image/ImageObserver;)Z+152
j  sun.java2d.pipe.DrawImage.copyImage(Lsun/java2d/SunGraphics2D;Ljava/awt/Image;IILjava/awt/Color;Ljava/awt/image/ImageObserver;)Z+56
j  sun.java2d.pipe.ValidatePipe.copyImage(Lsun/java2d/SunGraphics2D;Ljava/awt/Image;IILjava/awt/Color;Ljava/awt/image/ImageObserver;)Z+21
j  sun.java2d.SunGraphics2D.drawImage(Ljava/awt/Image;IILjava/awt/Color;Ljava/awt/image/ImageObserver;)Z+66
j  sun.java2d.SunGraphics2D.drawImage(Ljava/awt/Image;IILjava/awt/image/ImageObserver;)Z+7
j  javax.swing.ImageIcon.paintIcon(Ljava/awt/Component;Ljava/awt/Graphics;II)V+16
j  sun.swing.plaf.synth.SynthIcon.paintIcon(Ljavax/swing/Icon;Ljavax/swing/plaf/synth/SynthContext;Ljava/awt/Graphics;IIII)V+39
j  javax.swing.plaf.synth.SynthGraphicsUtils.paintText(Ljavax/swing/plaf/synth/SynthContext;Ljava/awt/Graphics;Ljava/lang/String;Ljavax/swing/Icon;IIIIIII)V+327
j  javax.swing.plaf.synth.SynthLabelUI.paint(Ljavax/swing/plaf/synth/SynthContext;Ljava/awt/Graphics;)V+96
j  javax.swing.plaf.synth.SynthLabelUI.update(Ljava/awt/Graphics;Ljavax/swing/JComponent;)V+33
J 3380 C1 javax.swing.JComponent.paintComponent(Ljava/awt/Graphics;)V (44 bytes) @ 0x0000000003510cb4 [0x0000000003510a40+0x274]
J 3147 C1 javax.swing.JComponent.paint(Ljava/awt/Graphics;)V (409 bytes) @ 0x0000000003458e8c [0x0000000003457600+0x188c]
J 3375 C1 javax.swing.JComponent.paintChildren(Ljava/awt/Graphics;)V (669 bytes) @ 0x00000000035096cc [0x0000000003506300+0x33cc]
J 3147 C1 javax.swing.JComponent.paint(Ljava/awt/Graphics;)V (409 bytes) @ 0x000000000345932c [0x0000000003457600+0x1d2c]
J 3375 C1 javax.swing.JComponent.paintChildren(Ljava/awt/Graphics;)V (669 bytes) @ 0x00000000035096cc [0x0000000003506300+0x33cc]
J 3147 C1 javax.swing.JComponent.paint(Ljava/awt/Graphics;)V (409 bytes) @ 0x000000000345932c [0x0000000003457600+0x1d2c]
j  javax.swing.JComponent.paintToOffscreen(Ljava/awt/Graphics;IIIIII)V+41
j  javax.swing.RepaintManager$PaintManager.paintDoubleBuffered(Ljavax/swing/JComponent;Ljava/awt/Image;Ljava/awt/Graphics;IIII)V+163
j  javax.swing.RepaintManager$PaintManager.paint(Ljavax/swing/JComponent;Ljavax/swing/JComponent;Ljava/awt/Graphics;IIII)Z+116
j  javax.swing.RepaintManager.paint(Ljavax/swing/JComponent;Ljavax/swing/JComponent;Ljava/awt/Graphics;IIII)V+51
j  javax.swing.JComponent._paintImmediately(IIII)V+683
j  javax.swing.JComponent.paintImmediately(IIII)V+138
j  javax.swing.RepaintManager$4.run()Ljava/lang/Void;+81
j  javax.swing.RepaintManager$4.run()Ljava/lang/Object;+1
v  ~StubRoutines::call_stub
J 1761  java.security.AccessController.doPrivileged(Ljava/security/PrivilegedAction;Ljava/security/AccessControlContext;)Ljava/lang/Object; (0 bytes) @ 0x000000000306c5a6 [0x000000000306c540+0x66]
J 1918 C1 java.security.ProtectionDomain$JavaSecurityAccessImpl.doIntersectionPrivilege(Ljava/security/PrivilegedAction;Ljava/security/AccessControlContext;Ljava/security/AccessControlContext;)Ljava/lang/Object; (22 bytes) @ 0x00000000030e657c [0x00000000030e6100+0x47c]
j  javax.swing.RepaintManager.paintDirtyRegions(Ljava/util/Map;)V+154
j  javax.swing.RepaintManager.paintDirtyRegions()V+46
j  javax.swing.RepaintManager.prePaintDirtyRegions()V+73
j  javax.swing.RepaintManager.access$1200(Ljavax/swing/RepaintManager;)V+1
j  javax.swing.RepaintManager$ProcessingRunnable.run()V+37
J 2358 C1 java.awt.event.InvocationEvent.dispatch()V (69 bytes) @ 0x00000000031f6f54 [0x00000000031f6d40+0x214]
J 2392 C1 java.awt.EventQueue.dispatchEventImpl(Ljava/awt/AWTEvent;Ljava/lang/Object;)V (149 bytes) @ 0x0000000003211484 [0x000000000320f980+0x1b04]
J 2249 C1 java.awt.EventQueue$3.run()Ljava/lang/Void; (60 bytes) @ 0x00000000031a459c [0x00000000031a4380+0x21c]
J 2248 C1 java.awt.EventQueue$3.run()Ljava/lang/Object; (5 bytes) @ 0x00000000031a400c [0x00000000031a3f80+0x8c]
v  ~StubRoutines::call_stub
J 1761  java.security.AccessController.doPrivileged(Ljava/security/PrivilegedAction;Ljava/security/AccessControlContext;)Ljava/lang/Object; (0 bytes) @ 0x000000000306c5a6 [0x000000000306c540+0x66]
J 1982 C1 java.awt.EventQueue.dispatchEvent(Ljava/awt/AWTEvent;)V (80 bytes) @ 0x000000000310a02c [0x0000000003109680+0x9ac]
J 1987 C1 java.awt.EventDispatchThread.pumpOneEventForFilters(I)V (190 bytes) @ 0x000000000310e35c [0x000000000310d200+0x115c]
j  java.awt.EventDispatchThread.pumpEventsForFilter(ILjava/awt/Conditional;Ljava/awt/EventFilter;)V+35
j  java.awt.EventDispatchThread.pumpEventsForHierarchy(ILjava/awt/Conditional;Ljava/awt/Component;)V+11
j  java.awt.EventDispatchThread.pumpEvents(ILjava/awt/Conditional;)V+4
j  java.awt.EventDispatchThread.pumpEvents(Ljava/awt/Conditional;)V+3
j  java.awt.EventDispatchThread.run()V+9
v  ~StubRoutines::call_stub

---------------  P R O C E S S  ---------------

Java Threads: ( => current thread )
  0x000000001f9b0000 JavaThread "TimerQueue" daemon [_thread_blocked, id=15148, stack(0x0000000020db0000,0x0000000020eb0000)]
  0x0000000002a22800 JavaThread "DestroyJavaVM" [_thread_blocked, id=11076, stack(0x00000000028d0000,0x00000000029d0000)]
=>0x000000001f41a000 JavaThread "AWT-EventQueue-0" [_thread_in_native, id=13176, stack(0x00000000207b0000,0x00000000208b0000)]
  0x000000001f404000 JavaThread "AWT-Windows" daemon [_thread_in_native, id=22956, stack(0x000000001fd40000,0x000000001fe40000)]
  0x000000001f403800 JavaThread "AWT-Shutdown" [_thread_blocked, id=22436, stack(0x000000001fc40000,0x000000001fd40000)]
  0x000000001f403000 JavaThread "Java2D Disposer" daemon [_thread_blocked, id=6776, stack(0x000000001fb40000,0x000000001fc40000)]
  0x000000001e3c7000 JavaThread "Service Thread" daemon [_thread_blocked, id=19364, stack(0x000000001eff0000,0x000000001f0f0000)]
  0x000000001e33a000 JavaThread "C1 CompilerThread3" daemon [_thread_blocked, id=21300, stack(0x000000001eef0000,0x000000001eff0000)]
  0x000000001e336000 JavaThread "C2 CompilerThread2" daemon [_thread_blocked, id=27096, stack(0x000000001edf0000,0x000000001eef0000)]
  0x000000001e328000 JavaThread "C2 CompilerThread1" daemon [_thread_blocked, id=5736, stack(0x000000001ecf0000,0x000000001edf0000)]
  0x000000001e323800 JavaThread "C2 CompilerThread0" daemon [_thread_blocked, id=5956, stack(0x000000001ebf0000,0x000000001ecf0000)]
  0x000000001e321800 JavaThread "Attach Listener" daemon [_thread_blocked, id=10820, stack(0x000000001eaf0000,0x000000001ebf0000)]
  0x000000001e31e000 JavaThread "Signal Dispatcher" daemon [_thread_blocked, id=17128, stack(0x000000001e9f0000,0x000000001eaf0000)]
  0x0000000002b19000 JavaThread "Finalizer" daemon [_thread_blocked, id=22892, stack(0x000000001e7f0000,0x000000001e8f0000)]
  0x0000000002b16000 JavaThread "Reference Handler" daemon [_thread_blocked, id=11376, stack(0x000000001e6f0000,0x000000001e7f0000)]

Other Threads:
  0x000000001c528000 VMThread [stack: 0x000000001e1f0000,0x000000001e2f0000] [id=23784]
  0x000000001e3d9000 WatcherThread [stack: 0x000000001f0f0000,0x000000001f1f0000] [id=18300]

VM state:not at safepoint (normal execution)

VM Mutex/Monitor currently owned by a thread: None

heap address: 0x00000006c2400000, size: 4060 MB, Compressed Oops mode: Zero based, Oop shift amount: 3
Narrow klass base: 0x0000000000000000, Narrow klass shift: 3
Compressed class space size: 1073741824 Address: 0x00000007c0000000

Heap:
 PSYoungGen      total 75776K, used 2204K [0x000000076b700000, 0x0000000770b80000, 0x00000007c0000000)
  eden space 65024K, 3% used [0x000000076b700000,0x000000076b927100,0x000000076f680000)
  from space 10752K, 0% used [0x000000076f680000,0x000000076f680000,0x0000000770100000)
  to   space 10752K, 0% used [0x0000000770100000,0x0000000770100000,0x0000000770b80000)
 ParOldGen       total 83456K, used 11349K [0x00000006c2400000, 0x00000006c7580000, 0x000000076b700000)
  object space 83456K, 13% used [0x00000006c2400000,0x00000006c2f15650,0x00000006c7580000)
 Metaspace       used 20566K, capacity 21348K, committed 21552K, reserved 1069056K
  class space    used 2678K, capacity 2864K, committed 2864K, reserved 1048576K

Card table byte_map: [0x0000000011ee0000,0x00000000126d0000] byte_map_base: 0x000000000e8ce000

Marking Bits: (ParMarkBitMap*) 0x0000000077325ce0
 Begin Bits: [0x0000000013420000, 0x0000000017390000)
 End Bits:   [0x0000000017390000, 0x000000001b300000)

Polling page: 0x00000000028a0000

CodeCache: size=245760Kb used=10313Kb max_used=10356Kb free=235446Kb
 bounds [0x0000000002b20000, 0x0000000003550000, 0x0000000011b20000]
 total_blobs=4007 nmethods=3457 adapters=462
 compilation: enabled

Compilation events (10 events):
Event: 40.949 Thread 0x000000001e33a000 nmethod 3483 0x0000000002d16c50 code [0x0000000002d16da0, 0x0000000002d16eb0]
Event: 40.989 Thread 0x000000001e33a000 3484       3       javax.swing.plaf.synth.SynthGraphicsUtils::getPreferredSize (402 bytes)
Event: 40.992 Thread 0x000000001e33a000 nmethod 3484 0x0000000002d29b50 code [0x0000000002d29e40, 0x0000000002d2b898]
Event: 40.992 Thread 0x000000001e33a000 3486       3       sun.font.FontDesignMetrics::stringWidth (154 bytes)
Event: 40.995 Thread 0x000000001e33a000 nmethod 3486 0x0000000002c89810 code [0x0000000002c89ac0, 0x0000000002c8ab88]
Event: 40.995 Thread 0x000000001e33a000 3485       3       javax.swing.GroupLayout$ParallelGroup::operator (6 bytes)
Event: 40.995 Thread 0x000000001e323800 3489       4       javax.swing.JComponent::getY (5 bytes)
Event: 40.995 Thread 0x000000001e33a000 nmethod 3485 0x0000000002c893d0 code [0x0000000002c89540, 0x0000000002c89750]
Event: 40.995 Thread 0x000000001e33a000 3487   !   3       java.awt.Component::reshape (312 bytes)
Event: 40.996 Thread 0x000000001e323800 nmethod 3489 0x0000000002c891d0 code [0x0000000002c89300, 0x0000000002c89358]

GC Heap History (8 events):
Event: 1.800 GC heap before
{Heap before GC invocations=1 (full 0):
 PSYoungGen      total 75776K, used 65024K [0x000000076b700000, 0x0000000770b80000, 0x00000007c0000000)
  eden space 65024K, 100% used [0x000000076b700000,0x000000076f680000,0x000000076f680000)
  from space 10752K, 0% used [0x0000000770100000,0x0000000770100000,0x0000000770b80000)
  to   space 10752K, 0% used [0x000000076f680000,0x000000076f680000,0x0000000770100000)
 ParOldGen       total 173568K, used 0K [0x00000006c2400000, 0x00000006ccd80000, 0x000000076b700000)
  object space 173568K, 0% used [0x00000006c2400000,0x00000006c2400000,0x00000006ccd80000)
 Metaspace       used 16888K, capacity 17372K, committed 17536K, reserved 1064960K
  class space    used 2217K, capacity 2360K, committed 2432K, reserved 1048576K
Event: 1.807 GC heap after
Heap after GC invocations=1 (full 0):
 PSYoungGen      total 75776K, used 9015K [0x000000076b700000, 0x0000000770b80000, 0x00000007c0000000)
  eden space 65024K, 0% used [0x000000076b700000,0x000000076b700000,0x000000076f680000)
  from space 10752K, 83% used [0x000000076f680000,0x000000076ff4dfb8,0x0000000770100000)
  to   space 10752K, 0% used [0x0000000770100000,0x0000000770100000,0x0000000770b80000)
 ParOldGen       total 173568K, used 24K [0x00000006c2400000, 0x00000006ccd80000, 0x000000076b700000)
  object space 173568K, 0% used [0x00000006c2400000,0x00000006c2406000,0x00000006ccd80000)
 Metaspace       used 16888K, capacity 17372K, committed 17536K, reserved 1064960K
  class space    used 2217K, capacity 2360K, committed 2432K, reserved 1048576K
}
Event: 29.230 GC heap before
{Heap before GC invocations=2 (full 0):
 PSYoungGen      total 75776K, used 74039K [0x000000076b700000, 0x0000000770b80000, 0x00000007c0000000)
  eden space 65024K, 100% used [0x000000076b700000,0x000000076f680000,0x000000076f680000)
  from space 10752K, 83% used [0x000000076f680000,0x000000076ff4dfb8,0x0000000770100000)
  to   space 10752K, 0% used [0x0000000770100000,0x0000000770100000,0x0000000770b80000)
 ParOldGen       total 173568K, used 24K [0x00000006c2400000, 0x00000006ccd80000, 0x000000076b700000)
  object space 173568K, 0% used [0x00000006c2400000,0x00000006c2406000,0x00000006ccd80000)
 Metaspace       used 19470K, capacity 20206K, committed 20480K, reserved 1067008K
  class space    used 2512K, capacity 2709K, committed 2816K, reserved 1048576K
Event: 29.236 GC heap after
Heap after GC invocations=2 (full 0):
 PSYoungGen      total 75776K, used 10740K [0x000000076b700000, 0x0000000770b80000, 0x00000007c0000000)
  eden space 65024K, 0% used [0x000000076b700000,0x000000076b700000,0x000000076f680000)
  from space 10752K, 99% used [0x0000000770100000,0x0000000770b7d310,0x0000000770b80000)
  to   space 10752K, 0% used [0x000000076f680000,0x000000076f680000,0x0000000770100000)
 ParOldGen       total 173568K, used 1677K [0x00000006c2400000, 0x00000006ccd80000, 0x000000076b700000)
  object space 173568K, 0% used [0x00000006c2400000,0x00000006c25a3450,0x00000006ccd80000)
 Metaspace       used 19470K, capacity 20206K, committed 20480K, reserved 1067008K
  class space    used 2512K, capacity 2709K, committed 2816K, reserved 1048576K
}
Event: 39.289 GC heap before
{Heap before GC invocations=3 (full 0):
 PSYoungGen      total 75776K, used 32987K [0x000000076b700000, 0x0000000770b80000, 0x00000007c0000000)
  eden space 65024K, 34% used [0x000000076b700000,0x000000076ccb9ab0,0x000000076f680000)
  from space 10752K, 99% used [0x0000000770100000,0x0000000770b7d310,0x0000000770b80000)
  to   space 10752K, 0% used [0x000000076f680000,0x000000076f680000,0x0000000770100000)
 ParOldGen       total 173568K, used 1677K [0x00000006c2400000, 0x00000006ccd80000, 0x000000076b700000)
  object space 173568K, 0% used [0x00000006c2400000,0x00000006c25a3450,0x00000006ccd80000)
 Metaspace       used 20547K, capacity 21284K, committed 21296K, reserved 1067008K
  class space    used 2677K, capacity 2864K, committed 2864K, reserved 1048576K
Event: 39.307 GC heap after
Heap after GC invocations=3 (full 0):
 PSYoungGen      total 75776K, used 10004K [0x000000076b700000, 0x0000000770b80000, 0x00000007c0000000)
  eden space 65024K, 0% used [0x000000076b700000,0x000000076b700000,0x000000076f680000)
  from space 10752K, 93% used [0x000000076f680000,0x00000007700452e0,0x0000000770100000)
  to   space 10752K, 0% used [0x0000000770100000,0x0000000770100000,0x0000000770b80000)
 ParOldGen       total 173568K, used 7751K [0x00000006c2400000, 0x00000006ccd80000, 0x000000076b700000)
  object space 173568K, 4% used [0x00000006c2400000,0x00000006c2b91f00,0x00000006ccd80000)
 Metaspace       used 20547K, capacity 21284K, committed 21296K, reserved 1067008K
  class space    used 2677K, capacity 2864K, committed 2864K, reserved 1048576K
}
Event: 39.307 GC heap before
{Heap before GC invocations=4 (full 1):
 PSYoungGen      total 75776K, used 10004K [0x000000076b700000, 0x0000000770b80000, 0x00000007c0000000)
  eden space 65024K, 0% used [0x000000076b700000,0x000000076b700000,0x000000076f680000)
  from space 10752K, 93% used [0x000000076f680000,0x00000007700452e0,0x0000000770100000)
  to   space 10752K, 0% used [0x0000000770100000,0x0000000770100000,0x0000000770b80000)
 ParOldGen       total 173568K, used 7751K [0x00000006c2400000, 0x00000006ccd80000, 0x000000076b700000)
  object space 173568K, 4% used [0x00000006c2400000,0x00000006c2b91f00,0x00000006ccd80000)
 Metaspace       used 20547K, capacity 21284K, committed 21296K, reserved 1067008K
  class space    used 2677K, capacity 2864K, committed 2864K, reserved 1048576K
Event: 39.381 GC heap after
Heap after GC invocations=4 (full 1):
 PSYoungGen      total 75776K, used 0K [0x000000076b700000, 0x0000000770b80000, 0x00000007c0000000)
  eden space 65024K, 0% used [0x000000076b700000,0x000000076b700000,0x000000076f680000)
  from space 10752K, 0% used [0x000000076f680000,0x000000076f680000,0x0000000770100000)
  to   space 10752K, 0% used [0x0000000770100000,0x0000000770100000,0x0000000770b80000)
 ParOldGen       total 83456K, used 11349K [0x00000006c2400000, 0x00000006c7580000, 0x000000076b700000)
  object space 83456K, 13% used [0x00000006c2400000,0x00000006c2f15650,0x00000006c7580000)
 Metaspace       used 20547K, capacity 21284K, committed 21296K, reserved 1067008K
  class space    used 2677K, capacity 2864K, committed 2864K, reserved 1048576K
}

Deoptimization events (10 events):
Event: 29.343 Thread 0x000000001f41a000 Uncommon trap: reason=class_check action=maybe_recompile pc=0x00000000034089b8 method=com.db4o.internal.btree.BTreeNode.key(I)Ljava/lang/Object; @ 15
Event: 29.343 Thread 0x000000001f41a000 Uncommon trap: reason=class_check action=maybe_recompile pc=0x0000000003415504 method=com.db4o.internal.btree.BTreeNode.keyPatch(I)Lcom/db4o/internal/btree/BTreePatch; @ 15
Event: 29.343 Thread 0x000000001f41a000 Uncommon trap: reason=class_check action=maybe_recompile pc=0x0000000003415504 method=com.db4o.internal.btree.BTreeNode.keyPatch(I)Lcom/db4o/internal/btree/BTreePatch; @ 15
Event: 29.344 Thread 0x000000001f41a000 Uncommon trap: reason=unstable_if action=reinterpret pc=0x00000000032b31e4 method=com.db4o.internal.btree.BTreeNode.keyPatch(I)Lcom/db4o/internal/btree/BTreePatch; @ 11
Event: 29.359 Thread 0x000000001f41a000 Uncommon trap: reason=class_check action=maybe_recompile pc=0x0000000003418954 method=com.db4o.internal.btree.BTreeNode.keyPatch(Lcom/db4o/internal/Transaction;I)Lcom/db4o/internal/btree/BTreePatch; @ 15
Event: 29.374 Thread 0x000000001f41a000 Uncommon trap: reason=unstable_if action=reinterpret pc=0x000000000340a158 method=com.db4o.internal.ObjectReference.id_rotateLeft()Lcom/db4o/internal/ObjectReference; @ 26
Event: 37.244 Thread 0x000000001f41a000 Uncommon trap: reason=unstable_if action=reinterpret pc=0x00000000034b5168 method=java.lang.StrictMath.floorOrCeil(DDDD)D @ 14
Event: 37.247 Thread 0x000000001f41a000 Uncommon trap: reason=unstable_if action=reinterpret pc=0x00000000032d2bf0 method=java.lang.reflect.Field.getFieldAccessor(Ljava/lang/Object;)Lsun/reflect/FieldAccessor; @ 6
Event: 37.286 Thread 0x000000001f41a000 Uncommon trap: reason=unstable_if action=reinterpret pc=0x000000000326c424 method=java.awt.MultipleGradientPaintContext.indexIntoGradientsArrays(F)I @ 24
Event: 37.286 Thread 0x000000001f41a000 Uncommon trap: reason=unstable_if action=reinterpret pc=0x00000000030ef78c method=java.awt.MultipleGradientPaintContext.indexIntoGradientsArrays(F)I @ 24

Classes redefined (0 events):
No events

Internal exceptions (10 events):
Event: 0.227 Thread 0x0000000002a22800 Exception <a 'java/lang/ClassNotFoundException': ToolBarSeparator> (0x000000076bc9bee8) thrown at [C:\re\workspace\8-2-build-windows-amd64-cygwin\jdk8u202\12323\hotspot\src\share\vm\classfile\systemDictionary.cpp, line 210]
Event: 0.228 Thread 0x0000000002a22800 Exception <a 'java/lang/ClassNotFoundException': ToolTip> (0x000000076bc9c628) thrown at [C:\re\workspace\8-2-build-windows-amd64-cygwin\jdk8u202\12323\hotspot\src\share\vm\classfile\systemDictionary.cpp, line 210]
Event: 0.228 Thread 0x0000000002a22800 Exception <a 'java/lang/ClassNotFoundException': Tree> (0x000000076bc9d248) thrown at [C:\re\workspace\8-2-build-windows-amd64-cygwin\jdk8u202\12323\hotspot\src\share\vm\classfile\systemDictionary.cpp, line 210]
Event: 0.229 Thread 0x0000000002a22800 Exception <a 'java/lang/ClassNotFoundException': Tree> (0x000000076bc9d988) thrown at [C:\re\workspace\8-2-build-windows-amd64-cygwin\jdk8u202\12323\hotspot\src\share\vm\classfile\systemDictionary.cpp, line 210]
Event: 0.229 Thread 0x0000000002a22800 Exception <a 'java/lang/ClassNotFoundException': javax/swing/JTreeCell> (0x000000076bc9dd08) thrown at [C:\re\workspace\8-2-build-windows-amd64-cygwin\jdk8u202\12323\hotspot\src\share\vm\classfile\systemDictionary.cpp, line 210]
Event: 0.229 Thread 0x0000000002a22800 Exception <a 'java/lang/ClassNotFoundException': TreeCell> (0x000000076bc9e190) thrown at [C:\re\workspace\8-2-build-windows-amd64-cygwin\jdk8u202\12323\hotspot\src\share\vm\classfile\systemDictionary.cpp, line 210]
Event: 0.229 Thread 0x0000000002a22800 Exception <a 'java/lang/ClassNotFoundException': RootPane> (0x000000076bc9ebf0) thrown at [C:\re\workspace\8-2-build-windows-amd64-cygwin\jdk8u202\12323\hotspot\src\share\vm\classfile\systemDictionary.cpp, line 210]
Event: 1.313 Thread 0x000000001f41a000 Implicit null exception at 0x0000000002dec040 to 0x0000000002dec0c1
Event: 29.187 Thread 0x000000001f41a000 Implicit null exception at 0x000000000332f215 to 0x000000000332f4c5
Event: 29.374 Thread 0x000000001f41a000 Implicit null exception at 0x0000000003409eb3 to 0x000000000340a149

Events (10 events):
Event: 39.886 Thread 0x000000001f41a000 DEOPT PACKING pc=0x00000000035052a6 sp=0x00000000208abfa0
Event: 39.886 Thread 0x000000001f41a000 DEOPT UNPACKING pc=0x0000000002b67890 sp=0x00000000208abca0 mode 0
Event: 40.699 Thread 0x000000001f41a000 DEOPT PACKING pc=0x00000000035052a6 sp=0x00000000208abfa0
Event: 40.699 Thread 0x000000001f41a000 DEOPT UNPACKING pc=0x0000000002b67890 sp=0x00000000208abca0 mode 0
Event: 40.706 Thread 0x000000001f41a000 DEOPT PACKING pc=0x00000000035052a6 sp=0x00000000208abfa0
Event: 40.706 Thread 0x000000001f41a000 DEOPT UNPACKING pc=0x0000000002b67890 sp=0x00000000208abca0 mode 0
Event: 40.931 Executing VM operation: BulkRevokeBias
Event: 40.931 Executing VM operation: BulkRevokeBias done
Event: 40.932 loading class userinterface/Police/PoliceViewDetailsJPanel$1
Event: 40.932 loading class userinterface/Police/PoliceViewDetailsJPanel$1 done


Dynamic libraries:
0x00007ff72c560000 - 0x00007ff72c597000 	C:\Program Files\Java\jdk1.8.0_202\bin\java.exe
0x00007ffc1fbc0000 - 0x00007ffc1fdc7000 	C:\WINDOWS\SYSTEM32\ntdll.dll
0x00007ffc1ee10000 - 0x00007ffc1eecd000 	C:\WINDOWS\System32\KERNEL32.DLL
0x00007ffc1d240000 - 0x00007ffc1d5b4000 	C:\WINDOWS\System32\KERNELBASE.dll
0x00007ffc1e880000 - 0x00007ffc1e92c000 	C:\WINDOWS\System32\ADVAPI32.dll
0x00007ffc1df50000 - 0x00007ffc1dff3000 	C:\WINDOWS\System32\msvcrt.dll
0x00007ffc1f020000 - 0x00007ffc1f0bd000 	C:\WINDOWS\System32\sechost.dll
0x00007ffc1eef0000 - 0x00007ffc1f011000 	C:\WINDOWS\System32\RPCRT4.dll
0x00007ffc1f1c0000 - 0x00007ffc1f36c000 	C:\WINDOWS\System32\USER32.dll
0x00007ffc1d0a0000 - 0x00007ffc1d0c6000 	C:\WINDOWS\System32\win32u.dll
0x00007ffc1e850000 - 0x00007ffc1e879000 	C:\WINDOWS\System32\GDI32.dll
0x00007ffc1d930000 - 0x00007ffc1da42000 	C:\WINDOWS\System32\gdi32full.dll
0x00007ffc1d5c0000 - 0x00007ffc1d65d000 	C:\WINDOWS\System32\msvcp_win.dll
0x00007ffc1d810000 - 0x00007ffc1d921000 	C:\WINDOWS\System32\ucrtbase.dll
0x00007ffbfdf60000 - 0x00007ffbfe205000 	C:\WINDOWS\WinSxS\amd64_microsoft.windows.common-controls_6595b64144ccf1df_6.0.22000.120_none_9d947278b86cc467\COMCTL32.dll
0x00007ffc1e000000 - 0x00007ffc1e031000 	C:\WINDOWS\System32\IMM32.DLL
0x0000000077c50000 - 0x0000000077d22000 	C:\Program Files\Java\jdk1.8.0_202\jre\bin\msvcr100.dll
0x0000000076b00000 - 0x00000000773a5000 	C:\Program Files\Java\jdk1.8.0_202\jre\bin\server\jvm.dll
0x00007ffc1f0c0000 - 0x00007ffc1f0c8000 	C:\WINDOWS\System32\PSAPI.DLL
0x00007ffc187e0000 - 0x00007ffc187e9000 	C:\WINDOWS\SYSTEM32\WSOCK32.dll
0x00007ffc17eb0000 - 0x00007ffc17ee3000 	C:\WINDOWS\SYSTEM32\WINMM.dll
0x00007ffc15e20000 - 0x00007ffc15e2a000 	C:\WINDOWS\SYSTEM32\VERSION.dll
0x00007ffc1eda0000 - 0x00007ffc1ee0f000 	C:\WINDOWS\System32\WS2_32.dll
0x00007ffc18810000 - 0x00007ffc1881f000 	C:\Program Files\Java\jdk1.8.0_202\jre\bin\verify.dll
0x00007ffc0b2e0000 - 0x00007ffc0b309000 	C:\Program Files\Java\jdk1.8.0_202\jre\bin\java.dll
0x00007ffc0c160000 - 0x00007ffc0c176000 	C:\Program Files\Java\jdk1.8.0_202\jre\bin\zip.dll
0x00007ffc1e040000 - 0x00007ffc1e7ea000 	C:\WINDOWS\System32\SHELL32.dll
0x00007ffc1b240000 - 0x00007ffc1baa2000 	C:\WINDOWS\SYSTEM32\windows.storage.dll
0x00007ffc1da50000 - 0x00007ffc1ddc8000 	C:\WINDOWS\System32\combase.dll
0x00007ffc1b0d0000 - 0x00007ffc1b236000 	C:\WINDOWS\SYSTEM32\wintypes.dll
0x00007ffc1eca0000 - 0x00007ffc1ed8a000 	C:\WINDOWS\System32\SHCORE.dll
0x00007ffc1e7f0000 - 0x00007ffc1e84d000 	C:\WINDOWS\System32\shlwapi.dll
0x00007ffc1cfd0000 - 0x00007ffc1cff1000 	C:\WINDOWS\SYSTEM32\profapi.dll
0x00007ffbc4dd0000 - 0x00007ffbc4f69000 	C:\Program Files\Java\jdk1.8.0_202\jre\bin\awt.dll
0x00007ffc1eb10000 - 0x00007ffc1ebe6000 	C:\WINDOWS\System32\OLEAUT32.dll
0x00007ffc1a2b0000 - 0x00007ffc1a341000 	C:\WINDOWS\SYSTEM32\apphelp.dll
0x00007ffc1a460000 - 0x00007ffc1a50c000 	C:\WINDOWS\system32\uxtheme.dll
0x00007ffc1fa60000 - 0x00007ffc1fb7e000 	C:\WINDOWS\System32\MSCTF.dll
0x00007ffc1f3e0000 - 0x00007ffc1f57a000 	C:\WINDOWS\System32\ole32.dll
0x00007ffc1c240000 - 0x00007ffc1c258000 	C:\WINDOWS\SYSTEM32\kernel.appcore.dll
0x00007ffc1d790000 - 0x00007ffc1d810000 	C:\WINDOWS\System32\bcryptPrimitives.dll
0x00007ffc1a800000 - 0x00007ffc1a82f000 	C:\WINDOWS\system32\DWMAPI.DLL
0x00007ffbecce0000 - 0x00007ffbecd27000 	C:\Program Files\Java\jdk1.8.0_202\jre\bin\fontmanager.dll
0x00007ffbe2930000 - 0x00007ffbe2a31000 	C:\WINDOWS\system32\opengl32.dll
0x00007ffbe2900000 - 0x00007ffbe292d000 	C:\WINDOWS\SYSTEM32\GLU32.dll
0x00007ffc1a560000 - 0x00007ffc1a598000 	C:\WINDOWS\SYSTEM32\dxcore.dll
0x00007ffc1ebf0000 - 0x00007ffc1ec9f000 	C:\WINDOWS\System32\clbcatq.dll
0x00007ffc15ad0000 - 0x00007ffc15c7e000 	C:\WINDOWS\SYSTEM32\WindowsCodecs.dll
0x00007ffbe1240000 - 0x00007ffbe129d000 	C:\WINDOWS\system32\dataexchange.dll
0x00007ffc182f0000 - 0x00007ffc18556000 	C:\WINDOWS\system32\twinapi.appcore.dll
0x00007ffc0b890000 - 0x00007ffc0b8aa000 	C:\Program Files\Java\jdk1.8.0_202\jre\bin\net.dll
0x00007ffc12140000 - 0x00007ffc1232e000 	C:\WINDOWS\SYSTEM32\urlmon.dll
0x00007ffc11ca0000 - 0x00007ffc11f52000 	C:\WINDOWS\SYSTEM32\iertutil.dll
0x00007ffc11c70000 - 0x00007ffc11c98000 	C:\WINDOWS\SYSTEM32\srvcli.dll
0x00007ffc1bcf0000 - 0x00007ffc1bcfc000 	C:\WINDOWS\SYSTEM32\netutils.dll
0x00007ffc1c6c0000 - 0x00007ffc1c727000 	C:\WINDOWS\system32\mswsock.dll
0x00007ffc0b130000 - 0x00007ffc0b142000 	C:\Program Files\Java\jdk1.8.0_202\jre\bin\nio.dll
0x00007ffbec0c0000 - 0x00007ffbec102000 	C:\Program Files\Java\jdk1.8.0_202\jre\bin\t2k.dll
0x00007ffbf4630000 - 0x00007ffbf475d000 	C:\WINDOWS\SYSTEM32\textinputframework.dll
0x00007ffc0a820000 - 0x00007ffc0a84a000 	C:\Program Files\Java\jdk1.8.0_202\jre\bin\dcpr.dll
0x00007ffc19e70000 - 0x00007ffc19fa2000 	C:\WINDOWS\SYSTEM32\CoreMessaging.dll
0x00007ffc17420000 - 0x00007ffc1778d000 	C:\WINDOWS\SYSTEM32\CoreUIComponents.dll
0x00007ffc1c900000 - 0x00007ffc1c90c000 	C:\WINDOWS\SYSTEM32\CRYPTBASE.DLL
0x00007ffbe3380000 - 0x00007ffbe33ea000 	C:\WINDOWS\system32\Ninput.dll
0x00007ffc1ac20000 - 0x00007ffc1ae41000 	C:\WINDOWS\SYSTEM32\dbghelp.dll

VM Arguments:
jvm_args: -Dfile.encoding=UTF-8 
java_command: userinterface.MainJFrame
java_class_path (initial): C:\Users\91914\OneDrive\Desktop\New folder (6)\FinalProject5100\db4o-8.0.184.15484-all-java5.jar;C:\Users\91914\OneDrive\Desktop\New folder (6)\FinalProject5100\AbsoluteLayout.jar;C:\Users\91914\OneDrive\Desktop\New folder (6)\FinalProject5100\javax.mail.jar;C:\Users\91914\OneDrive\Desktop\New folder (6)\FinalProject5100\build\classes
Launcher Type: SUN_STANDARD

Environment Variables:
JAVA_HOME=C:\Program Files\Java\jdk-16.0.2
PATH=C:\Program Files (x86)\Common Files\Oracle\Java\javapath;C:\Program Files\Common Files\Oracle\Java\javapath;C:\Windows\system32;C:\Windows;C:\Windows\System32\Wbem;C:\Windows\System32\WindowsPowerShell\v1.0\;C:\Windows\System32\OpenSSH\;C:\Program Files (x86)\NVIDIA Corporation\PhysX\Common;C:\Program Files\NVIDIA Corporation\NVIDIA NvDLISR;C:\WINDOWS\system32;C:\WINDOWS;C:\WINDOWS\System32\Wbem;C:\WINDOWS\System32\WindowsPowerShell\v1.0\;C:\WINDOWS\System32\OpenSSH\;C:\Android;C:\Program Files\Microsoft SQL Server\Client SDK\ODBC\170\Tools\Binn\;C:\Program Files (x86)\Microsoft SQL Server\150\Tools\Binn\;C:\Program Files\Microsoft SQL Server\150\Tools\Binn\;C:\Program Files\Microsoft SQL Server\150\DTS\Binn\;C:\Program Files (x86)\Microsoft SQL Server\150\DTS\Binn\;C:\Program Files\Azure Data Studio\bin;C:\Program Files\Java\jdk-16.0.2\bin;C:\Program Files\Common Files\Tom Sawyer Software\10.0.0;C:\Program Files\Git\cmd;C:\Program Files\Microsoft SQL Server\130\Tools\Binn\;C:\Program Files (x86)\Microsoft SQL Server\110\DTS\Binn\;C:\Program Files (x86)\Microsoft SQL Server\120\DTS\Binn\;C:\Program Files (x86)\Microsoft SQL Server\130\DTS\Binn\;C:\Program Files (x86)\Microsoft SQL Server\140\DTS\Binn\;C:\Users\91914\AppData\Local\Microsoft\WindowsApps;C:\Program Files\Azure Data Studio\bin;C:\Users\91914\AppData\Local\GitHubDesktop\bin;
USERNAME=Lucifer
OS=Windows_NT
PROCESSOR_IDENTIFIER=Intel64 Family 6 Model 158 Stepping 10, GenuineIntel



---------------  S Y S T E M  ---------------

OS: Windows 10.0 , 64 bit Build 22000 (10.0.22000.318)

CPU:total 8 (initial active 8) (4 cores per cpu, 2 threads per core) family 6 model 158 stepping 10, cmov, cx8, fxsr, mmx, sse, sse2, sse3, ssse3, sse4.1, sse4.2, popcnt, avx, avx2, aes, clmul, erms, 3dnowpref, lzcnt, ht, tsc, tscinvbit, bmi1, bmi2, adx

Memory: 4k page, physical 16621812k(5015892k free), swap 23175412k(4001692k free)

vm_info: Java HotSpot(TM) 64-Bit Server VM (25.202-b08) for windows-amd64 JRE (1.8.0_202-b08), built on Dec 15 2018 19:54:30 by "java_re" with MS VC++ 10.0 (VS2010)

time: Sun Dec 12 23:11:46 2021
timezone: Eastern Standard Time
elapsed time: 41 seconds (0d 0h 0m 41s)

