#
# A fatal error has been detected by the Java Runtime Environment:
#
#  EXCEPTION_ACCESS_VIOLATION (0xc0000005) at pc=0x00007ffbde4cc18b, pid=16992, tid=0x0000000000001d60
#
# JRE version: Java(TM) SE Runtime Environment (8.0_202-b08) (build 1.8.0_202-b08)
# Java VM: Java HotSpot(TM) 64-Bit Server VM (25.202-b08 mixed mode windows-amd64 compressed oops)
# Problematic frame:
# C  [awt.dll+0x6c18b]
#
# Failed to write core dump. Minidumps are not enabled by default on client versions of Windows
#
# If you would like to submit a bug report, please visit:
#   http://bugreport.java.com/bugreport/crash.jsp
# The crash happened outside the Java Virtual Machine in native code.
# See problematic frame for where to report the bug.
#

---------------  T H R E A D  ---------------

Current thread (0x000000001f90c800):  JavaThread "AWT-EventQueue-0" [_thread_in_native, id=7520, stack(0x0000000020c50000,0x0000000020d50000)]

siginfo: ExceptionCode=0xc0000005, reading address 0xffffffffffffffff

Registers:
RAX=0x007200650072006f, RBX=0x000000001f90c9f8, RCX=0x000000001f90c9f8, RDX=0x0000000020320cb0
RSP=0x0000000020d4b8b0, RBP=0x0000000020d4b901, RSI=0x0000000020d4bb88, RDI=0x0000000020320cb0
R8 =0x0000000000000042, R9 =0x00000006c299c730, R10=0x00000000000000c0, R11=0x0000000077317940
R12=0x0000000020d4bba0, R13=0x00007ffbde5a64e0, R14=0x0000000000000000, R15=0x0000000000000000
RIP=0x00007ffbde4cc18b, EFLAGS=0x0000000000010206

Top of Stack: (sp=0x0000000020d4b8b0)
0x0000000020d4b8b0:   0000000020d4ba10 000000000000000c
0x0000000020d4b8c0:   000000000000000c 0000000076c34a67
0x0000000020d4b8d0:   000000001f90c9f8 00007ffbde464e56
0x0000000020d4b8e0:   0000000020d4bb98 0000000020d4b9e0
0x0000000020d4b8f0:   0000000020d4bb88 0000000000000013
0x0000000020d4b900:   000000001f90c800 0000000000000000
0x0000000020d4b910:   0000000000000001 0000000076c7d4b0
0x0000000020d4b920:   000000001f90c800 0000000020d4bb90
0x0000000020d4b930:   0000000000000000 0000000020d4b9f0
0x0000000020d4b940:   0000000000000000 0000000000000013
0x0000000020d4b950:   000000001f90c800 0000000000000000
0x0000000020d4b960:   0000000000000000 0000000003143bc1
0x0000000020d4b970:   000000001c0296b8 0000000000000013
0x0000000020d4b980:   000000076e0a4e40 0000000000000000
0x0000000020d4b990:   0000000020d4b9b8 0000000000000000
0x0000000020d4b9a0:   0000000000000013 00000006c2c32d90 

Instructions: (pc=0x00007ffbde4cc18b)
0x00007ffbde4cc16b:   15 80 3c 09 00 e8 47 31 07 00 eb 16 40 84 ed 74
0x00007ffbde4cc17b:   11 48 8b 40 20 48 85 c0 74 08 48 8b d7 48 8b cb
0x00007ffbde4cc18b:   ff d0 48 8b c7 48 8b 5c 24 30 48 8b 6c 24 38 48
0x00007ffbde4cc19b:   8b 74 24 40 48 83 c4 20 5f c3 cc cc cc 41 b0 01 


Register to memory mapping:

RAX=0x007200650072006f is an unknown value
RBX=0x000000001f90c9f8 is an unknown value
RCX=0x000000001f90c9f8 is an unknown value
RDX=0x0000000020320cb0 is an unknown value
RSP=0x0000000020d4b8b0 is pointing into the stack for thread: 0x000000001f90c800
RBP=0x0000000020d4b901 is pointing into the stack for thread: 0x000000001f90c800
RSI=0x0000000020d4bb88 is pointing into the stack for thread: 0x000000001f90c800
RDI=0x0000000020320cb0 is an unknown value
R8 =0x0000000000000042 is an unknown value
R9 =0x00000006c299c730 is an oop
sun.awt.image.BufImgSurfaceData 
 - klass: 'sun/awt/image/BufImgSurfaceData'
R10=0x00000000000000c0 is an unknown value
R11=0x0000000077317940 is an unknown value
R12=0x0000000020d4bba0 is pointing into the stack for thread: 0x000000001f90c800
R13=0x00007ffbde5a64e0 is an unknown value
R14=0x0000000000000000 is an unknown value
R15=0x0000000000000000 is an unknown value


Stack: [0x0000000020c50000,0x0000000020d50000],  sp=0x0000000020d4b8b0,  free space=1006k
Native frames: (J=compiled Java code, j=interpreted, Vv=VM code, C=native code)
C  [awt.dll+0x6c18b]
C  [awt.dll+0x4e56]
C  0x00000000037591d9

Java frames: (J=compiled Java code, j=interpreted, Vv=VM code)
J 2340  sun.java2d.loops.Blit.Blit(Lsun/java2d/SurfaceData;Lsun/java2d/SurfaceData;Ljava/awt/Composite;Lsun/java2d/pipe/Region;IIIIII)V (0 bytes) @ 0x0000000003759153 [0x0000000003759080+0xd3]
J 2143 C1 sun.java2d.pipe.DrawImage.blitSurfaceData(Lsun/java2d/SunGraphics2D;Lsun/java2d/pipe/Region;Lsun/java2d/SurfaceData;Lsun/java2d/SurfaceData;Lsun/java2d/loops/SurfaceType;Lsun/java2d/loops/SurfaceType;IIIIIILjava/awt/Color;)V (145 bytes) @ 0x0000000003696314 [0x00000000036954e0+0xe34]
J 2142 C1 sun.java2d.pipe.DrawImage.renderImageCopy(Lsun/java2d/SunGraphics2D;Ljava/awt/Image;Ljava/awt/Color;IIIIII)Z (147 bytes) @ 0x00000000036940ac [0x0000000003693b20+0x58c]
j  sun.java2d.pipe.DrawImage.copyImage(Lsun/java2d/SunGraphics2D;Ljava/awt/Image;IILjava/awt/Color;)Z+45
J 3669 C1 sun.java2d.pipe.DrawImage.copyImage(Lsun/java2d/SunGraphics2D;Ljava/awt/Image;IILjava/awt/Color;Ljava/awt/image/ImageObserver;)Z (60 bytes) @ 0x000000000349c40c [0x000000000349bda0+0x66c]
J 3668 C1 sun.java2d.SunGraphics2D.drawImage(Ljava/awt/Image;IILjava/awt/Color;Ljava/awt/image/ImageObserver;)Z (145 bytes) @ 0x000000000350e704 [0x000000000350ddc0+0x944]
j  sun.awt.image.ImageRepresentation.drawToBufImage(Ljava/awt/Graphics;Lsun/awt/image/ToolkitImage;IILjava/awt/Color;Ljava/awt/image/ImageObserver;)Z+152
J 3669 C1 sun.java2d.pipe.DrawImage.copyImage(Lsun/java2d/SunGraphics2D;Ljava/awt/Image;IILjava/awt/Color;Ljava/awt/image/ImageObserver;)Z (60 bytes) @ 0x000000000349c3cc [0x000000000349bda0+0x62c]
j  sun.java2d.pipe.ValidatePipe.copyImage(Lsun/java2d/SunGraphics2D;Ljava/awt/Image;IILjava/awt/Color;Ljava/awt/image/ImageObserver;)Z+21
J 3668 C1 sun.java2d.SunGraphics2D.drawImage(Ljava/awt/Image;IILjava/awt/Color;Ljava/awt/image/ImageObserver;)Z (145 bytes) @ 0x000000000350e704 [0x000000000350ddc0+0x944]
J 3683 C1 sun.java2d.SunGraphics2D.drawImage(Ljava/awt/Image;IILjava/awt/image/ImageObserver;)Z (11 bytes) @ 0x0000000003357e44 [0x0000000003357d40+0x104]
j  javax.swing.ImageIcon.paintIcon(Ljava/awt/Component;Ljava/awt/Graphics;II)V+16
j  sun.swing.plaf.synth.SynthIcon.paintIcon(Ljavax/swing/Icon;Ljavax/swing/plaf/synth/SynthContext;Ljava/awt/Graphics;IIII)V+39
J 2832 C1 javax.swing.plaf.synth.SynthGraphicsUtils.paintText(Ljavax/swing/plaf/synth/SynthContext;Ljava/awt/Graphics;Ljava/lang/String;Ljavax/swing/Icon;IIIIIII)V (413 bytes) @ 0x00000000038bcac4 [0x00000000038bb540+0x1584]
j  javax.swing.plaf.synth.SynthLabelUI.paint(Ljavax/swing/plaf/synth/SynthContext;Ljava/awt/Graphics;)V+96
j  javax.swing.plaf.synth.SynthLabelUI.update(Ljava/awt/Graphics;Ljavax/swing/JComponent;)V+33
J 2597 C1 javax.swing.JComponent.paintComponent(Ljava/awt/Graphics;)V (44 bytes) @ 0x00000000037fba74 [0x00000000037fb800+0x274]
J 2585 C1 javax.swing.JComponent.paint(Ljava/awt/Graphics;)V (409 bytes) @ 0x00000000037eed4c [0x00000000037ed4c0+0x188c]
J 2589 C1 javax.swing.JComponent.paintChildren(Ljava/awt/Graphics;)V (669 bytes) @ 0x00000000037f548c [0x00000000037f20c0+0x33cc]
J 2585 C1 javax.swing.JComponent.paint(Ljava/awt/Graphics;)V (409 bytes) @ 0x00000000037ef1ec [0x00000000037ed4c0+0x1d2c]
J 2589 C1 javax.swing.JComponent.paintChildren(Ljava/awt/Graphics;)V (669 bytes) @ 0x00000000037f548c [0x00000000037f20c0+0x33cc]
J 2585 C1 javax.swing.JComponent.paint(Ljava/awt/Graphics;)V (409 bytes) @ 0x00000000037ef1ec [0x00000000037ed4c0+0x1d2c]
j  javax.swing.JComponent.paintToOffscreen(Ljava/awt/Graphics;IIIIII)V+41
j  javax.swing.RepaintManager$PaintManager.paintDoubleBuffered(Ljavax/swing/JComponent;Ljava/awt/Image;Ljava/awt/Graphics;IIII)V+163
j  javax.swing.RepaintManager$PaintManager.paint(Ljavax/swing/JComponent;Ljavax/swing/JComponent;Ljava/awt/Graphics;IIII)Z+116
j  javax.swing.RepaintManager.paint(Ljavax/swing/JComponent;Ljavax/swing/JComponent;Ljava/awt/Graphics;IIII)V+51
j  javax.swing.JComponent._paintImmediately(IIII)V+683
J 3721 C1 javax.swing.JComponent.paintImmediately(IIII)V (155 bytes) @ 0x0000000003a9b38c [0x0000000003a9a580+0xe0c]
j  javax.swing.RepaintManager$4.run()Ljava/lang/Void;+81
J 3709 C1 javax.swing.RepaintManager$4.run()Ljava/lang/Object; (5 bytes) @ 0x0000000003a9478c [0x0000000003a94700+0x8c]
v  ~StubRoutines::call_stub
J 1758  java.security.AccessController.doPrivileged(Ljava/security/PrivilegedAction;Ljava/security/AccessControlContext;)Ljava/lang/Object; (0 bytes) @ 0x0000000003592fa6 [0x0000000003592f40+0x66]
J 1885 C1 java.security.ProtectionDomain$JavaSecurityAccessImpl.doIntersectionPrivilege(Ljava/security/PrivilegedAction;Ljava/security/AccessControlContext;Ljava/security/AccessControlContext;)Ljava/lang/Object; (22 bytes) @ 0x00000000035f6fbc [0x00000000035f6b40+0x47c]
j  javax.swing.RepaintManager.paintDirtyRegions(Ljava/util/Map;)V+154
j  javax.swing.RepaintManager.paintDirtyRegions()V+46
j  javax.swing.RepaintManager.prePaintDirtyRegions()V+73
j  javax.swing.RepaintManager.access$1200(Ljavax/swing/RepaintManager;)V+1
j  javax.swing.RepaintManager$ProcessingRunnable.run()V+37
J 2168 C1 java.awt.event.InvocationEvent.dispatch()V (69 bytes) @ 0x00000000036a3394 [0x00000000036a3180+0x214]
J 2038 C1 java.awt.EventQueue.dispatchEventImpl(Ljava/awt/AWTEvent;Ljava/lang/Object;)V (149 bytes) @ 0x0000000003655c84 [0x0000000003654180+0x1b04]
J 2036 C1 java.awt.EventQueue$3.run()Ljava/lang/Void; (60 bytes) @ 0x000000000365355c [0x0000000003653340+0x21c]
J 2035 C1 java.awt.EventQueue$3.run()Ljava/lang/Object; (5 bytes) @ 0x0000000003652fcc [0x0000000003652f40+0x8c]
v  ~StubRoutines::call_stub
J 1758  java.security.AccessController.doPrivileged(Ljava/security/PrivilegedAction;Ljava/security/AccessControlContext;)Ljava/lang/Object; (0 bytes) @ 0x0000000003592fa6 [0x0000000003592f40+0x66]
J 1982 C1 java.awt.EventQueue.dispatchEvent(Ljava/awt/AWTEvent;)V (80 bytes) @ 0x0000000003631dac [0x0000000003631400+0x9ac]
J 2040 C1 java.awt.EventDispatchThread.pumpOneEventForFilters(I)V (190 bytes) @ 0x000000000365b81c [0x000000000365a6c0+0x115c]
j  java.awt.EventDispatchThread.pumpEventsForFilter(ILjava/awt/Conditional;Ljava/awt/EventFilter;)V+35
j  java.awt.EventDispatchThread.pumpEventsForHierarchy(ILjava/awt/Conditional;Ljava/awt/Component;)V+11
j  java.awt.EventDispatchThread.pumpEvents(ILjava/awt/Conditional;)V+4
j  java.awt.EventDispatchThread.pumpEvents(Ljava/awt/Conditional;)V+3
j  java.awt.EventDispatchThread.run()V+9
v  ~StubRoutines::call_stub

---------------  P R O C E S S  ---------------

Java Threads: ( => current thread )
  0x0000000021bf6800 JavaThread "TimerQueue" daemon [_thread_blocked, id=19716, stack(0x0000000021450000,0x0000000021550000)]
  0x0000000002f42800 JavaThread "DestroyJavaVM" [_thread_blocked, id=31580, stack(0x0000000002e40000,0x0000000002f40000)]
=>0x000000001f90c800 JavaThread "AWT-EventQueue-0" [_thread_in_native, id=7520, stack(0x0000000020c50000,0x0000000020d50000)]
  0x000000001f8b6000 JavaThread "AWT-Windows" daemon [_thread_in_native, id=16836, stack(0x0000000020220000,0x0000000020320000)]
  0x000000001f8b2000 JavaThread "AWT-Shutdown" [_thread_blocked, id=29744, stack(0x0000000020120000,0x0000000020220000)]
  0x000000001f8b1000 JavaThread "Java2D Disposer" daemon [_thread_blocked, id=31380, stack(0x0000000020020000,0x0000000020120000)]
  0x000000001e859800 JavaThread "Service Thread" daemon [_thread_blocked, id=21036, stack(0x000000001f4d0000,0x000000001f5d0000)]
  0x000000001e81b800 JavaThread "C1 CompilerThread3" daemon [_thread_blocked, id=19696, stack(0x000000001f3d0000,0x000000001f4d0000)]
  0x000000001e80b800 JavaThread "C2 CompilerThread2" daemon [_thread_blocked, id=8796, stack(0x000000001f2d0000,0x000000001f3d0000)]
  0x000000001e806800 JavaThread "C2 CompilerThread1" daemon [_thread_blocked, id=21464, stack(0x000000001f1d0000,0x000000001f2d0000)]
  0x000000001e804000 JavaThread "C2 CompilerThread0" daemon [_thread_blocked, id=23476, stack(0x000000001f0d0000,0x000000001f1d0000)]
  0x000000001e802000 JavaThread "Attach Listener" daemon [_thread_blocked, id=24772, stack(0x000000001efd0000,0x000000001f0d0000)]
  0x000000001e7ff000 JavaThread "Signal Dispatcher" daemon [_thread_blocked, id=20748, stack(0x000000001eed0000,0x000000001efd0000)]
  0x000000001e7f0800 JavaThread "Finalizer" daemon [_thread_blocked, id=23580, stack(0x000000001ecd0000,0x000000001edd0000)]
  0x0000000003037000 JavaThread "Reference Handler" daemon [_thread_blocked, id=25412, stack(0x000000001ebd0000,0x000000001ecd0000)]

Other Threads:
  0x000000001c9f8000 VMThread [stack: 0x000000001e6d0000,0x000000001e7d0000] [id=13480]
  0x000000001e85b000 WatcherThread [stack: 0x000000001f5d0000,0x000000001f6d0000] [id=14340]

VM state:not at safepoint (normal execution)

VM Mutex/Monitor currently owned by a thread: None

heap address: 0x00000006c2400000, size: 4060 MB, Compressed Oops mode: Zero based, Oop shift amount: 3
Narrow klass base: 0x0000000000000000, Narrow klass shift: 3
Compressed class space size: 1073741824 Address: 0x00000007c0000000

Heap:
 PSYoungGen      total 75776K, used 43663K [0x000000076b700000, 0x0000000770b80000, 0x00000007c0000000)
  eden space 65024K, 67% used [0x000000076b700000,0x000000076e1a3e40,0x000000076f680000)
  from space 10752K, 0% used [0x0000000770100000,0x0000000770100000,0x0000000770b80000)
  to   space 10752K, 0% used [0x000000076f680000,0x000000076f680000,0x0000000770100000)
 ParOldGen       total 83968K, used 10700K [0x00000006c2400000, 0x00000006c7600000, 0x000000076b700000)
  object space 83968K, 12% used [0x00000006c2400000,0x00000006c2e73190,0x00000006c7600000)
 Metaspace       used 21884K, capacity 22724K, committed 22784K, reserved 1069056K
  class space    used 2852K, capacity 3060K, committed 3072K, reserved 1048576K

Card table byte_map: [0x0000000012400000,0x0000000012bf0000] byte_map_base: 0x000000000edee000

Marking Bits: (ParMarkBitMap*) 0x0000000077325ce0
 Begin Bits: [0x0000000013940000, 0x00000000178b0000)
 End Bits:   [0x00000000178b0000, 0x000000001b820000)

Polling page: 0x0000000001550000

CodeCache: size=245760Kb used=10845Kb max_used=11023Kb free=234914Kb
 bounds [0x0000000003040000, 0x0000000003b20000, 0x0000000012040000]
 total_blobs=4104 nmethods=3546 adapters=470
 compilation: enabled

Compilation events (10 events):
Event: 52.613 Thread 0x000000001e81b800 nmethod 3831 0x00000000035f5350 code [0x00000000035f54c0, 0x00000000035f5708]
Event: 52.613 Thread 0x000000001e81b800 3830       3       javax.swing.GroupLayout$ComponentSpring::calculateNonlinkedMaximumSize (71 bytes)
Event: 52.613 Thread 0x000000001e80b800 nmethod 3824 0x00000000035e7ad0 code [0x00000000035e7c20, 0x00000000035e7d98]
Event: 52.613 Thread 0x000000001e81b800 nmethod 3830 0x00000000035c9250 code [0x00000000035c9400, 0x00000000035c9ac8]
Event: 52.613 Thread 0x000000001e81b800 3829       3       javax.swing.GroupLayout$ComponentSpring::calculateNonlinkedMinimumSize (71 bytes)
Event: 52.613 Thread 0x000000001e804000 nmethod 3832 0x0000000003a96dd0 code [0x0000000003a96f00, 0x0000000003a96f98]
Event: 52.614 Thread 0x000000001e81b800 nmethod 3829 0x000000000323d110 code [0x000000000323d2c0, 0x000000000323d988]
Event: 52.614 Thread 0x000000001e81b800 3833   !   3       java.awt.Component::validate (105 bytes)
Event: 52.614 Thread 0x000000001e81b800 nmethod 3833 0x0000000003804a90 code [0x0000000003804c80, 0x00000000038059a8]
Event: 52.614 Thread 0x000000001e81b800 3828       3       javax.swing.plaf.synth.SynthGraphicsUtils::getMinimumSize (74 bytes)

GC Heap History (6 events):
Event: 0.968 GC heap before
{Heap before GC invocations=1 (full 0):
 PSYoungGen      total 75776K, used 65024K [0x000000076b700000, 0x0000000770b80000, 0x00000007c0000000)
  eden space 65024K, 100% used [0x000000076b700000,0x000000076f680000,0x000000076f680000)
  from space 10752K, 0% used [0x0000000770100000,0x0000000770100000,0x0000000770b80000)
  to   space 10752K, 0% used [0x000000076f680000,0x000000076f680000,0x0000000770100000)
 ParOldGen       total 173568K, used 0K [0x00000006c2400000, 0x00000006ccd80000, 0x000000076b700000)
  object space 173568K, 0% used [0x00000006c2400000,0x00000006c2400000,0x00000006ccd80000)
 Metaspace       used 16921K, capacity 17384K, committed 17536K, reserved 1064960K
  class space    used 2219K, capacity 2360K, committed 2432K, reserved 1048576K
Event: 0.973 GC heap after
Heap after GC invocations=1 (full 0):
 PSYoungGen      total 75776K, used 9091K [0x000000076b700000, 0x0000000770b80000, 0x00000007c0000000)
  eden space 65024K, 0% used [0x000000076b700000,0x000000076b700000,0x000000076f680000)
  from space 10752K, 84% used [0x000000076f680000,0x000000076ff60d58,0x0000000770100000)
  to   space 10752K, 0% used [0x0000000770100000,0x0000000770100000,0x0000000770b80000)
 ParOldGen       total 173568K, used 24K [0x00000006c2400000, 0x00000006ccd80000, 0x000000076b700000)
  object space 173568K, 0% used [0x00000006c2400000,0x00000006c2406000,0x00000006ccd80000)
 Metaspace       used 16921K, capacity 17384K, committed 17536K, reserved 1064960K
  class space    used 2219K, capacity 2360K, committed 2432K, reserved 1048576K
}
Event: 37.895 GC heap before
{Heap before GC invocations=2 (full 0):
 PSYoungGen      total 75776K, used 43600K [0x000000076b700000, 0x0000000770b80000, 0x00000007c0000000)
  eden space 65024K, 53% used [0x000000076b700000,0x000000076d8b3610,0x000000076f680000)
  from space 10752K, 84% used [0x000000076f680000,0x000000076ff60d58,0x0000000770100000)
  to   space 10752K, 0% used [0x0000000770100000,0x0000000770100000,0x0000000770b80000)
 ParOldGen       total 173568K, used 24K [0x00000006c2400000, 0x00000006ccd80000, 0x000000076b700000)
  object space 173568K, 0% used [0x00000006c2400000,0x00000006c2406000,0x00000006ccd80000)
 Metaspace       used 20642K, capacity 21176K, committed 21296K, reserved 1067008K
  class space    used 2713K, capacity 2862K, committed 2944K, reserved 1048576K
Event: 37.903 GC heap after
Heap after GC invocations=2 (full 0):
 PSYoungGen      total 75776K, used 10741K [0x000000076b700000, 0x0000000770b80000, 0x00000007c0000000)
  eden space 65024K, 0% used [0x000000076b700000,0x000000076b700000,0x000000076f680000)
  from space 10752K, 99% used [0x0000000770100000,0x0000000770b7d480,0x0000000770b80000)
  to   space 10752K, 0% used [0x000000076f680000,0x000000076f680000,0x0000000770100000)
 ParOldGen       total 173568K, used 6261K [0x00000006c2400000, 0x00000006ccd80000, 0x000000076b700000)
  object space 173568K, 3% used [0x00000006c2400000,0x00000006c2a1d608,0x00000006ccd80000)
 Metaspace       used 20642K, capacity 21176K, committed 21296K, reserved 1067008K
  class space    used 2713K, capacity 2862K, committed 2944K, reserved 1048576K
}
Event: 37.903 GC heap before
{Heap before GC invocations=3 (full 1):
 PSYoungGen      total 75776K, used 10741K [0x000000076b700000, 0x0000000770b80000, 0x00000007c0000000)
  eden space 65024K, 0% used [0x000000076b700000,0x000000076b700000,0x000000076f680000)
  from space 10752K, 99% used [0x0000000770100000,0x0000000770b7d480,0x0000000770b80000)
  to   space 10752K, 0% used [0x000000076f680000,0x000000076f680000,0x0000000770100000)
 ParOldGen       total 173568K, used 6261K [0x00000006c2400000, 0x00000006ccd80000, 0x000000076b700000)
  object space 173568K, 3% used [0x00000006c2400000,0x00000006c2a1d608,0x00000006ccd80000)
 Metaspace       used 20642K, capacity 21176K, committed 21296K, reserved 1067008K
  class space    used 2713K, capacity 2862K, committed 2944K, reserved 1048576K
Event: 37.925 GC heap after
Heap after GC invocations=3 (full 1):
 PSYoungGen      total 75776K, used 0K [0x000000076b700000, 0x0000000770b80000, 0x00000007c0000000)
  eden space 65024K, 0% used [0x000000076b700000,0x000000076b700000,0x000000076f680000)
  from space 10752K, 0% used [0x0000000770100000,0x0000000770100000,0x0000000770b80000)
  to   space 10752K, 0% used [0x000000076f680000,0x000000076f680000,0x0000000770100000)
 ParOldGen       total 83968K, used 10700K [0x00000006c2400000, 0x00000006c7600000, 0x000000076b700000)
  object space 83968K, 12% used [0x00000006c2400000,0x00000006c2e73190,0x00000006c7600000)
 Metaspace       used 20642K, capacity 21176K, committed 21296K, reserved 1067008K
  class space    used 2713K, capacity 2862K, committed 2944K, reserved 1048576K
}

Deoptimization events (10 events):
Event: 38.122 Thread 0x000000001f90c800 Uncommon trap: reason=class_check action=maybe_recompile pc=0x0000000003a2d584 method=com.db4o.internal.btree.BTreeNode.keyPatch(I)Lcom/db4o/internal/btree/BTreePatch; @ 15
Event: 38.122 Thread 0x000000001f90c800 Uncommon trap: reason=class_check action=maybe_recompile pc=0x0000000003a2d584 method=com.db4o.internal.btree.BTreeNode.keyPatch(I)Lcom/db4o/internal/btree/BTreePatch; @ 15
Event: 38.122 Thread 0x000000001f90c800 Uncommon trap: reason=class_check action=maybe_recompile pc=0x0000000003a2d584 method=com.db4o.internal.btree.BTreeNode.keyPatch(I)Lcom/db4o/internal/btree/BTreePatch; @ 15
Event: 38.124 Thread 0x000000001f90c800 Uncommon trap: reason=unstable_if action=reinterpret pc=0x00000000039d7dec method=com.db4o.internal.btree.BTreeNode.keyPatch(I)Lcom/db4o/internal/btree/BTreePatch; @ 11
Event: 38.135 Thread 0x000000001f90c800 Uncommon trap: reason=class_check action=maybe_recompile pc=0x000000000344eb14 method=com.db4o.internal.btree.BTreeNode.keyPatch(Lcom/db4o/internal/Transaction;I)Lcom/db4o/internal/btree/BTreePatch; @ 15
Event: 38.144 Thread 0x000000001f90c800 Uncommon trap: reason=unstable_if action=reinterpret pc=0x00000000034b1998 method=com.db4o.internal.ObjectReference.id_rotateLeft()Lcom/db4o/internal/ObjectReference; @ 26
Event: 49.760 Thread 0x000000001f90c800 Uncommon trap: reason=bimorphic action=maybe_recompile pc=0x0000000003aac9bc method=javax.swing.plaf.nimbus.NimbusStyle.getExtendedState(Ljavax/swing/plaf/synth/SynthContext;Ljavax/swing/plaf/nimbus/NimbusStyle$Values;)I @ 219
Event: 49.766 Thread 0x000000001f90c800 Uncommon trap: reason=bimorphic action=maybe_recompile pc=0x0000000003aac9bc method=javax.swing.plaf.nimbus.NimbusStyle.getExtendedState(Ljavax/swing/plaf/synth/SynthContext;Ljavax/swing/plaf/nimbus/NimbusStyle$Values;)I @ 219
Event: 49.766 Thread 0x000000001f90c800 Uncommon trap: reason=bimorphic action=maybe_recompile pc=0x0000000003aac9bc method=javax.swing.plaf.nimbus.NimbusStyle.getExtendedState(Ljavax/swing/plaf/synth/SynthContext;Ljavax/swing/plaf/nimbus/NimbusStyle$Values;)I @ 219
Event: 49.766 Thread 0x000000001f90c800 Uncommon trap: reason=bimorphic action=maybe_recompile pc=0x0000000003aac9bc method=javax.swing.plaf.nimbus.NimbusStyle.getExtendedState(Ljavax/swing/plaf/synth/SynthContext;Ljavax/swing/plaf/nimbus/NimbusStyle$Values;)I @ 219

Classes redefined (0 events):
No events

Internal exceptions (10 events):
Event: 0.192 Thread 0x0000000002f42800 Exception <a 'java/lang/ClassNotFoundException': javax/swing/JTreeCell> (0x000000076bc9db80) thrown at [C:\re\workspace\8-2-build-windows-amd64-cygwin\jdk8u202\12323\hotspot\src\share\vm\classfile\systemDictionary.cpp, line 210]
Event: 0.192 Thread 0x0000000002f42800 Exception <a 'java/lang/ClassNotFoundException': TreeCell> (0x000000076bc9e008) thrown at [C:\re\workspace\8-2-build-windows-amd64-cygwin\jdk8u202\12323\hotspot\src\share\vm\classfile\systemDictionary.cpp, line 210]
Event: 0.192 Thread 0x0000000002f42800 Exception <a 'java/lang/ClassNotFoundException': RootPane> (0x000000076bc9ea68) thrown at [C:\re\workspace\8-2-build-windows-amd64-cygwin\jdk8u202\12323\hotspot\src\share\vm\classfile\systemDictionary.cpp, line 210]
Event: 0.640 Thread 0x000000001f90c800 Implicit null exception at 0x0000000003321840 to 0x00000000033218c1
Event: 32.838 Thread 0x000000001f90c800 Exception <a 'java/lang/NullPointerException'> (0x000000076d5045c0) thrown at [C:\re\workspace\8-2-build-windows-amd64-cygwin\jdk8u202\12323\hotspot\src\share\vm\interpreter\linkResolver.cpp, line 1185]
Event: 35.718 Thread 0x000000001f90c800 Exception <a 'java/lang/ClassCastException': userinterface.Police.PoliceAdminJPanel cannot be cast to userinterface.Shelter.ShelterAdminJPanel> (0x000000076d745380) thrown at [C:\re\workspace\8-2-build-windows-amd64-cygwin\jdk8u202\12323\hotspot\src\share
Event: 35.718 Thread 0x000000001f90c800 Exception <a 'java/lang/ClassCastException'> (0x000000076d745380) thrown at [C:\re\workspace\8-2-build-windows-amd64-cygwin\jdk8u202\12323\hotspot\src\share\vm\prims\jvm.cpp, line 1506]
Event: 35.718 Thread 0x000000001f90c800 Exception <a 'java/lang/ClassCastException'> (0x000000076d745380) thrown at [C:\re\workspace\8-2-build-windows-amd64-cygwin\jdk8u202\12323\hotspot\src\share\vm\prims\jvm.cpp, line 1506]
Event: 38.034 Thread 0x000000001f90c800 Implicit null exception at 0x00000000039c7d55 to 0x00000000039c8005
Event: 38.144 Thread 0x000000001f90c800 Implicit null exception at 0x00000000034b16f3 to 0x00000000034b1989

Events (10 events):
Event: 52.606 Thread 0x000000001e81b800 flushing nmethod 0x000000000388dd50
Event: 52.606 Thread 0x000000001e81b800 flushing nmethod 0x00000000038cb090
Event: 52.607 Executing VM operation: BulkRevokeBias
Event: 52.607 Executing VM operation: BulkRevokeBias done
Event: 52.608 loading class userinterface/Orphanage/OrphanageViewDetailsJPanel$1
Event: 52.608 loading class userinterface/Orphanage/OrphanageViewDetailsJPanel$1 done
Event: 52.609 Executing VM operation: BulkRevokeBias
Event: 52.609 Executing VM operation: BulkRevokeBias done
Event: 52.609 Executing VM operation: BulkRevokeBias
Event: 52.609 Executing VM operation: BulkRevokeBias done


Dynamic libraries:
0x00007ff72c560000 - 0x00007ff72c597000 	C:\Program Files\Java\jdk1.8.0_202\bin\java.exe
0x00007ffc1fbc0000 - 0x00007ffc1fdc7000 	C:\WINDOWS\SYSTEM32\ntdll.dll
0x00007ffc1ee10000 - 0x00007ffc1eecd000 	C:\WINDOWS\System32\KERNEL32.DLL
0x00007ffc1d240000 - 0x00007ffc1d5b4000 	C:\WINDOWS\System32\KERNELBASE.dll
0x00007ffc1e880000 - 0x00007ffc1e92c000 	C:\WINDOWS\System32\ADVAPI32.dll
0x00007ffc1df50000 - 0x00007ffc1dff3000 	C:\WINDOWS\System32\msvcrt.dll
0x00007ffc1f020000 - 0x00007ffc1f0bd000 	C:\WINDOWS\System32\sechost.dll
0x00007ffc1eef0000 - 0x00007ffc1f011000 	C:\WINDOWS\System32\RPCRT4.dll
0x00007ffc1f1c0000 - 0x00007ffc1f36c000 	C:\WINDOWS\System32\USER32.dll
0x00007ffc1d0a0000 - 0x00007ffc1d0c6000 	C:\WINDOWS\System32\win32u.dll
0x00007ffc1e850000 - 0x00007ffc1e879000 	C:\WINDOWS\System32\GDI32.dll
0x00007ffc1d930000 - 0x00007ffc1da42000 	C:\WINDOWS\System32\gdi32full.dll
0x00007ffc1d5c0000 - 0x00007ffc1d65d000 	C:\WINDOWS\System32\msvcp_win.dll
0x00007ffc1d810000 - 0x00007ffc1d921000 	C:\WINDOWS\System32\ucrtbase.dll
0x00007ffbfdf60000 - 0x00007ffbfe205000 	C:\WINDOWS\WinSxS\amd64_microsoft.windows.common-controls_6595b64144ccf1df_6.0.22000.120_none_9d947278b86cc467\COMCTL32.dll
0x00007ffc1e000000 - 0x00007ffc1e031000 	C:\WINDOWS\System32\IMM32.DLL
0x0000000077c50000 - 0x0000000077d22000 	C:\Program Files\Java\jdk1.8.0_202\jre\bin\msvcr100.dll
0x0000000076b00000 - 0x00000000773a5000 	C:\Program Files\Java\jdk1.8.0_202\jre\bin\server\jvm.dll
0x00007ffc1f0c0000 - 0x00007ffc1f0c8000 	C:\WINDOWS\System32\PSAPI.DLL
0x00007ffc187e0000 - 0x00007ffc187e9000 	C:\WINDOWS\SYSTEM32\WSOCK32.dll
0x00007ffc17eb0000 - 0x00007ffc17ee3000 	C:\WINDOWS\SYSTEM32\WINMM.dll
0x00007ffc15e20000 - 0x00007ffc15e2a000 	C:\WINDOWS\SYSTEM32\VERSION.dll
0x00007ffc1eda0000 - 0x00007ffc1ee0f000 	C:\WINDOWS\System32\WS2_32.dll
0x00007ffc0c400000 - 0x00007ffc0c40f000 	C:\Program Files\Java\jdk1.8.0_202\jre\bin\verify.dll
0x00007ffc0b570000 - 0x00007ffc0b599000 	C:\Program Files\Java\jdk1.8.0_202\jre\bin\java.dll
0x00007ffc0c220000 - 0x00007ffc0c236000 	C:\Program Files\Java\jdk1.8.0_202\jre\bin\zip.dll
0x00007ffc1e040000 - 0x00007ffc1e7ea000 	C:\WINDOWS\System32\SHELL32.dll
0x00007ffc1b240000 - 0x00007ffc1baa2000 	C:\WINDOWS\SYSTEM32\windows.storage.dll
0x00007ffc1da50000 - 0x00007ffc1ddc8000 	C:\WINDOWS\System32\combase.dll
0x00007ffc1b0d0000 - 0x00007ffc1b236000 	C:\WINDOWS\SYSTEM32\wintypes.dll
0x00007ffc1eca0000 - 0x00007ffc1ed8a000 	C:\WINDOWS\System32\SHCORE.dll
0x00007ffc1e7f0000 - 0x00007ffc1e84d000 	C:\WINDOWS\System32\shlwapi.dll
0x00007ffc1cfd0000 - 0x00007ffc1cff1000 	C:\WINDOWS\SYSTEM32\profapi.dll
0x00007ffbde460000 - 0x00007ffbde5f9000 	C:\Program Files\Java\jdk1.8.0_202\jre\bin\awt.dll
0x00007ffc1eb10000 - 0x00007ffc1ebe6000 	C:\WINDOWS\System32\OLEAUT32.dll
0x00007ffc1a2b0000 - 0x00007ffc1a341000 	C:\WINDOWS\SYSTEM32\apphelp.dll
0x00007ffc1a460000 - 0x00007ffc1a50c000 	C:\WINDOWS\system32\uxtheme.dll
0x00007ffc1fa60000 - 0x00007ffc1fb7e000 	C:\WINDOWS\System32\MSCTF.dll
0x00007ffc1f3e0000 - 0x00007ffc1f57a000 	C:\WINDOWS\System32\ole32.dll
0x00007ffc1c240000 - 0x00007ffc1c258000 	C:\WINDOWS\SYSTEM32\kernel.appcore.dll
0x00007ffc1d790000 - 0x00007ffc1d810000 	C:\WINDOWS\System32\bcryptPrimitives.dll
0x00007ffc1a800000 - 0x00007ffc1a82f000 	C:\WINDOWS\system32\DWMAPI.DLL
0x00007ffbecce0000 - 0x00007ffbecd27000 	C:\Program Files\Java\jdk1.8.0_202\jre\bin\fontmanager.dll
0x00007ffbe2930000 - 0x00007ffbe2a31000 	C:\WINDOWS\system32\opengl32.dll
0x00007ffbe2900000 - 0x00007ffbe292d000 	C:\WINDOWS\SYSTEM32\GLU32.dll
0x00007ffc1a560000 - 0x00007ffc1a598000 	C:\WINDOWS\SYSTEM32\dxcore.dll
0x00007ffc1ebf0000 - 0x00007ffc1ec9f000 	C:\WINDOWS\System32\clbcatq.dll
0x00007ffc15ad0000 - 0x00007ffc15c7e000 	C:\WINDOWS\SYSTEM32\WindowsCodecs.dll
0x00007ffbe1240000 - 0x00007ffbe129d000 	C:\WINDOWS\system32\dataexchange.dll
0x00007ffc182f0000 - 0x00007ffc18556000 	C:\WINDOWS\system32\twinapi.appcore.dll
0x00007ffc0c160000 - 0x00007ffc0c17a000 	C:\Program Files\Java\jdk1.8.0_202\jre\bin\net.dll
0x00007ffc12140000 - 0x00007ffc1232e000 	C:\WINDOWS\SYSTEM32\urlmon.dll
0x00007ffc11ca0000 - 0x00007ffc11f52000 	C:\WINDOWS\SYSTEM32\iertutil.dll
0x00007ffc1bcf0000 - 0x00007ffc1bcfc000 	C:\WINDOWS\SYSTEM32\netutils.dll
0x00007ffc11c70000 - 0x00007ffc11c98000 	C:\WINDOWS\SYSTEM32\srvcli.dll
0x00007ffc1c6c0000 - 0x00007ffc1c727000 	C:\WINDOWS\system32\mswsock.dll
0x00007ffc0b2f0000 - 0x00007ffc0b302000 	C:\Program Files\Java\jdk1.8.0_202\jre\bin\nio.dll
0x00007ffbec0c0000 - 0x00007ffbec102000 	C:\Program Files\Java\jdk1.8.0_202\jre\bin\t2k.dll
0x00007ffbf4630000 - 0x00007ffbf475d000 	C:\WINDOWS\SYSTEM32\textinputframework.dll
0x00007ffc0aa20000 - 0x00007ffc0aa4a000 	C:\Program Files\Java\jdk1.8.0_202\jre\bin\dcpr.dll
0x00007ffc19e70000 - 0x00007ffc19fa2000 	C:\WINDOWS\SYSTEM32\CoreMessaging.dll
0x00007ffc17420000 - 0x00007ffc1778d000 	C:\WINDOWS\SYSTEM32\CoreUIComponents.dll
0x00007ffc1c900000 - 0x00007ffc1c90c000 	C:\WINDOWS\SYSTEM32\CRYPTBASE.DLL
0x00007ffbe3380000 - 0x00007ffbe33ea000 	C:\WINDOWS\system32\Ninput.dll
0x00007ffc1ac20000 - 0x00007ffc1ae41000 	C:\WINDOWS\SYSTEM32\dbghelp.dll

VM Arguments:
jvm_args: -Dfile.encoding=UTF-8 
java_command: userinterface.MainJFrame
java_class_path (initial): C:\Users\91914\OneDrive\Desktop\New folder (5)\FinalProject5100\db4o-8.0.184.15484-all-java5.jar;C:\Users\91914\OneDrive\Desktop\New folder (5)\FinalProject5100\AbsoluteLayout.jar;C:\Users\91914\OneDrive\Desktop\New folder (5)\FinalProject5100\javax.mail.jar;C:\Users\91914\OneDrive\Desktop\New folder (5)\FinalProject5100\build\classes
Launcher Type: SUN_STANDARD

Environment Variables:
JAVA_HOME=C:\Program Files\Java\jdk-16.0.2
PATH=C:\Program Files (x86)\Common Files\Oracle\Java\javapath;C:\Program Files\Common Files\Oracle\Java\javapath;C:\Windows\system32;C:\Windows;C:\Windows\System32\Wbem;C:\Windows\System32\WindowsPowerShell\v1.0\;C:\Windows\System32\OpenSSH\;C:\Program Files (x86)\NVIDIA Corporation\PhysX\Common;C:\Program Files\NVIDIA Corporation\NVIDIA NvDLISR;C:\WINDOWS\system32;C:\WINDOWS;C:\WINDOWS\System32\Wbem;C:\WINDOWS\System32\WindowsPowerShell\v1.0\;C:\WINDOWS\System32\OpenSSH\;C:\Android;C:\Program Files\Microsoft SQL Server\Client SDK\ODBC\170\Tools\Binn\;C:\Program Files (x86)\Microsoft SQL Server\150\Tools\Binn\;C:\Program Files\Microsoft SQL Server\150\Tools\Binn\;C:\Program Files\Microsoft SQL Server\150\DTS\Binn\;C:\Program Files (x86)\Microsoft SQL Server\150\DTS\Binn\;C:\Program Files\Azure Data Studio\bin;C:\Program Files\Java\jdk-16.0.2\bin;C:\Program Files\Common Files\Tom Sawyer Software\10.0.0;C:\Program Files\Git\cmd;C:\Program Files\Microsoft SQL Server\130\Tools\Binn\;C:\Program Files (x86)\Microsoft SQL Server\110\DTS\Binn\;C:\Program Files (x86)\Microsoft SQL Server\120\DTS\Binn\;C:\Program Files (x86)\Microsoft SQL Server\130\DTS\Binn\;C:\Program Files (x86)\Microsoft SQL Server\140\DTS\Binn\;C:\Users\91914\AppData\Local\Microsoft\WindowsApps;C:\Program Files\Azure Data Studio\bin;C:\Users\91914\AppData\Local\GitHubDesktop\bin;
USERNAME=Lucifer
OS=Windows_NT
PROCESSOR_IDENTIFIER=Intel64 Family 6 Model 158 Stepping 10, GenuineIntel



---------------  S Y S T E M  ---------------

OS: Windows 10.0 , 64 bit Build 22000 (10.0.22000.318)

CPU:total 8 (initial active 8) (4 cores per cpu, 2 threads per core) family 6 model 158 stepping 10, cmov, cx8, fxsr, mmx, sse, sse2, sse3, ssse3, sse4.1, sse4.2, popcnt, avx, avx2, aes, clmul, erms, 3dnowpref, lzcnt, ht, tsc, tscinvbit, bmi1, bmi2, adx

Memory: 4k page, physical 16621812k(5508352k free), swap 23175412k(4803884k free)

vm_info: Java HotSpot(TM) 64-Bit Server VM (25.202-b08) for windows-amd64 JRE (1.8.0_202-b08), built on Dec 15 2018 19:54:30 by "java_re" with MS VC++ 10.0 (VS2010)

time: Sun Dec 12 21:48:56 2021
timezone: Eastern Standard Time
elapsed time: 52 seconds (0d 0h 0m 52s)

